[0.069s] Invoking command in '/home/ros/ws/build/turtlebot3_cartographer': CMAKE_PREFIX_PATH=${CMAKE_PREFIX_PATH}:/home/ros/ws/install/intervention_robot:/home/ros/ws/install/detection_robot:/home/ros/ws/install/control_coordination:/home/ros/ws/install/turtlebot3_teleop:/home/ros/ws/install/turtlebot3_example:/opt/ros/humble /usr/bin/cmake --build /home/ros/ws/build/turtlebot3_cartographer -- -j8 -l8
[1.495s] Invoked command in '/home/ros/ws/build/turtlebot3_cartographer' returned '0': CMAKE_PREFIX_PATH=${CMAKE_PREFIX_PATH}:/home/ros/ws/install/intervention_robot:/home/ros/ws/install/detection_robot:/home/ros/ws/install/control_coordination:/home/ros/ws/install/turtlebot3_teleop:/home/ros/ws/install/turtlebot3_example:/opt/ros/humble /usr/bin/cmake --build /home/ros/ws/build/turtlebot3_cartographer -- -j8 -l8
[1.497s] Invoking command in '/home/ros/ws/build/turtlebot3_cartographer': CMAKE_PREFIX_PATH=${CMAKE_PREFIX_PATH}:/home/ros/ws/install/intervention_robot:/home/ros/ws/install/detection_robot:/home/ros/ws/install/control_coordination:/home/ros/ws/install/turtlebot3_teleop:/home/ros/ws/install/turtlebot3_example:/opt/ros/humble /usr/bin/cmake --install /home/ros/ws/build/turtlebot3_cartographer
[1.527s] -- Install configuration: ""
[1.528s] -- Execute custom install script
[1.530s] -- Up-to-date symlink: /home/ros/ws/install/turtlebot3_cartographer/share/turtlebot3_cartographer/config/turtlebot3_lds_2d.lua
[1.530s] -- Up-to-date symlink: /home/ros/ws/install/turtlebot3_cartographer/share/turtlebot3_cartographer/launch/cartographer.launch.py
[1.531s] -- Up-to-date symlink: /home/ros/ws/install/turtlebot3_cartographer/share/turtlebot3_cartographer/launch/occupancy_grid.launch.py
[1.531s] -- Up-to-date symlink: /home/ros/ws/install/turtlebot3_cartographer/share/turtlebot3_cartographer/rviz/tb3_cartographer.rviz
[1.531s] -- Up-to-date symlink: /home/ros/ws/install/turtlebot3_cartographer/share/ament_index/resource_index/package_run_dependencies/turtlebot3_cartographer
[1.532s] -- Up-to-date symlink: /home/ros/ws/install/turtlebot3_cartographer/share/ament_index/resource_index/parent_prefix_path/turtlebot3_cartographer
[1.532s] -- Up-to-date symlink: /home/ros/ws/install/turtlebot3_cartographer/share/turtlebot3_cartographer/environment/ament_prefix_path.sh
[1.533s] -- Up-to-date symlink: /home/ros/ws/install/turtlebot3_cartographer/share/turtlebot3_cartographer/environment/ament_prefix_path.dsv
[1.533s] -- Up-to-date symlink: /home/ros/ws/install/turtlebot3_cartographer/share/turtlebot3_cartographer/environment/path.sh
[1.533s] -- Up-to-date symlink: /home/ros/ws/install/turtlebot3_cartographer/share/turtlebot3_cartographer/environment/path.dsv
[1.534s] -- Up-to-date symlink: /home/ros/ws/install/turtlebot3_cartographer/share/turtlebot3_cartographer/local_setup.bash
[1.534s] -- Up-to-date symlink: /home/ros/ws/install/turtlebot3_cartographer/share/turtlebot3_cartographer/local_setup.sh
[1.534s] -- Up-to-date symlink: /home/ros/ws/install/turtlebot3_cartographer/share/turtlebot3_cartographer/local_setup.zsh
[1.536s] -- Up-to-date symlink: /home/ros/ws/install/turtlebot3_cartographer/share/turtlebot3_cartographer/local_setup.dsv
[1.536s] -- Symlinking: /home/ros/ws/install/turtlebot3_cartographer/share/turtlebot3_cartographer/package.dsv
[1.542s] -- Up-to-date symlink: /home/ros/ws/install/turtlebot3_cartographer/share/ament_index/resource_index/packages/turtlebot3_cartographer
[1.543s] -- Up-to-date symlink: /home/ros/ws/install/turtlebot3_cartographer/share/turtlebot3_cartographer/cmake/turtlebot3_cartographerConfig.cmake
[1.544s] -- Up-to-date symlink: /home/ros/ws/install/turtlebot3_cartographer/share/turtlebot3_cartographer/cmake/turtlebot3_cartographerConfig-version.cmake
[1.544s] -- Up-to-date symlink: /home/ros/ws/install/turtlebot3_cartographer/share/turtlebot3_cartographer/package.xml
[1.699s] Invoked command in '/home/ros/ws/build/turtlebot3_cartographer' returned '0': CMAKE_PREFIX_PATH=${CMAKE_PREFIX_PATH}:/home/ros/ws/install/intervention_robot:/home/ros/ws/install/detection_robot:/home/ros/ws/install/control_coordination:/home/ros/ws/install/turtlebot3_teleop:/home/ros/ws/install/turtlebot3_example:/opt/ros/humble /usr/bin/cmake --install /home/ros/ws/build/turtlebot3_cartographer
