[0.323s] Invoking command in '/home/ros/ws/build/turtlebot3_navigation2': CMAKE_PREFIX_PATH=${CMAKE_PREFIX_PATH}:/home/ros/ws/install/turtlebot3_teleop:/home/ros/ws/install/turtlebot3_example:/opt/ros/humble /usr/bin/cmake --build /home/ros/ws/build/turtlebot3_navigation2 -- -j8 -l8
[0.648s] Invoked command in '/home/ros/ws/build/turtlebot3_navigation2' returned '0': CMAKE_PREFIX_PATH=${CMAKE_PREFIX_PATH}:/home/ros/ws/install/turtlebot3_teleop:/home/ros/ws/install/turtlebot3_example:/opt/ros/humble /usr/bin/cmake --build /home/ros/ws/build/turtlebot3_navigation2 -- -j8 -l8
[0.651s] Invoking command in '/home/ros/ws/build/turtlebot3_navigation2': CMAKE_PREFIX_PATH=${CMAKE_PREFIX_PATH}:/home/ros/ws/install/turtlebot3_teleop:/home/ros/ws/install/turtlebot3_example:/opt/ros/humble /usr/bin/cmake --install /home/ros/ws/build/turtlebot3_navigation2
[0.663s] -- Install configuration: ""
[0.663s] -- Execute custom install script
[0.664s] -- Up-to-date symlink: /home/ros/ws/install/turtlebot3_navigation2/share/turtlebot3_navigation2/launch/navigation2.launch.py
[0.665s] -- Up-to-date symlink: /home/ros/ws/install/turtlebot3_navigation2/share/turtlebot3_navigation2/map/map.pgm
[0.665s] -- Up-to-date symlink: /home/ros/ws/install/turtlebot3_navigation2/share/turtlebot3_navigation2/map/map.yaml
[0.665s] -- Up-to-date symlink: /home/ros/ws/install/turtlebot3_navigation2/share/turtlebot3_navigation2/param/burger.yaml
[0.666s] -- Up-to-date symlink: /home/ros/ws/install/turtlebot3_navigation2/share/turtlebot3_navigation2/param/waffle.yaml
[0.667s] -- Up-to-date symlink: /home/ros/ws/install/turtlebot3_navigation2/share/turtlebot3_navigation2/param/waffle_pi.yaml
[0.668s] -- Up-to-date symlink: /home/ros/ws/install/turtlebot3_navigation2/share/turtlebot3_navigation2/rviz/tb3_navigation2.rviz
[0.668s] -- Up-to-date symlink: /home/ros/ws/install/turtlebot3_navigation2/share/ament_index/resource_index/package_run_dependencies/turtlebot3_navigation2
[0.669s] -- Up-to-date symlink: /home/ros/ws/install/turtlebot3_navigation2/share/ament_index/resource_index/parent_prefix_path/turtlebot3_navigation2
[0.669s] -- Up-to-date symlink: /home/ros/ws/install/turtlebot3_navigation2/share/turtlebot3_navigation2/environment/ament_prefix_path.sh
[0.670s] -- Up-to-date symlink: /home/ros/ws/install/turtlebot3_navigation2/share/turtlebot3_navigation2/environment/ament_prefix_path.dsv
[0.671s] -- Up-to-date symlink: /home/ros/ws/install/turtlebot3_navigation2/share/turtlebot3_navigation2/environment/path.sh
[0.671s] -- Up-to-date symlink: /home/ros/ws/install/turtlebot3_navigation2/share/turtlebot3_navigation2/environment/path.dsv
[0.672s] -- Up-to-date symlink: /home/ros/ws/install/turtlebot3_navigation2/share/turtlebot3_navigation2/local_setup.bash
[0.672s] -- Up-to-date symlink: /home/ros/ws/install/turtlebot3_navigation2/share/turtlebot3_navigation2/local_setup.sh
[0.673s] -- Up-to-date symlink: /home/ros/ws/install/turtlebot3_navigation2/share/turtlebot3_navigation2/local_setup.zsh
[0.673s] -- Up-to-date symlink: /home/ros/ws/install/turtlebot3_navigation2/share/turtlebot3_navigation2/local_setup.dsv
[0.674s] -- Symlinking: /home/ros/ws/install/turtlebot3_navigation2/share/turtlebot3_navigation2/package.dsv
[0.683s] -- Up-to-date symlink: /home/ros/ws/install/turtlebot3_navigation2/share/ament_index/resource_index/packages/turtlebot3_navigation2
[0.683s] -- Up-to-date symlink: /home/ros/ws/install/turtlebot3_navigation2/share/turtlebot3_navigation2/cmake/turtlebot3_navigation2Config.cmake
[0.683s] -- Up-to-date symlink: /home/ros/ws/install/turtlebot3_navigation2/share/turtlebot3_navigation2/cmake/turtlebot3_navigation2Config-version.cmake
[0.684s] -- Up-to-date symlink: /home/ros/ws/install/turtlebot3_navigation2/share/turtlebot3_navigation2/package.xml
[1.125s] Invoked command in '/home/ros/ws/build/turtlebot3_navigation2' returned '0': CMAKE_PREFIX_PATH=${CMAKE_PREFIX_PATH}:/home/ros/ws/install/turtlebot3_teleop:/home/ros/ws/install/turtlebot3_example:/opt/ros/humble /usr/bin/cmake --install /home/ros/ws/build/turtlebot3_navigation2
