[6.420s] Invoking command in '/home/ros/ws/src/turtlebot3/turtlebot3_teleop': PYTHONPATH=/home/ros/ws/build/turtlebot3_teleop/prefix_override:/usr/lib/python3/dist-packages/colcon_core/task/python/colcon_distutils_commands:/home/ros/ws/install/turtlebot3_teleop/lib/python3.10/site-packages:${PYTHONPATH} /usr/bin/python3 -W ignore:setup.py install is deprecated -W ignore:easy_install command is deprecated setup.py egg_info --egg-base ../../../build/turtlebot3_teleop build --build-base /home/ros/ws/build/turtlebot3_teleop/build install --record /home/ros/ws/build/turtlebot3_teleop/install.log --single-version-externally-managed install_data
[7.743s] running egg_info
[7.747s] writing ../../../build/turtlebot3_teleop/turtlebot3_teleop.egg-info/PKG-INFO
[7.748s] writing dependency_links to ../../../build/turtlebot3_teleop/turtlebot3_teleop.egg-info/dependency_links.txt
[7.749s] writing entry points to ../../../build/turtlebot3_teleop/turtlebot3_teleop.egg-info/entry_points.txt
[7.750s] writing requirements to ../../../build/turtlebot3_teleop/turtlebot3_teleop.egg-info/requires.txt
[7.771s] writing top-level names to ../../../build/turtlebot3_teleop/turtlebot3_teleop.egg-info/top_level.txt
[7.773s] reading manifest file '../../../build/turtlebot3_teleop/turtlebot3_teleop.egg-info/SOURCES.txt'
[7.773s] writing manifest file '../../../build/turtlebot3_teleop/turtlebot3_teleop.egg-info/SOURCES.txt'
[7.775s] running build
[7.776s] running build_py
[7.780s] running install
[7.781s] running install_lib
[7.790s] running install_data
[7.791s] running install_egg_info
[7.799s] removing '/home/ros/ws/install/turtlebot3_teleop/lib/python3.10/site-packages/turtlebot3_teleop-2.1.5-py3.10.egg-info' (and everything under it)
[7.800s] Copying ../../../build/turtlebot3_teleop/turtlebot3_teleop.egg-info to /home/ros/ws/install/turtlebot3_teleop/lib/python3.10/site-packages/turtlebot3_teleop-2.1.5-py3.10.egg-info
[7.804s] running install_scripts
[7.924s] Installing teleop_keyboard script to /home/ros/ws/install/turtlebot3_teleop/lib/turtlebot3_teleop
[7.928s] writing list of installed files to '/home/ros/ws/build/turtlebot3_teleop/install.log'
[8.099s] Invoked command in '/home/ros/ws/src/turtlebot3/turtlebot3_teleop' returned '0': PYTHONPATH=/home/ros/ws/build/turtlebot3_teleop/prefix_override:/usr/lib/python3/dist-packages/colcon_core/task/python/colcon_distutils_commands:/home/ros/ws/install/turtlebot3_teleop/lib/python3.10/site-packages:${PYTHONPATH} /usr/bin/python3 -W ignore:setup.py install is deprecated -W ignore:easy_install command is deprecated setup.py egg_info --egg-base ../../../build/turtlebot3_teleop build --build-base /home/ros/ws/build/turtlebot3_teleop/build install --record /home/ros/ws/build/turtlebot3_teleop/install.log --single-version-externally-managed install_data
