[1.413s] Invoking command in '/home/ros/ws/build/turtlebot3': AMENT_PREFIX_PATH=/home/ros/ws/install/turtlebot3_bringup:/home/ros/ws/install/turtlebot3_teleop:/home/ros/ws/install/turtlebot3_node:/home/ros/ws/install/turtlebot3_navigation2:/home/ros/ws/install/turtlebot3_example:/home/ros/ws/install/turtlebot3_description:/home/ros/ws/install/turtlebot3_cartographer:${AMENT_PREFIX_PATH} CMAKE_PREFIX_PATH=/home/ros/ws/install/turtlebot3_bringup:/home/ros/ws/install/turtlebot3_node:/home/ros/ws/install/turtlebot3_navigation2:/home/ros/ws/install/turtlebot3_description:/home/ros/ws/install/turtlebot3_cartographer:/opt/ros/humble PYTHONPATH=/home/ros/ws/install/turtlebot3_teleop/lib/python3.10/site-packages:/home/ros/ws/install/turtlebot3_example/lib/python3.10/site-packages:${PYTHONPATH} /usr/bin/cmake /home/ros/ws/src/turtlebot3/turtlebot3 -DCMAKE_INSTALL_PREFIX=/home/ros/ws/install/turtlebot3
[1.448s] -- Found ament_cmake: 1.3.11 (/opt/ros/humble/share/ament_cmake/cmake)
[1.967s] -- Override CMake install command with custom implementation using symlinks instead of copying resources
[2.297s] -- Configuring done
[2.304s] -- Generating done
[2.314s] -- Build files have been written to: /home/ros/ws/build/turtlebot3
[2.320s] Invoked command in '/home/ros/ws/build/turtlebot3' returned '0': AMENT_PREFIX_PATH=/home/ros/ws/install/turtlebot3_bringup:/home/ros/ws/install/turtlebot3_teleop:/home/ros/ws/install/turtlebot3_node:/home/ros/ws/install/turtlebot3_navigation2:/home/ros/ws/install/turtlebot3_example:/home/ros/ws/install/turtlebot3_description:/home/ros/ws/install/turtlebot3_cartographer:${AMENT_PREFIX_PATH} CMAKE_PREFIX_PATH=/home/ros/ws/install/turtlebot3_bringup:/home/ros/ws/install/turtlebot3_node:/home/ros/ws/install/turtlebot3_navigation2:/home/ros/ws/install/turtlebot3_description:/home/ros/ws/install/turtlebot3_cartographer:/opt/ros/humble PYTHONPATH=/home/ros/ws/install/turtlebot3_teleop/lib/python3.10/site-packages:/home/ros/ws/install/turtlebot3_example/lib/python3.10/site-packages:${PYTHONPATH} /usr/bin/cmake /home/ros/ws/src/turtlebot3/turtlebot3 -DCMAKE_INSTALL_PREFIX=/home/ros/ws/install/turtlebot3
[2.323s] Invoking command in '/home/ros/ws/build/turtlebot3': AMENT_PREFIX_PATH=/home/ros/ws/install/turtlebot3_bringup:/home/ros/ws/install/turtlebot3_teleop:/home/ros/ws/install/turtlebot3_node:/home/ros/ws/install/turtlebot3_navigation2:/home/ros/ws/install/turtlebot3_example:/home/ros/ws/install/turtlebot3_description:/home/ros/ws/install/turtlebot3_cartographer:${AMENT_PREFIX_PATH} CMAKE_PREFIX_PATH=/home/ros/ws/install/turtlebot3_bringup:/home/ros/ws/install/turtlebot3_node:/home/ros/ws/install/turtlebot3_navigation2:/home/ros/ws/install/turtlebot3_description:/home/ros/ws/install/turtlebot3_cartographer:/opt/ros/humble PYTHONPATH=/home/ros/ws/install/turtlebot3_teleop/lib/python3.10/site-packages:/home/ros/ws/install/turtlebot3_example/lib/python3.10/site-packages:${PYTHONPATH} /usr/bin/cmake --build /home/ros/ws/build/turtlebot3 -- -j8 -l8
[2.425s] Invoked command in '/home/ros/ws/build/turtlebot3' returned '0': AMENT_PREFIX_PATH=/home/ros/ws/install/turtlebot3_bringup:/home/ros/ws/install/turtlebot3_teleop:/home/ros/ws/install/turtlebot3_node:/home/ros/ws/install/turtlebot3_navigation2:/home/ros/ws/install/turtlebot3_example:/home/ros/ws/install/turtlebot3_description:/home/ros/ws/install/turtlebot3_cartographer:${AMENT_PREFIX_PATH} CMAKE_PREFIX_PATH=/home/ros/ws/install/turtlebot3_bringup:/home/ros/ws/install/turtlebot3_node:/home/ros/ws/install/turtlebot3_navigation2:/home/ros/ws/install/turtlebot3_description:/home/ros/ws/install/turtlebot3_cartographer:/opt/ros/humble PYTHONPATH=/home/ros/ws/install/turtlebot3_teleop/lib/python3.10/site-packages:/home/ros/ws/install/turtlebot3_example/lib/python3.10/site-packages:${PYTHONPATH} /usr/bin/cmake --build /home/ros/ws/build/turtlebot3 -- -j8 -l8
[2.431s] Invoking command in '/home/ros/ws/build/turtlebot3': AMENT_PREFIX_PATH=/home/ros/ws/install/turtlebot3_bringup:/home/ros/ws/install/turtlebot3_teleop:/home/ros/ws/install/turtlebot3_node:/home/ros/ws/install/turtlebot3_navigation2:/home/ros/ws/install/turtlebot3_example:/home/ros/ws/install/turtlebot3_description:/home/ros/ws/install/turtlebot3_cartographer:${AMENT_PREFIX_PATH} CMAKE_PREFIX_PATH=/home/ros/ws/install/turtlebot3_bringup:/home/ros/ws/install/turtlebot3_node:/home/ros/ws/install/turtlebot3_navigation2:/home/ros/ws/install/turtlebot3_description:/home/ros/ws/install/turtlebot3_cartographer:/opt/ros/humble PYTHONPATH=/home/ros/ws/install/turtlebot3_teleop/lib/python3.10/site-packages:/home/ros/ws/install/turtlebot3_example/lib/python3.10/site-packages:${PYTHONPATH} /usr/bin/cmake --install /home/ros/ws/build/turtlebot3
[2.444s] -- Install configuration: ""
[2.444s] -- Execute custom install script
[2.445s] -- Up-to-date symlink: /home/ros/ws/install/turtlebot3/share/ament_index/resource_index/package_run_dependencies/turtlebot3
[2.446s] -- Up-to-date symlink: /home/ros/ws/install/turtlebot3/share/ament_index/resource_index/parent_prefix_path/turtlebot3
[2.446s] -- Up-to-date symlink: /home/ros/ws/install/turtlebot3/share/turtlebot3/environment/ament_prefix_path.sh
[2.447s] -- Up-to-date symlink: /home/ros/ws/install/turtlebot3/share/turtlebot3/environment/ament_prefix_path.dsv
[2.447s] -- Up-to-date symlink: /home/ros/ws/install/turtlebot3/share/turtlebot3/environment/path.sh
[2.447s] -- Up-to-date symlink: /home/ros/ws/install/turtlebot3/share/turtlebot3/environment/path.dsv
[2.448s] -- Up-to-date symlink: /home/ros/ws/install/turtlebot3/share/turtlebot3/local_setup.bash
[2.448s] -- Up-to-date symlink: /home/ros/ws/install/turtlebot3/share/turtlebot3/local_setup.sh
[2.449s] -- Up-to-date symlink: /home/ros/ws/install/turtlebot3/share/turtlebot3/local_setup.zsh
[2.449s] -- Up-to-date symlink: /home/ros/ws/install/turtlebot3/share/turtlebot3/local_setup.dsv
[2.450s] -- Symlinking: /home/ros/ws/install/turtlebot3/share/turtlebot3/package.dsv
[2.470s] -- Up-to-date symlink: /home/ros/ws/install/turtlebot3/share/ament_index/resource_index/packages/turtlebot3
[2.470s] -- Up-to-date symlink: /home/ros/ws/install/turtlebot3/share/turtlebot3/cmake/turtlebot3Config.cmake
[2.471s] -- Up-to-date symlink: /home/ros/ws/install/turtlebot3/share/turtlebot3/cmake/turtlebot3Config-version.cmake
[2.471s] -- Up-to-date symlink: /home/ros/ws/install/turtlebot3/share/turtlebot3/package.xml
[2.477s] Invoked command in '/home/ros/ws/build/turtlebot3' returned '0': AMENT_PREFIX_PATH=/home/ros/ws/install/turtlebot3_bringup:/home/ros/ws/install/turtlebot3_teleop:/home/ros/ws/install/turtlebot3_node:/home/ros/ws/install/turtlebot3_navigation2:/home/ros/ws/install/turtlebot3_example:/home/ros/ws/install/turtlebot3_description:/home/ros/ws/install/turtlebot3_cartographer:${AMENT_PREFIX_PATH} CMAKE_PREFIX_PATH=/home/ros/ws/install/turtlebot3_bringup:/home/ros/ws/install/turtlebot3_node:/home/ros/ws/install/turtlebot3_navigation2:/home/ros/ws/install/turtlebot3_description:/home/ros/ws/install/turtlebot3_cartographer:/opt/ros/humble PYTHONPATH=/home/ros/ws/install/turtlebot3_teleop/lib/python3.10/site-packages:/home/ros/ws/install/turtlebot3_example/lib/python3.10/site-packages:${PYTHONPATH} /usr/bin/cmake --install /home/ros/ws/build/turtlebot3
