[5.580s] Invoking command in '/home/ros/ws/build/turtlebot3_example': PYTHONPATH=/home/ros/ws/build/turtlebot3_example/prefix_override:/usr/lib/python3/dist-packages/colcon_core/task/python/colcon_distutils_commands:/home/ros/ws/install/turtlebot3_example/lib/python3.10/site-packages:${PYTHONPATH} /usr/bin/python3 -W ignore:setup.py install is deprecated -W ignore:easy_install command is deprecated setup.py develop --editable --build-directory /home/ros/ws/build/turtlebot3_example/build --no-deps symlink_data
[6.642s] running develop
[7.212s] running egg_info
[7.213s] writing turtlebot3_example.egg-info/PKG-INFO
[7.214s] writing dependency_links to turtlebot3_example.egg-info/dependency_links.txt
[7.216s] writing entry points to turtlebot3_example.egg-info/entry_points.txt
[7.216s] writing requirements to turtlebot3_example.egg-info/requires.txt
[7.217s] writing top-level names to turtlebot3_example.egg-info/top_level.txt
[7.231s] reading manifest file 'turtlebot3_example.egg-info/SOURCES.txt'
[7.237s] writing manifest file 'turtlebot3_example.egg-info/SOURCES.txt'
[7.243s] running build_ext
[7.243s] Creating /home/ros/ws/install/turtlebot3_example/lib/python3.10/site-packages/turtlebot3-example.egg-link (link to .)
[7.247s] Installing turtlebot3_obstacle_detection script to /home/ros/ws/install/turtlebot3_example/lib/turtlebot3_example
[7.250s] Installing turtlebot3_patrol_client script to /home/ros/ws/install/turtlebot3_example/lib/turtlebot3_example
[7.250s] Installing turtlebot3_patrol_server script to /home/ros/ws/install/turtlebot3_example/lib/turtlebot3_example
[7.250s] Installing turtlebot3_position_control script to /home/ros/ws/install/turtlebot3_example/lib/turtlebot3_example
[7.252s] 
[7.252s] Installed /home/ros/ws/build/turtlebot3_example
[7.253s] running symlink_data
[7.443s] Invoked command in '/home/ros/ws/build/turtlebot3_example' returned '0': PYTHONPATH=/home/ros/ws/build/turtlebot3_example/prefix_override:/usr/lib/python3/dist-packages/colcon_core/task/python/colcon_distutils_commands:/home/ros/ws/install/turtlebot3_example/lib/python3.10/site-packages:${PYTHONPATH} /usr/bin/python3 -W ignore:setup.py install is deprecated -W ignore:easy_install command is deprecated setup.py develop --editable --build-directory /home/ros/ws/build/turtlebot3_example/build --no-deps symlink_data
