[0.070s] Invoking command in '/home/ros/ws/build/turtlebot3_node': CMAKE_PREFIX_PATH=${CMAKE_PREFIX_PATH}:/home/ros/ws/install/turtlebot3_teleop:/home/ros/ws/install/turtlebot3_example:/opt/ros/humble /usr/bin/cmake --build /home/ros/ws/build/turtlebot3_node -- -j8 -l8
[1.287s] [ 85%] Built target turtlebot3_node_lib
[1.287s] [100%] Built target turtlebot3_ros
[1.306s] Invoked command in '/home/ros/ws/build/turtlebot3_node' returned '0': CMAKE_PREFIX_PATH=${CMAKE_PREFIX_PATH}:/home/ros/ws/install/turtlebot3_teleop:/home/ros/ws/install/turtlebot3_example:/opt/ros/humble /usr/bin/cmake --build /home/ros/ws/build/turtlebot3_node -- -j8 -l8
[1.308s] Invoking command in '/home/ros/ws/build/turtlebot3_node': CMAKE_PREFIX_PATH=${CMAKE_PREFIX_PATH}:/home/ros/ws/install/turtlebot3_teleop:/home/ros/ws/install/turtlebot3_example:/opt/ros/humble /usr/bin/cmake --install /home/ros/ws/build/turtlebot3_node
[1.324s] -- Install configuration: ""
[1.325s] -- Execute custom install script
[1.325s] -- Up-to-date symlink: /home/ros/ws/install/turtlebot3_node/share/turtlebot3_node/param/burger.yaml
[1.325s] -- Up-to-date symlink: /home/ros/ws/install/turtlebot3_node/share/turtlebot3_node/param/waffle.yaml
[1.325s] -- Up-to-date symlink: /home/ros/ws/install/turtlebot3_node/share/turtlebot3_node/param/waffle_pi.yaml
[1.325s] -- Up-to-date symlink: /home/ros/ws/install/turtlebot3_node/lib/turtlebot3_node/turtlebot3_ros
[1.325s] -- Up-to-date symlink: /home/ros/ws/install/turtlebot3_node/share/ament_index/resource_index/package_run_dependencies/turtlebot3_node
[1.325s] -- Up-to-date symlink: /home/ros/ws/install/turtlebot3_node/share/ament_index/resource_index/parent_prefix_path/turtlebot3_node
[1.325s] -- Up-to-date symlink: /home/ros/ws/install/turtlebot3_node/share/turtlebot3_node/environment/ament_prefix_path.sh
[1.325s] -- Up-to-date symlink: /home/ros/ws/install/turtlebot3_node/share/turtlebot3_node/environment/ament_prefix_path.dsv
[1.326s] -- Up-to-date symlink: /home/ros/ws/install/turtlebot3_node/share/turtlebot3_node/environment/path.sh
[1.326s] -- Up-to-date symlink: /home/ros/ws/install/turtlebot3_node/share/turtlebot3_node/environment/path.dsv
[1.326s] -- Up-to-date symlink: /home/ros/ws/install/turtlebot3_node/share/turtlebot3_node/local_setup.bash
[1.326s] -- Up-to-date symlink: /home/ros/ws/install/turtlebot3_node/share/turtlebot3_node/local_setup.sh
[1.327s] -- Up-to-date symlink: /home/ros/ws/install/turtlebot3_node/share/turtlebot3_node/local_setup.zsh
[1.327s] -- Up-to-date symlink: /home/ros/ws/install/turtlebot3_node/share/turtlebot3_node/local_setup.dsv
[1.327s] -- Symlinking: /home/ros/ws/install/turtlebot3_node/share/turtlebot3_node/package.dsv
[1.338s] -- Up-to-date symlink: /home/ros/ws/install/turtlebot3_node/share/ament_index/resource_index/packages/turtlebot3_node
[1.339s] -- Up-to-date symlink: /home/ros/ws/install/turtlebot3_node/share/turtlebot3_node/cmake/ament_cmake_export_include_directories-extras.cmake
[1.340s] -- Up-to-date symlink: /home/ros/ws/install/turtlebot3_node/share/turtlebot3_node/cmake/turtlebot3_nodeConfig.cmake
[1.340s] -- Up-to-date symlink: /home/ros/ws/install/turtlebot3_node/share/turtlebot3_node/cmake/turtlebot3_nodeConfig-version.cmake
[1.342s] -- Up-to-date symlink: /home/ros/ws/install/turtlebot3_node/share/turtlebot3_node/package.xml
[1.424s] Invoked command in '/home/ros/ws/build/turtlebot3_node' returned '0': CMAKE_PREFIX_PATH=${CMAKE_PREFIX_PATH}:/home/ros/ws/install/turtlebot3_teleop:/home/ros/ws/install/turtlebot3_example:/opt/ros/humble /usr/bin/cmake --install /home/ros/ws/build/turtlebot3_node
