[1.302s] Invoking command in '/home/ros/ws/src/turtlebot3/turtlebot3_teleop': PYTHONPATH=/home/ros/ws/src/build/turtlebot3_teleop/prefix_override:/usr/lib/python3/dist-packages/colcon_core/task/python/colcon_distutils_commands:/home/ros/ws/src/install/turtlebot3_teleop/lib/python3.10/site-packages:${PYTHONPATH} /usr/bin/python3 -W ignore:setup.py install is deprecated -W ignore:easy_install command is deprecated setup.py egg_info --egg-base ../../build/turtlebot3_teleop build --build-base /home/ros/ws/src/build/turtlebot3_teleop/build install --record /home/ros/ws/src/build/turtlebot3_teleop/install.log --single-version-externally-managed install_data
[1.657s] running egg_info
[1.658s] creating ../../build/turtlebot3_teleop/turtlebot3_teleop.egg-info
[1.658s] writing ../../build/turtlebot3_teleop/turtlebot3_teleop.egg-info/PKG-INFO
[1.658s] writing dependency_links to ../../build/turtlebot3_teleop/turtlebot3_teleop.egg-info/dependency_links.txt
[1.659s] writing entry points to ../../build/turtlebot3_teleop/turtlebot3_teleop.egg-info/entry_points.txt
[1.659s] writing requirements to ../../build/turtlebot3_teleop/turtlebot3_teleop.egg-info/requires.txt
[1.659s] writing top-level names to ../../build/turtlebot3_teleop/turtlebot3_teleop.egg-info/top_level.txt
[1.659s] writing manifest file '../../build/turtlebot3_teleop/turtlebot3_teleop.egg-info/SOURCES.txt'
[1.662s] reading manifest file '../../build/turtlebot3_teleop/turtlebot3_teleop.egg-info/SOURCES.txt'
[1.663s] writing manifest file '../../build/turtlebot3_teleop/turtlebot3_teleop.egg-info/SOURCES.txt'
[1.663s] running build
[1.663s] running build_py
[1.664s] creating /home/ros/ws/src/build/turtlebot3_teleop/build
[1.664s] creating /home/ros/ws/src/build/turtlebot3_teleop/build/lib
[1.664s] creating /home/ros/ws/src/build/turtlebot3_teleop/build/lib/turtlebot3_teleop
[1.665s] copying turtlebot3_teleop/__init__.py -> /home/ros/ws/src/build/turtlebot3_teleop/build/lib/turtlebot3_teleop
[1.666s] creating /home/ros/ws/src/build/turtlebot3_teleop/build/lib/turtlebot3_teleop/script
[1.666s] copying turtlebot3_teleop/script/__init__.py -> /home/ros/ws/src/build/turtlebot3_teleop/build/lib/turtlebot3_teleop/script
[1.667s] copying turtlebot3_teleop/script/teleop_keyboard.py -> /home/ros/ws/src/build/turtlebot3_teleop/build/lib/turtlebot3_teleop/script
[1.667s] running install
[1.668s] running install_lib
[1.669s] creating /home/ros/ws/src/install/turtlebot3_teleop/lib/python3.10/site-packages/turtlebot3_teleop
[1.669s] creating /home/ros/ws/src/install/turtlebot3_teleop/lib/python3.10/site-packages/turtlebot3_teleop/script
[1.670s] copying /home/ros/ws/src/build/turtlebot3_teleop/build/lib/turtlebot3_teleop/script/__init__.py -> /home/ros/ws/src/install/turtlebot3_teleop/lib/python3.10/site-packages/turtlebot3_teleop/script
[1.671s] copying /home/ros/ws/src/build/turtlebot3_teleop/build/lib/turtlebot3_teleop/script/teleop_keyboard.py -> /home/ros/ws/src/install/turtlebot3_teleop/lib/python3.10/site-packages/turtlebot3_teleop/script
[1.671s] copying /home/ros/ws/src/build/turtlebot3_teleop/build/lib/turtlebot3_teleop/__init__.py -> /home/ros/ws/src/install/turtlebot3_teleop/lib/python3.10/site-packages/turtlebot3_teleop
[1.672s] byte-compiling /home/ros/ws/src/install/turtlebot3_teleop/lib/python3.10/site-packages/turtlebot3_teleop/script/__init__.py to __init__.cpython-310.pyc
[1.673s] byte-compiling /home/ros/ws/src/install/turtlebot3_teleop/lib/python3.10/site-packages/turtlebot3_teleop/script/teleop_keyboard.py to teleop_keyboard.cpython-310.pyc
[1.673s] byte-compiling /home/ros/ws/src/install/turtlebot3_teleop/lib/python3.10/site-packages/turtlebot3_teleop/__init__.py to __init__.cpython-310.pyc
[1.674s] running install_data
[1.674s] creating /home/ros/ws/src/install/turtlebot3_teleop/share/ament_index
[1.674s] creating /home/ros/ws/src/install/turtlebot3_teleop/share/ament_index/resource_index
[1.675s] creating /home/ros/ws/src/install/turtlebot3_teleop/share/ament_index/resource_index/packages
[1.675s] copying resource/turtlebot3_teleop -> /home/ros/ws/src/install/turtlebot3_teleop/share/ament_index/resource_index/packages
[1.675s] copying package.xml -> /home/ros/ws/src/install/turtlebot3_teleop/share/turtlebot3_teleop
[1.675s] running install_egg_info
[1.678s] Copying ../../build/turtlebot3_teleop/turtlebot3_teleop.egg-info to /home/ros/ws/src/install/turtlebot3_teleop/lib/python3.10/site-packages/turtlebot3_teleop-2.1.5-py3.10.egg-info
[1.679s] running install_scripts
[1.708s] Installing teleop_keyboard script to /home/ros/ws/src/install/turtlebot3_teleop/lib/turtlebot3_teleop
[1.709s] writing list of installed files to '/home/ros/ws/src/build/turtlebot3_teleop/install.log'
[1.761s] Invoked command in '/home/ros/ws/src/turtlebot3/turtlebot3_teleop' returned '0': PYTHONPATH=/home/ros/ws/src/build/turtlebot3_teleop/prefix_override:/usr/lib/python3/dist-packages/colcon_core/task/python/colcon_distutils_commands:/home/ros/ws/src/install/turtlebot3_teleop/lib/python3.10/site-packages:${PYTHONPATH} /usr/bin/python3 -W ignore:setup.py install is deprecated -W ignore:easy_install command is deprecated setup.py egg_info --egg-base ../../build/turtlebot3_teleop build --build-base /home/ros/ws/src/build/turtlebot3_teleop/build install --record /home/ros/ws/src/build/turtlebot3_teleop/install.log --single-version-externally-managed install_data
