[0.530s] Invoking command in '/home/ros/ws/build/turtlebot3': AMENT_PREFIX_PATH=/home/ros/ws/install/turtlebot3_teleop:/home/ros/ws/install/turtlebot3_example:/home/ros/ws/install/turtlebot3:/home/ros/ws/install/turtlebot3_bringup:/home/ros/ws/install/turtlebot3_node:/home/ros/ws/install/turtlebot3_navigation2:/home/ros/ws/install/turtlebot3_description:/home/ros/ws/install/turtlebot3_cartographer:/opt/ros/humble CMAKE_PREFIX_PATH=/home/ros/ws/install/turtlebot3_bringup:/home/ros/ws/install/turtlebot3_node:/home/ros/ws/install/turtlebot3_navigation2:/home/ros/ws/install/turtlebot3_description:/home/ros/ws/install/turtlebot3_cartographer:/home/ros/ws/install/turtlebot3:/home/ros/ws/install/turtlebot3_teleop:/home/ros/ws/install/turtlebot3_example:/opt/ros/humble /usr/bin/cmake --build /home/ros/ws/build/turtlebot3 -- -j8 -l8
[0.569s] Invoked command in '/home/ros/ws/build/turtlebot3' returned '0': AMENT_PREFIX_PATH=/home/ros/ws/install/turtlebot3_teleop:/home/ros/ws/install/turtlebot3_example:/home/ros/ws/install/turtlebot3:/home/ros/ws/install/turtlebot3_bringup:/home/ros/ws/install/turtlebot3_node:/home/ros/ws/install/turtlebot3_navigation2:/home/ros/ws/install/turtlebot3_description:/home/ros/ws/install/turtlebot3_cartographer:/opt/ros/humble CMAKE_PREFIX_PATH=/home/ros/ws/install/turtlebot3_bringup:/home/ros/ws/install/turtlebot3_node:/home/ros/ws/install/turtlebot3_navigation2:/home/ros/ws/install/turtlebot3_description:/home/ros/ws/install/turtlebot3_cartographer:/home/ros/ws/install/turtlebot3:/home/ros/ws/install/turtlebot3_teleop:/home/ros/ws/install/turtlebot3_example:/opt/ros/humble /usr/bin/cmake --build /home/ros/ws/build/turtlebot3 -- -j8 -l8
[0.572s] Invoking command in '/home/ros/ws/build/turtlebot3': AMENT_PREFIX_PATH=/home/ros/ws/install/turtlebot3_teleop:/home/ros/ws/install/turtlebot3_example:/home/ros/ws/install/turtlebot3:/home/ros/ws/install/turtlebot3_bringup:/home/ros/ws/install/turtlebot3_node:/home/ros/ws/install/turtlebot3_navigation2:/home/ros/ws/install/turtlebot3_description:/home/ros/ws/install/turtlebot3_cartographer:/opt/ros/humble CMAKE_PREFIX_PATH=/home/ros/ws/install/turtlebot3_bringup:/home/ros/ws/install/turtlebot3_node:/home/ros/ws/install/turtlebot3_navigation2:/home/ros/ws/install/turtlebot3_description:/home/ros/ws/install/turtlebot3_cartographer:/home/ros/ws/install/turtlebot3:/home/ros/ws/install/turtlebot3_teleop:/home/ros/ws/install/turtlebot3_example:/opt/ros/humble /usr/bin/cmake --install /home/ros/ws/build/turtlebot3
[0.580s] -- Install configuration: ""
[0.580s] -- Up-to-date: /home/ros/ws/install/turtlebot3/share/ament_index/resource_index/package_run_dependencies/turtlebot3
[0.580s] -- Up-to-date: /home/ros/ws/install/turtlebot3/share/ament_index/resource_index/parent_prefix_path/turtlebot3
[0.580s] -- Up-to-date: /home/ros/ws/install/turtlebot3/share/turtlebot3/environment/ament_prefix_path.sh
[0.581s] -- Up-to-date: /home/ros/ws/install/turtlebot3/share/turtlebot3/environment/ament_prefix_path.dsv
[0.581s] -- Up-to-date: /home/ros/ws/install/turtlebot3/share/turtlebot3/environment/path.sh
[0.581s] -- Up-to-date: /home/ros/ws/install/turtlebot3/share/turtlebot3/environment/path.dsv
[0.581s] -- Up-to-date: /home/ros/ws/install/turtlebot3/share/turtlebot3/local_setup.bash
[0.581s] -- Up-to-date: /home/ros/ws/install/turtlebot3/share/turtlebot3/local_setup.sh
[0.582s] -- Up-to-date: /home/ros/ws/install/turtlebot3/share/turtlebot3/local_setup.zsh
[0.582s] -- Up-to-date: /home/ros/ws/install/turtlebot3/share/turtlebot3/local_setup.dsv
[0.582s] -- Installing: /home/ros/ws/install/turtlebot3/share/turtlebot3/package.dsv
[0.582s] -- Up-to-date: /home/ros/ws/install/turtlebot3/share/ament_index/resource_index/packages/turtlebot3
[0.582s] -- Up-to-date: /home/ros/ws/install/turtlebot3/share/turtlebot3/cmake/turtlebot3Config.cmake
[0.582s] -- Up-to-date: /home/ros/ws/install/turtlebot3/share/turtlebot3/cmake/turtlebot3Config-version.cmake
[0.582s] -- Up-to-date: /home/ros/ws/install/turtlebot3/share/turtlebot3/package.xml
[0.584s] Invoked command in '/home/ros/ws/build/turtlebot3' returned '0': AMENT_PREFIX_PATH=/home/ros/ws/install/turtlebot3_teleop:/home/ros/ws/install/turtlebot3_example:/home/ros/ws/install/turtlebot3:/home/ros/ws/install/turtlebot3_bringup:/home/ros/ws/install/turtlebot3_node:/home/ros/ws/install/turtlebot3_navigation2:/home/ros/ws/install/turtlebot3_description:/home/ros/ws/install/turtlebot3_cartographer:/opt/ros/humble CMAKE_PREFIX_PATH=/home/ros/ws/install/turtlebot3_bringup:/home/ros/ws/install/turtlebot3_node:/home/ros/ws/install/turtlebot3_navigation2:/home/ros/ws/install/turtlebot3_description:/home/ros/ws/install/turtlebot3_cartographer:/home/ros/ws/install/turtlebot3:/home/ros/ws/install/turtlebot3_teleop:/home/ros/ws/install/turtlebot3_example:/opt/ros/humble /usr/bin/cmake --install /home/ros/ws/build/turtlebot3
