[7.422s] Invoking command in '/home/ros/ws/src/detection_robot': PYTHONPATH=/home/ros/ws/build/detection_robot/prefix_override:/usr/lib/python3/dist-packages/colcon_core/task/python/colcon_distutils_commands:/home/ros/ws/install/detection_robot/lib/python3.10/site-packages:${PYTHONPATH} /usr/bin/python3 -W ignore:setup.py install is deprecated -W ignore:easy_install command is deprecated setup.py egg_info --egg-base ../../build/detection_robot build --build-base /home/ros/ws/build/detection_robot/build install --record /home/ros/ws/build/detection_robot/install.log --single-version-externally-managed install_data
[8.643s] running egg_info
[8.647s] writing ../../build/detection_robot/detection_robot.egg-info/PKG-INFO
[8.647s] writing dependency_links to ../../build/detection_robot/detection_robot.egg-info/dependency_links.txt
[8.648s] writing entry points to ../../build/detection_robot/detection_robot.egg-info/entry_points.txt
[8.648s] writing requirements to ../../build/detection_robot/detection_robot.egg-info/requires.txt
[8.648s] writing top-level names to ../../build/detection_robot/detection_robot.egg-info/top_level.txt
[8.655s] reading manifest file '../../build/detection_robot/detection_robot.egg-info/SOURCES.txt'
[8.656s] writing manifest file '../../build/detection_robot/detection_robot.egg-info/SOURCES.txt'
[8.656s] running build
[8.657s] running build_py
[8.657s] running install
[8.659s] running install_lib
[8.663s] running install_data
[8.664s] running install_egg_info
[8.669s] removing '/home/ros/ws/install/detection_robot/lib/python3.10/site-packages/detection_robot-0.0.0-py3.10.egg-info' (and everything under it)
[8.669s] Copying ../../build/detection_robot/detection_robot.egg-info to /home/ros/ws/install/detection_robot/lib/python3.10/site-packages/detection_robot-0.0.0-py3.10.egg-info
[8.678s] running install_scripts
[8.760s] Installing detection_robot script to /home/ros/ws/install/detection_robot/lib/detection_robot
[8.761s] writing list of installed files to '/home/ros/ws/build/detection_robot/install.log'
[8.862s] Invoked command in '/home/ros/ws/src/detection_robot' returned '0': PYTHONPATH=/home/ros/ws/build/detection_robot/prefix_override:/usr/lib/python3/dist-packages/colcon_core/task/python/colcon_distutils_commands:/home/ros/ws/install/detection_robot/lib/python3.10/site-packages:${PYTHONPATH} /usr/bin/python3 -W ignore:setup.py install is deprecated -W ignore:easy_install command is deprecated setup.py egg_info --egg-base ../../build/detection_robot build --build-base /home/ros/ws/build/detection_robot/build install --record /home/ros/ws/build/detection_robot/install.log --single-version-externally-managed install_data
