running egg_info
creating ../../build/detection_robot/detection_robot.egg-info
writing ../../build/detection_robot/detection_robot.egg-info/PKG-INFO
writing dependency_links to ../../build/detection_robot/detection_robot.egg-info/dependency_links.txt
writing entry points to ../../build/detection_robot/detection_robot.egg-info/entry_points.txt
writing requirements to ../../build/detection_robot/detection_robot.egg-info/requires.txt
writing top-level names to ../../build/detection_robot/detection_robot.egg-info/top_level.txt
writing manifest file '../../build/detection_robot/detection_robot.egg-info/SOURCES.txt'
reading manifest file '../../build/detection_robot/detection_robot.egg-info/SOURCES.txt'
writing manifest file '../../build/detection_robot/detection_robot.egg-info/SOURCES.txt'
running build
running build_py
creating /home/ros/ws/build/detection_robot/build
creating /home/ros/ws/build/detection_robot/build/lib
creating /home/ros/ws/build/detection_robot/build/lib/detection_robot
copying detection_robot/detection_robot.py -> /home/ros/ws/build/detection_robot/build/lib/detection_robot
copying detection_robot/__init__.py -> /home/ros/ws/build/detection_robot/build/lib/detection_robot
running install
running install_lib
creating /home/ros/ws/install/detection_robot/lib/python3.10/site-packages/detection_robot
copying /home/ros/ws/build/detection_robot/build/lib/detection_robot/detection_robot.py -> /home/ros/ws/install/detection_robot/lib/python3.10/site-packages/detection_robot
copying /home/ros/ws/build/detection_robot/build/lib/detection_robot/__init__.py -> /home/ros/ws/install/detection_robot/lib/python3.10/site-packages/detection_robot
byte-compiling /home/ros/ws/install/detection_robot/lib/python3.10/site-packages/detection_robot/detection_robot.py to detection_robot.cpython-310.pyc
byte-compiling /home/ros/ws/install/detection_robot/lib/python3.10/site-packages/detection_robot/__init__.py to __init__.cpython-310.pyc
running install_data
creating /home/ros/ws/install/detection_robot/share
creating /home/ros/ws/install/detection_robot/share/ament_index
creating /home/ros/ws/install/detection_robot/share/ament_index/resource_index
creating /home/ros/ws/install/detection_robot/share/ament_index/resource_index/packages
copying resource/detection_robot -> /home/ros/ws/install/detection_robot/share/ament_index/resource_index/packages
creating /home/ros/ws/install/detection_robot/share/detection_robot
copying package.xml -> /home/ros/ws/install/detection_robot/share/detection_robot
running install_egg_info
Copying ../../build/detection_robot/detection_robot.egg-info to /home/ros/ws/install/detection_robot/lib/python3.10/site-packages/detection_robot-0.0.0-py3.10.egg-info
running install_scripts
Installing detection_robot script to /home/ros/ws/install/detection_robot/lib/detection_robot
writing list of installed files to '/home/ros/ws/build/detection_robot/install.log'
