[2.580s] Invoking command in '/home/ros/ws/src/detection_robot': PYTHONPATH=/home/ros/ws/build/detection_robot/prefix_override:/usr/lib/python3/dist-packages/colcon_core/task/python/colcon_distutils_commands:/home/ros/ws/install/detection_robot/lib/python3.10/site-packages:${PYTHONPATH} /usr/bin/python3 -W ignore:setup.py install is deprecated -W ignore:easy_install command is deprecated setup.py egg_info --egg-base ../../build/detection_robot build --build-base /home/ros/ws/build/detection_robot/build install --record /home/ros/ws/build/detection_robot/install.log --single-version-externally-managed install_data
[3.140s] running egg_info
[3.144s] writing ../../build/detection_robot/detection_robot.egg-info/PKG-INFO
[3.144s] writing dependency_links to ../../build/detection_robot/detection_robot.egg-info/dependency_links.txt
[3.144s] writing entry points to ../../build/detection_robot/detection_robot.egg-info/entry_points.txt
[3.144s] writing requirements to ../../build/detection_robot/detection_robot.egg-info/requires.txt
[3.144s] writing top-level names to ../../build/detection_robot/detection_robot.egg-info/top_level.txt
[3.149s] reading manifest file '../../build/detection_robot/detection_robot.egg-info/SOURCES.txt'
[3.151s] writing manifest file '../../build/detection_robot/detection_robot.egg-info/SOURCES.txt'
[3.151s] running build
[3.152s] running build_py
[3.152s] running install
[3.155s] running install_lib
[3.156s] running install_data
[3.158s] running install_egg_info
[3.161s] removing '/home/ros/ws/install/detection_robot/lib/python3.10/site-packages/detection_robot-0.0.0-py3.10.egg-info' (and everything under it)
[3.162s] Copying ../../build/detection_robot/detection_robot.egg-info to /home/ros/ws/install/detection_robot/lib/python3.10/site-packages/detection_robot-0.0.0-py3.10.egg-info
[3.164s] running install_scripts
[3.208s] Installing detection_robot script to /home/ros/ws/install/detection_robot/lib/detection_robot
[3.209s] writing list of installed files to '/home/ros/ws/build/detection_robot/install.log'
[3.310s] Invoked command in '/home/ros/ws/src/detection_robot' returned '0': PYTHONPATH=/home/ros/ws/build/detection_robot/prefix_override:/usr/lib/python3/dist-packages/colcon_core/task/python/colcon_distutils_commands:/home/ros/ws/install/detection_robot/lib/python3.10/site-packages:${PYTHONPATH} /usr/bin/python3 -W ignore:setup.py install is deprecated -W ignore:easy_install command is deprecated setup.py egg_info --egg-base ../../build/detection_robot build --build-base /home/ros/ws/build/detection_robot/build install --record /home/ros/ws/build/detection_robot/install.log --single-version-externally-managed install_data
