[5.540s] Invoking command in '/home/ros/ws/build/detection_robot': PYTHONPATH=/home/ros/ws/build/detection_robot/prefix_override:/usr/lib/python3/dist-packages/colcon_core/task/python/colcon_distutils_commands:/home/ros/ws/install/detection_robot/lib/python3.10/site-packages:${PYTHONPATH} /usr/bin/python3 -W ignore:setup.py install is deprecated -W ignore:easy_install command is deprecated setup.py develop --uninstall --editable --build-directory /home/ros/ws/build/detection_robot/build
[7.175s] running develop
[8.103s] Removing /home/ros/ws/install/detection_robot/lib/python3.10/site-packages/detection-robot.egg-link (link to .)
[8.338s] Invoked command in '/home/ros/ws/build/detection_robot' returned '0': PYTHONPATH=/home/ros/ws/build/detection_robot/prefix_override:/usr/lib/python3/dist-packages/colcon_core/task/python/colcon_distutils_commands:/home/ros/ws/install/detection_robot/lib/python3.10/site-packages:${PYTHONPATH} /usr/bin/python3 -W ignore:setup.py install is deprecated -W ignore:easy_install command is deprecated setup.py develop --uninstall --editable --build-directory /home/ros/ws/build/detection_robot/build
[8.339s] Invoking command in '/home/ros/ws/src/detection_robot': PYTHONPATH=/home/ros/ws/build/detection_robot/prefix_override:/usr/lib/python3/dist-packages/colcon_core/task/python/colcon_distutils_commands:/home/ros/ws/install/detection_robot/lib/python3.10/site-packages:${PYTHONPATH} /usr/bin/python3 -W ignore:setup.py install is deprecated -W ignore:easy_install command is deprecated setup.py egg_info --egg-base ../../build/detection_robot build --build-base /home/ros/ws/build/detection_robot/build install --record /home/ros/ws/build/detection_robot/install.log --single-version-externally-managed install_data --force
[9.528s] running egg_info
[9.532s] writing ../../build/detection_robot/detection_robot.egg-info/PKG-INFO
[9.533s] writing dependency_links to ../../build/detection_robot/detection_robot.egg-info/dependency_links.txt
[9.533s] writing entry points to ../../build/detection_robot/detection_robot.egg-info/entry_points.txt
[9.535s] writing requirements to ../../build/detection_robot/detection_robot.egg-info/requires.txt
[9.535s] writing top-level names to ../../build/detection_robot/detection_robot.egg-info/top_level.txt
[9.539s] reading manifest file '../../build/detection_robot/detection_robot.egg-info/SOURCES.txt'
[9.541s] writing manifest file '../../build/detection_robot/detection_robot.egg-info/SOURCES.txt'
[9.542s] running build
[9.543s] running build_py
[9.543s] running install
[9.544s] running install_lib
[9.547s] creating /home/ros/ws/install/detection_robot/lib/python3.10/site-packages/detection_robot
[9.548s] copying /home/ros/ws/build/detection_robot/build/lib/detection_robot/detection_robot.py -> /home/ros/ws/install/detection_robot/lib/python3.10/site-packages/detection_robot
[9.549s] copying /home/ros/ws/build/detection_robot/build/lib/detection_robot/__init__.py -> /home/ros/ws/install/detection_robot/lib/python3.10/site-packages/detection_robot
[9.549s] byte-compiling /home/ros/ws/install/detection_robot/lib/python3.10/site-packages/detection_robot/detection_robot.py to detection_robot.cpython-310.pyc
[9.551s] byte-compiling /home/ros/ws/install/detection_robot/lib/python3.10/site-packages/detection_robot/__init__.py to __init__.cpython-310.pyc
[9.551s] running install_data
[9.552s] copying resource/detection_robot -> /home/ros/ws/install/detection_robot/share/ament_index/resource_index/packages
[9.552s] copying package.xml -> /home/ros/ws/install/detection_robot/share/detection_robot
[9.552s] running install_egg_info
[9.558s] Copying ../../build/detection_robot/detection_robot.egg-info to /home/ros/ws/install/detection_robot/lib/python3.10/site-packages/detection_robot-0.0.0-py3.10.egg-info
[9.560s] running install_scripts
[9.647s] Installing detection_robot script to /home/ros/ws/install/detection_robot/lib/detection_robot
[9.648s] writing list of installed files to '/home/ros/ws/build/detection_robot/install.log'
[9.756s] Invoked command in '/home/ros/ws/src/detection_robot' returned '0': PYTHONPATH=/home/ros/ws/build/detection_robot/prefix_override:/usr/lib/python3/dist-packages/colcon_core/task/python/colcon_distutils_commands:/home/ros/ws/install/detection_robot/lib/python3.10/site-packages:${PYTHONPATH} /usr/bin/python3 -W ignore:setup.py install is deprecated -W ignore:easy_install command is deprecated setup.py egg_info --egg-base ../../build/detection_robot build --build-base /home/ros/ws/build/detection_robot/build install --record /home/ros/ws/build/detection_robot/install.log --single-version-externally-managed install_data --force
