[1.326s] Invoking command in '/home/ros/ws/src/turtlebot3/turtlebot3_example': PYTHONPATH=/home/ros/ws/src/build/turtlebot3_example/prefix_override:/usr/lib/python3/dist-packages/colcon_core/task/python/colcon_distutils_commands:/home/ros/ws/src/install/turtlebot3_example/lib/python3.10/site-packages:${PYTHONPATH} /usr/bin/python3 -W ignore:setup.py install is deprecated -W ignore:easy_install command is deprecated setup.py egg_info --egg-base ../../build/turtlebot3_example build --build-base /home/ros/ws/src/build/turtlebot3_example/build install --record /home/ros/ws/src/build/turtlebot3_example/install.log --single-version-externally-managed install_data
[1.679s] running egg_info
[1.680s] creating ../../build/turtlebot3_example/turtlebot3_example.egg-info
[1.682s] writing ../../build/turtlebot3_example/turtlebot3_example.egg-info/PKG-INFO
[1.682s] writing dependency_links to ../../build/turtlebot3_example/turtlebot3_example.egg-info/dependency_links.txt
[1.682s] writing entry points to ../../build/turtlebot3_example/turtlebot3_example.egg-info/entry_points.txt
[1.682s] writing requirements to ../../build/turtlebot3_example/turtlebot3_example.egg-info/requires.txt
[1.683s] writing top-level names to ../../build/turtlebot3_example/turtlebot3_example.egg-info/top_level.txt
[1.683s] writing manifest file '../../build/turtlebot3_example/turtlebot3_example.egg-info/SOURCES.txt'
[1.685s] reading manifest file '../../build/turtlebot3_example/turtlebot3_example.egg-info/SOURCES.txt'
[1.686s] writing manifest file '../../build/turtlebot3_example/turtlebot3_example.egg-info/SOURCES.txt'
[1.687s] running build
[1.687s] running build_py
[1.687s] creating /home/ros/ws/src/build/turtlebot3_example/build
[1.688s] creating /home/ros/ws/src/build/turtlebot3_example/build/lib
[1.688s] creating /home/ros/ws/src/build/turtlebot3_example/build/lib/turtlebot3_example
[1.688s] copying turtlebot3_example/__init__.py -> /home/ros/ws/src/build/turtlebot3_example/build/lib/turtlebot3_example
[1.689s] creating /home/ros/ws/src/build/turtlebot3_example/build/lib/turtlebot3_example/turtlebot3_patrol_server
[1.689s] copying turtlebot3_example/turtlebot3_patrol_server/turtlebot3_patrol_server.py -> /home/ros/ws/src/build/turtlebot3_example/build/lib/turtlebot3_example/turtlebot3_patrol_server
[1.690s] copying turtlebot3_example/turtlebot3_patrol_server/turtlebot3_path.py -> /home/ros/ws/src/build/turtlebot3_example/build/lib/turtlebot3_example/turtlebot3_patrol_server
[1.691s] copying turtlebot3_example/turtlebot3_patrol_server/main.py -> /home/ros/ws/src/build/turtlebot3_example/build/lib/turtlebot3_example/turtlebot3_patrol_server
[1.691s] copying turtlebot3_example/turtlebot3_patrol_server/__init__.py -> /home/ros/ws/src/build/turtlebot3_example/build/lib/turtlebot3_example/turtlebot3_patrol_server
[1.691s] creating /home/ros/ws/src/build/turtlebot3_example/build/lib/turtlebot3_example/turtlebot3_patrol_client
[1.692s] copying turtlebot3_example/turtlebot3_patrol_client/turtlebot3_patrol_client.py -> /home/ros/ws/src/build/turtlebot3_example/build/lib/turtlebot3_example/turtlebot3_patrol_client
[1.692s] copying turtlebot3_example/turtlebot3_patrol_client/main.py -> /home/ros/ws/src/build/turtlebot3_example/build/lib/turtlebot3_example/turtlebot3_patrol_client
[1.693s] copying turtlebot3_example/turtlebot3_patrol_client/__init__.py -> /home/ros/ws/src/build/turtlebot3_example/build/lib/turtlebot3_example/turtlebot3_patrol_client
[1.693s] creating /home/ros/ws/src/build/turtlebot3_example/build/lib/turtlebot3_example/turtlebot3_obstacle_detection
[1.693s] copying turtlebot3_example/turtlebot3_obstacle_detection/turtlebot3_obstacle_detection.py -> /home/ros/ws/src/build/turtlebot3_example/build/lib/turtlebot3_example/turtlebot3_obstacle_detection
[1.694s] copying turtlebot3_example/turtlebot3_obstacle_detection/main.py -> /home/ros/ws/src/build/turtlebot3_example/build/lib/turtlebot3_example/turtlebot3_obstacle_detection
[1.694s] copying turtlebot3_example/turtlebot3_obstacle_detection/__init__.py -> /home/ros/ws/src/build/turtlebot3_example/build/lib/turtlebot3_example/turtlebot3_obstacle_detection
[1.694s] creating /home/ros/ws/src/build/turtlebot3_example/build/lib/turtlebot3_example/turtlebot3_position_control
[1.695s] copying turtlebot3_example/turtlebot3_position_control/turtlebot3_path.py -> /home/ros/ws/src/build/turtlebot3_example/build/lib/turtlebot3_example/turtlebot3_position_control
[1.695s] copying turtlebot3_example/turtlebot3_position_control/main.py -> /home/ros/ws/src/build/turtlebot3_example/build/lib/turtlebot3_example/turtlebot3_position_control
[1.696s] copying turtlebot3_example/turtlebot3_position_control/__init__.py -> /home/ros/ws/src/build/turtlebot3_example/build/lib/turtlebot3_example/turtlebot3_position_control
[1.696s] copying turtlebot3_example/turtlebot3_position_control/turtlebot3_position_control.py -> /home/ros/ws/src/build/turtlebot3_example/build/lib/turtlebot3_example/turtlebot3_position_control
[1.697s] running install
[1.698s] running install_lib
[1.699s] creating /home/ros/ws/src/install/turtlebot3_example/lib/python3.10/site-packages/turtlebot3_example
[1.700s] creating /home/ros/ws/src/install/turtlebot3_example/lib/python3.10/site-packages/turtlebot3_example/turtlebot3_patrol_server
[1.700s] copying /home/ros/ws/src/build/turtlebot3_example/build/lib/turtlebot3_example/turtlebot3_patrol_server/turtlebot3_patrol_server.py -> /home/ros/ws/src/install/turtlebot3_example/lib/python3.10/site-packages/turtlebot3_example/turtlebot3_patrol_server
[1.700s] copying /home/ros/ws/src/build/turtlebot3_example/build/lib/turtlebot3_example/turtlebot3_patrol_server/turtlebot3_path.py -> /home/ros/ws/src/install/turtlebot3_example/lib/python3.10/site-packages/turtlebot3_example/turtlebot3_patrol_server
[1.700s] copying /home/ros/ws/src/build/turtlebot3_example/build/lib/turtlebot3_example/turtlebot3_patrol_server/main.py -> /home/ros/ws/src/install/turtlebot3_example/lib/python3.10/site-packages/turtlebot3_example/turtlebot3_patrol_server
[1.701s] copying /home/ros/ws/src/build/turtlebot3_example/build/lib/turtlebot3_example/turtlebot3_patrol_server/__init__.py -> /home/ros/ws/src/install/turtlebot3_example/lib/python3.10/site-packages/turtlebot3_example/turtlebot3_patrol_server
[1.701s] creating /home/ros/ws/src/install/turtlebot3_example/lib/python3.10/site-packages/turtlebot3_example/turtlebot3_patrol_client
[1.701s] copying /home/ros/ws/src/build/turtlebot3_example/build/lib/turtlebot3_example/turtlebot3_patrol_client/turtlebot3_patrol_client.py -> /home/ros/ws/src/install/turtlebot3_example/lib/python3.10/site-packages/turtlebot3_example/turtlebot3_patrol_client
[1.701s] copying /home/ros/ws/src/build/turtlebot3_example/build/lib/turtlebot3_example/turtlebot3_patrol_client/main.py -> /home/ros/ws/src/install/turtlebot3_example/lib/python3.10/site-packages/turtlebot3_example/turtlebot3_patrol_client
[1.702s] copying /home/ros/ws/src/build/turtlebot3_example/build/lib/turtlebot3_example/turtlebot3_patrol_client/__init__.py -> /home/ros/ws/src/install/turtlebot3_example/lib/python3.10/site-packages/turtlebot3_example/turtlebot3_patrol_client
[1.702s] copying /home/ros/ws/src/build/turtlebot3_example/build/lib/turtlebot3_example/__init__.py -> /home/ros/ws/src/install/turtlebot3_example/lib/python3.10/site-packages/turtlebot3_example
[1.702s] creating /home/ros/ws/src/install/turtlebot3_example/lib/python3.10/site-packages/turtlebot3_example/turtlebot3_obstacle_detection
[1.703s] copying /home/ros/ws/src/build/turtlebot3_example/build/lib/turtlebot3_example/turtlebot3_obstacle_detection/turtlebot3_obstacle_detection.py -> /home/ros/ws/src/install/turtlebot3_example/lib/python3.10/site-packages/turtlebot3_example/turtlebot3_obstacle_detection
[1.703s] copying /home/ros/ws/src/build/turtlebot3_example/build/lib/turtlebot3_example/turtlebot3_obstacle_detection/main.py -> /home/ros/ws/src/install/turtlebot3_example/lib/python3.10/site-packages/turtlebot3_example/turtlebot3_obstacle_detection
[1.703s] copying /home/ros/ws/src/build/turtlebot3_example/build/lib/turtlebot3_example/turtlebot3_obstacle_detection/__init__.py -> /home/ros/ws/src/install/turtlebot3_example/lib/python3.10/site-packages/turtlebot3_example/turtlebot3_obstacle_detection
[1.703s] creating /home/ros/ws/src/install/turtlebot3_example/lib/python3.10/site-packages/turtlebot3_example/turtlebot3_position_control
[1.703s] copying /home/ros/ws/src/build/turtlebot3_example/build/lib/turtlebot3_example/turtlebot3_position_control/turtlebot3_path.py -> /home/ros/ws/src/install/turtlebot3_example/lib/python3.10/site-packages/turtlebot3_example/turtlebot3_position_control
[1.703s] copying /home/ros/ws/src/build/turtlebot3_example/build/lib/turtlebot3_example/turtlebot3_position_control/main.py -> /home/ros/ws/src/install/turtlebot3_example/lib/python3.10/site-packages/turtlebot3_example/turtlebot3_position_control
[1.704s] copying /home/ros/ws/src/build/turtlebot3_example/build/lib/turtlebot3_example/turtlebot3_position_control/__init__.py -> /home/ros/ws/src/install/turtlebot3_example/lib/python3.10/site-packages/turtlebot3_example/turtlebot3_position_control
[1.704s] copying /home/ros/ws/src/build/turtlebot3_example/build/lib/turtlebot3_example/turtlebot3_position_control/turtlebot3_position_control.py -> /home/ros/ws/src/install/turtlebot3_example/lib/python3.10/site-packages/turtlebot3_example/turtlebot3_position_control
[1.704s] byte-compiling /home/ros/ws/src/install/turtlebot3_example/lib/python3.10/site-packages/turtlebot3_example/turtlebot3_patrol_server/turtlebot3_patrol_server.py to turtlebot3_patrol_server.cpython-310.pyc
[1.705s] byte-compiling /home/ros/ws/src/install/turtlebot3_example/lib/python3.10/site-packages/turtlebot3_example/turtlebot3_patrol_server/turtlebot3_path.py to turtlebot3_path.cpython-310.pyc
[1.706s] byte-compiling /home/ros/ws/src/install/turtlebot3_example/lib/python3.10/site-packages/turtlebot3_example/turtlebot3_patrol_server/main.py to main.cpython-310.pyc
[1.706s] byte-compiling /home/ros/ws/src/install/turtlebot3_example/lib/python3.10/site-packages/turtlebot3_example/turtlebot3_patrol_server/__init__.py to __init__.cpython-310.pyc
[1.706s] byte-compiling /home/ros/ws/src/install/turtlebot3_example/lib/python3.10/site-packages/turtlebot3_example/turtlebot3_patrol_client/turtlebot3_patrol_client.py to turtlebot3_patrol_client.cpython-310.pyc
[1.707s] byte-compiling /home/ros/ws/src/install/turtlebot3_example/lib/python3.10/site-packages/turtlebot3_example/turtlebot3_patrol_client/main.py to main.cpython-310.pyc
[1.708s] byte-compiling /home/ros/ws/src/install/turtlebot3_example/lib/python3.10/site-packages/turtlebot3_example/turtlebot3_patrol_client/__init__.py to __init__.cpython-310.pyc
[1.708s] byte-compiling /home/ros/ws/src/install/turtlebot3_example/lib/python3.10/site-packages/turtlebot3_example/__init__.py to __init__.cpython-310.pyc
[1.708s] byte-compiling /home/ros/ws/src/install/turtlebot3_example/lib/python3.10/site-packages/turtlebot3_example/turtlebot3_obstacle_detection/turtlebot3_obstacle_detection.py to turtlebot3_obstacle_detection.cpython-310.pyc
[1.709s] byte-compiling /home/ros/ws/src/install/turtlebot3_example/lib/python3.10/site-packages/turtlebot3_example/turtlebot3_obstacle_detection/main.py to main.cpython-310.pyc
[1.710s] byte-compiling /home/ros/ws/src/install/turtlebot3_example/lib/python3.10/site-packages/turtlebot3_example/turtlebot3_obstacle_detection/__init__.py to __init__.cpython-310.pyc
[1.710s] byte-compiling /home/ros/ws/src/install/turtlebot3_example/lib/python3.10/site-packages/turtlebot3_example/turtlebot3_position_control/turtlebot3_path.py to turtlebot3_path.cpython-310.pyc
[1.711s] byte-compiling /home/ros/ws/src/install/turtlebot3_example/lib/python3.10/site-packages/turtlebot3_example/turtlebot3_position_control/main.py to main.cpython-310.pyc
[1.711s] byte-compiling /home/ros/ws/src/install/turtlebot3_example/lib/python3.10/site-packages/turtlebot3_example/turtlebot3_position_control/__init__.py to __init__.cpython-310.pyc
[1.711s] byte-compiling /home/ros/ws/src/install/turtlebot3_example/lib/python3.10/site-packages/turtlebot3_example/turtlebot3_position_control/turtlebot3_position_control.py to turtlebot3_position_control.cpython-310.pyc
[1.713s] running install_data
[1.714s] creating /home/ros/ws/src/install/turtlebot3_example/share/ament_index
[1.714s] creating /home/ros/ws/src/install/turtlebot3_example/share/ament_index/resource_index
[1.714s] creating /home/ros/ws/src/install/turtlebot3_example/share/ament_index/resource_index/packages
[1.714s] copying resource/turtlebot3_example -> /home/ros/ws/src/install/turtlebot3_example/share/ament_index/resource_index/packages
[1.716s] copying package.xml -> /home/ros/ws/src/install/turtlebot3_example/share/turtlebot3_example
[1.716s] running install_egg_info
[1.719s] Copying ../../build/turtlebot3_example/turtlebot3_example.egg-info to /home/ros/ws/src/install/turtlebot3_example/lib/python3.10/site-packages/turtlebot3_example-2.1.5-py3.10.egg-info
[1.721s] running install_scripts
[1.758s] Installing turtlebot3_obstacle_detection script to /home/ros/ws/src/install/turtlebot3_example/lib/turtlebot3_example
[1.758s] Installing turtlebot3_patrol_client script to /home/ros/ws/src/install/turtlebot3_example/lib/turtlebot3_example
[1.758s] Installing turtlebot3_patrol_server script to /home/ros/ws/src/install/turtlebot3_example/lib/turtlebot3_example
[1.758s] Installing turtlebot3_position_control script to /home/ros/ws/src/install/turtlebot3_example/lib/turtlebot3_example
[1.759s] writing list of installed files to '/home/ros/ws/src/build/turtlebot3_example/install.log'
[1.811s] Invoked command in '/home/ros/ws/src/turtlebot3/turtlebot3_example' returned '0': PYTHONPATH=/home/ros/ws/src/build/turtlebot3_example/prefix_override:/usr/lib/python3/dist-packages/colcon_core/task/python/colcon_distutils_commands:/home/ros/ws/src/install/turtlebot3_example/lib/python3.10/site-packages:${PYTHONPATH} /usr/bin/python3 -W ignore:setup.py install is deprecated -W ignore:easy_install command is deprecated setup.py egg_info --egg-base ../../build/turtlebot3_example build --build-base /home/ros/ws/src/build/turtlebot3_example/build install --record /home/ros/ws/src/build/turtlebot3_example/install.log --single-version-externally-managed install_data
