[2.161s] Invoking command in '/home/ros/ws/src/control_coordination': PYTHONPATH=/home/ros/ws/build/control_coordination/prefix_override:/usr/lib/python3/dist-packages/colcon_core/task/python/colcon_distutils_commands:/home/ros/ws/install/control_coordination/lib/python3.10/site-packages:${PYTHONPATH} /usr/bin/python3 -W ignore:setup.py install is deprecated -W ignore:easy_install command is deprecated setup.py egg_info --egg-base ../../build/control_coordination build --build-base /home/ros/ws/build/control_coordination/build install --record /home/ros/ws/build/control_coordination/install.log --single-version-externally-managed install_data
[2.678s] running egg_info
[2.680s] writing ../../build/control_coordination/control_coordination.egg-info/PKG-INFO
[2.680s] writing dependency_links to ../../build/control_coordination/control_coordination.egg-info/dependency_links.txt
[2.680s] writing entry points to ../../build/control_coordination/control_coordination.egg-info/entry_points.txt
[2.680s] writing requirements to ../../build/control_coordination/control_coordination.egg-info/requires.txt
[2.680s] writing top-level names to ../../build/control_coordination/control_coordination.egg-info/top_level.txt
[2.685s] reading manifest file '../../build/control_coordination/control_coordination.egg-info/SOURCES.txt'
[2.686s] writing manifest file '../../build/control_coordination/control_coordination.egg-info/SOURCES.txt'
[2.686s] running build
[2.687s] running build_py
[2.687s] running install
[2.688s] running install_lib
[2.690s] running install_data
[2.690s] running install_egg_info
[2.695s] removing '/home/ros/ws/install/control_coordination/lib/python3.10/site-packages/control_coordination-0.0.0-py3.10.egg-info' (and everything under it)
[2.695s] Copying ../../build/control_coordination/control_coordination.egg-info to /home/ros/ws/install/control_coordination/lib/python3.10/site-packages/control_coordination-0.0.0-py3.10.egg-info
[2.698s] running install_scripts
[2.740s] Installing control_coordination script to /home/ros/ws/install/control_coordination/lib/control_coordination
[2.740s] writing list of installed files to '/home/ros/ws/build/control_coordination/install.log'
[2.866s] Invoked command in '/home/ros/ws/src/control_coordination' returned '0': PYTHONPATH=/home/ros/ws/build/control_coordination/prefix_override:/usr/lib/python3/dist-packages/colcon_core/task/python/colcon_distutils_commands:/home/ros/ws/install/control_coordination/lib/python3.10/site-packages:${PYTHONPATH} /usr/bin/python3 -W ignore:setup.py install is deprecated -W ignore:easy_install command is deprecated setup.py egg_info --egg-base ../../build/control_coordination build --build-base /home/ros/ws/build/control_coordination/build install --record /home/ros/ws/build/control_coordination/install.log --single-version-externally-managed install_data
