[2.372s] Invoking command in '/home/ros/ws/src/turtlebot3/turtlebot3_example': PYTHONPATH=/home/ros/ws/build/turtlebot3_example/prefix_override:/usr/lib/python3/dist-packages/colcon_core/task/python/colcon_distutils_commands:/home/ros/ws/install/turtlebot3_example/lib/python3.10/site-packages:${PYTHONPATH} /usr/bin/python3 -W ignore:setup.py install is deprecated -W ignore:easy_install command is deprecated setup.py egg_info --egg-base ../../../build/turtlebot3_example build --build-base /home/ros/ws/build/turtlebot3_example/build install --record /home/ros/ws/build/turtlebot3_example/install.log --single-version-externally-managed install_data
[2.889s] running egg_info
[2.891s] writing ../../../build/turtlebot3_example/turtlebot3_example.egg-info/PKG-INFO
[2.892s] writing dependency_links to ../../../build/turtlebot3_example/turtlebot3_example.egg-info/dependency_links.txt
[2.892s] writing entry points to ../../../build/turtlebot3_example/turtlebot3_example.egg-info/entry_points.txt
[2.892s] writing requirements to ../../../build/turtlebot3_example/turtlebot3_example.egg-info/requires.txt
[2.892s] writing top-level names to ../../../build/turtlebot3_example/turtlebot3_example.egg-info/top_level.txt
[2.896s] reading manifest file '../../../build/turtlebot3_example/turtlebot3_example.egg-info/SOURCES.txt'
[2.897s] writing manifest file '../../../build/turtlebot3_example/turtlebot3_example.egg-info/SOURCES.txt'
[2.898s] running build
[2.898s] running build_py
[2.900s] running install
[2.900s] running install_lib
[2.903s] running install_data
[2.904s] running install_egg_info
[2.910s] removing '/home/ros/ws/install/turtlebot3_example/lib/python3.10/site-packages/turtlebot3_example-2.1.5-py3.10.egg-info' (and everything under it)
[2.910s] Copying ../../../build/turtlebot3_example/turtlebot3_example.egg-info to /home/ros/ws/install/turtlebot3_example/lib/python3.10/site-packages/turtlebot3_example-2.1.5-py3.10.egg-info
[2.911s] running install_scripts
[2.953s] Installing turtlebot3_obstacle_detection script to /home/ros/ws/install/turtlebot3_example/lib/turtlebot3_example
[2.954s] Installing turtlebot3_patrol_client script to /home/ros/ws/install/turtlebot3_example/lib/turtlebot3_example
[2.954s] Installing turtlebot3_patrol_server script to /home/ros/ws/install/turtlebot3_example/lib/turtlebot3_example
[2.954s] Installing turtlebot3_position_control script to /home/ros/ws/install/turtlebot3_example/lib/turtlebot3_example
[2.956s] writing list of installed files to '/home/ros/ws/build/turtlebot3_example/install.log'
[3.037s] Invoked command in '/home/ros/ws/src/turtlebot3/turtlebot3_example' returned '0': PYTHONPATH=/home/ros/ws/build/turtlebot3_example/prefix_override:/usr/lib/python3/dist-packages/colcon_core/task/python/colcon_distutils_commands:/home/ros/ws/install/turtlebot3_example/lib/python3.10/site-packages:${PYTHONPATH} /usr/bin/python3 -W ignore:setup.py install is deprecated -W ignore:easy_install command is deprecated setup.py egg_info --egg-base ../../../build/turtlebot3_example build --build-base /home/ros/ws/build/turtlebot3_example/build install --record /home/ros/ws/build/turtlebot3_example/install.log --single-version-externally-managed install_data
