[1.624s] Invoking command in '/home/ros/ws/src/intervention_robot': PYTHONPATH=/home/ros/ws/build/intervention_robot/prefix_override:/usr/lib/python3/dist-packages/colcon_core/task/python/colcon_distutils_commands:/home/ros/ws/install/intervention_robot/lib/python3.10/site-packages:${PYTHONPATH} /usr/bin/python3 -W ignore:setup.py install is deprecated -W ignore:easy_install command is deprecated setup.py egg_info --egg-base ../../build/intervention_robot build --build-base /home/ros/ws/build/intervention_robot/build install --record /home/ros/ws/build/intervention_robot/install.log --single-version-externally-managed install_data
[2.022s] running egg_info
[2.023s] writing ../../build/intervention_robot/intervention_robot.egg-info/PKG-INFO
[2.024s] writing dependency_links to ../../build/intervention_robot/intervention_robot.egg-info/dependency_links.txt
[2.024s] writing entry points to ../../build/intervention_robot/intervention_robot.egg-info/entry_points.txt
[2.024s] writing requirements to ../../build/intervention_robot/intervention_robot.egg-info/requires.txt
[2.024s] writing top-level names to ../../build/intervention_robot/intervention_robot.egg-info/top_level.txt
[2.027s] reading manifest file '../../build/intervention_robot/intervention_robot.egg-info/SOURCES.txt'
[2.028s] writing manifest file '../../build/intervention_robot/intervention_robot.egg-info/SOURCES.txt'
[2.028s] running build
[2.028s] running build_py
[2.029s] running install
[2.029s] running install_lib
[2.030s] running install_data
[2.031s] running install_egg_info
[2.034s] removing '/home/ros/ws/install/intervention_robot/lib/python3.10/site-packages/intervention_robot-0.0.0-py3.10.egg-info' (and everything under it)
[2.035s] Copying ../../build/intervention_robot/intervention_robot.egg-info to /home/ros/ws/install/intervention_robot/lib/python3.10/site-packages/intervention_robot-0.0.0-py3.10.egg-info
[2.037s] running install_scripts
[2.065s] Installing intervention_robot script to /home/ros/ws/install/intervention_robot/lib/intervention_robot
[2.065s] Installing rust_detection_node script to /home/ros/ws/install/intervention_robot/lib/intervention_robot
[2.066s] writing list of installed files to '/home/ros/ws/build/intervention_robot/install.log'
[2.108s] Invoked command in '/home/ros/ws/src/intervention_robot' returned '0': PYTHONPATH=/home/ros/ws/build/intervention_robot/prefix_override:/usr/lib/python3/dist-packages/colcon_core/task/python/colcon_distutils_commands:/home/ros/ws/install/intervention_robot/lib/python3.10/site-packages:${PYTHONPATH} /usr/bin/python3 -W ignore:setup.py install is deprecated -W ignore:easy_install command is deprecated setup.py egg_info --egg-base ../../build/intervention_robot build --build-base /home/ros/ws/build/intervention_robot/build install --record /home/ros/ws/build/intervention_robot/install.log --single-version-externally-managed install_data
