[6.460s] Invoking command in '/home/ros/ws/src/detection_robot': PYTHONPATH=/home/ros/ws/build/detection_robot/prefix_override:/usr/lib/python3/dist-packages/colcon_core/task/python/colcon_distutils_commands:/home/ros/ws/install/detection_robot/lib/python3.10/site-packages:${PYTHONPATH} /usr/bin/python3 -W ignore:setup.py install is deprecated -W ignore:easy_install command is deprecated setup.py egg_info --egg-base ../../build/detection_robot build --build-base /home/ros/ws/build/detection_robot/build install --record /home/ros/ws/build/detection_robot/install.log --single-version-externally-managed install_data
[7.763s] running egg_info
[7.766s] writing ../../build/detection_robot/detection_robot.egg-info/PKG-INFO
[7.767s] writing dependency_links to ../../build/detection_robot/detection_robot.egg-info/dependency_links.txt
[7.768s] writing entry points to ../../build/detection_robot/detection_robot.egg-info/entry_points.txt
[7.768s] writing requirements to ../../build/detection_robot/detection_robot.egg-info/requires.txt
[7.771s] writing top-level names to ../../build/detection_robot/detection_robot.egg-info/top_level.txt
[7.782s] reading manifest file '../../build/detection_robot/detection_robot.egg-info/SOURCES.txt'
[7.784s] writing manifest file '../../build/detection_robot/detection_robot.egg-info/SOURCES.txt'
[7.785s] running build
[7.787s] running build_py
[7.790s] running install
[7.794s] running install_lib
[7.799s] running install_data
[7.800s] running install_egg_info
[7.814s] removing '/home/ros/ws/install/detection_robot/lib/python3.10/site-packages/detection_robot-0.0.0-py3.10.egg-info' (and everything under it)
[7.817s] Copying ../../build/detection_robot/detection_robot.egg-info to /home/ros/ws/install/detection_robot/lib/python3.10/site-packages/detection_robot-0.0.0-py3.10.egg-info
[7.821s] running install_scripts
[7.994s] Installing detection_robot script to /home/ros/ws/install/detection_robot/lib/detection_robot
[7.995s] writing list of installed files to '/home/ros/ws/build/detection_robot/install.log'
[8.169s] Invoked command in '/home/ros/ws/src/detection_robot' returned '0': PYTHONPATH=/home/ros/ws/build/detection_robot/prefix_override:/usr/lib/python3/dist-packages/colcon_core/task/python/colcon_distutils_commands:/home/ros/ws/install/detection_robot/lib/python3.10/site-packages:${PYTHONPATH} /usr/bin/python3 -W ignore:setup.py install is deprecated -W ignore:easy_install command is deprecated setup.py egg_info --egg-base ../../build/detection_robot build --build-base /home/ros/ws/build/detection_robot/build install --record /home/ros/ws/build/detection_robot/install.log --single-version-externally-managed install_data
