[1.577s] Invoking command in '/home/ros/ws/build/turtlebot3_example': PYTHONPATH=/home/ros/ws/build/turtlebot3_example/prefix_override:/usr/lib/python3/dist-packages/colcon_core/task/python/colcon_distutils_commands:/home/ros/ws/install/turtlebot3_example/lib/python3.10/site-packages:${PYTHONPATH} /usr/bin/python3 -W ignore:setup.py install is deprecated -W ignore:easy_install command is deprecated setup.py develop --editable --build-directory /home/ros/ws/build/turtlebot3_example/build --no-deps symlink_data --force
[1.967s] running develop
[2.200s] running egg_info
[2.200s] writing turtlebot3_example.egg-info/PKG-INFO
[2.201s] writing dependency_links to turtlebot3_example.egg-info/dependency_links.txt
[2.201s] writing entry points to turtlebot3_example.egg-info/entry_points.txt
[2.202s] writing requirements to turtlebot3_example.egg-info/requires.txt
[2.202s] writing top-level names to turtlebot3_example.egg-info/top_level.txt
[2.207s] reading manifest file 'turtlebot3_example.egg-info/SOURCES.txt'
[2.207s] writing manifest file 'turtlebot3_example.egg-info/SOURCES.txt'
[2.210s] running build_ext
[2.210s] Creating /home/ros/ws/install/turtlebot3_example/lib/python3.10/site-packages/turtlebot3-example.egg-link (link to .)
[2.212s] Installing turtlebot3_obstacle_detection script to /home/ros/ws/install/turtlebot3_example/lib/turtlebot3_example
[2.212s] Installing turtlebot3_patrol_client script to /home/ros/ws/install/turtlebot3_example/lib/turtlebot3_example
[2.212s] Installing turtlebot3_patrol_server script to /home/ros/ws/install/turtlebot3_example/lib/turtlebot3_example
[2.212s] Installing turtlebot3_position_control script to /home/ros/ws/install/turtlebot3_example/lib/turtlebot3_example
[2.213s] 
[2.213s] Installed /home/ros/ws/build/turtlebot3_example
[2.213s] running symlink_data
[2.213s] symbolically linking /home/ros/ws/build/turtlebot3_example/resource/turtlebot3_example -> /home/ros/ws/install/turtlebot3_example/share/ament_index/resource_index/packages
[2.214s] symbolically linking /home/ros/ws/build/turtlebot3_example/package.xml -> /home/ros/ws/install/turtlebot3_example/share/turtlebot3_example
[2.268s] Invoked command in '/home/ros/ws/build/turtlebot3_example' returned '0': PYTHONPATH=/home/ros/ws/build/turtlebot3_example/prefix_override:/usr/lib/python3/dist-packages/colcon_core/task/python/colcon_distutils_commands:/home/ros/ws/install/turtlebot3_example/lib/python3.10/site-packages:${PYTHONPATH} /usr/bin/python3 -W ignore:setup.py install is deprecated -W ignore:easy_install command is deprecated setup.py develop --editable --build-directory /home/ros/ws/build/turtlebot3_example/build --no-deps symlink_data --force
