[0.174s] Invoking command in '/home/ros/ws/build/turtlebot3_bringup': CMAKE_PREFIX_PATH=/home/ros/ws/install/turtlebot3_node:/home/ros/ws/install/turtlebot3_description:/home/ros/ws/install/turtlebot3:/home/ros/ws/install/turtlebot3_bringup:/home/ros/ws/install/turtlebot3_navigation2:/home/ros/ws/install/turtlebot3_cartographer:/home/ros/ws/install/turtlebot3_teleop:/home/ros/ws/install/turtlebot3_example:/opt/ros/humble /usr/bin/cmake /home/ros/ws/src/turtlebot3/turtlebot3_bringup -DAMENT_CMAKE_SYMLINK_INSTALL=1 -DCMAKE_INSTALL_PREFIX=/home/ros/ws/install/turtlebot3_bringup
[0.198s] -- Found ament_cmake: 1.3.11 (/opt/ros/humble/share/ament_cmake/cmake)
[0.363s] -- Override CMake install command with custom implementation using symlinks instead of copying resources
[0.485s] -- Configuring done
[0.496s] -- Generating done
[0.499s] -- Build files have been written to: /home/ros/ws/build/turtlebot3_bringup
[0.503s] Invoked command in '/home/ros/ws/build/turtlebot3_bringup' returned '0': CMAKE_PREFIX_PATH=/home/ros/ws/install/turtlebot3_node:/home/ros/ws/install/turtlebot3_description:/home/ros/ws/install/turtlebot3:/home/ros/ws/install/turtlebot3_bringup:/home/ros/ws/install/turtlebot3_navigation2:/home/ros/ws/install/turtlebot3_cartographer:/home/ros/ws/install/turtlebot3_teleop:/home/ros/ws/install/turtlebot3_example:/opt/ros/humble /usr/bin/cmake /home/ros/ws/src/turtlebot3/turtlebot3_bringup -DAMENT_CMAKE_SYMLINK_INSTALL=1 -DCMAKE_INSTALL_PREFIX=/home/ros/ws/install/turtlebot3_bringup
[0.506s] Invoking command in '/home/ros/ws/build/turtlebot3_bringup': CMAKE_PREFIX_PATH=/home/ros/ws/install/turtlebot3_node:/home/ros/ws/install/turtlebot3_description:/home/ros/ws/install/turtlebot3:/home/ros/ws/install/turtlebot3_bringup:/home/ros/ws/install/turtlebot3_navigation2:/home/ros/ws/install/turtlebot3_cartographer:/home/ros/ws/install/turtlebot3_teleop:/home/ros/ws/install/turtlebot3_example:/opt/ros/humble /usr/bin/cmake --build /home/ros/ws/build/turtlebot3_bringup -- -j8 -l8
[0.549s] Invoked command in '/home/ros/ws/build/turtlebot3_bringup' returned '0': CMAKE_PREFIX_PATH=/home/ros/ws/install/turtlebot3_node:/home/ros/ws/install/turtlebot3_description:/home/ros/ws/install/turtlebot3:/home/ros/ws/install/turtlebot3_bringup:/home/ros/ws/install/turtlebot3_navigation2:/home/ros/ws/install/turtlebot3_cartographer:/home/ros/ws/install/turtlebot3_teleop:/home/ros/ws/install/turtlebot3_example:/opt/ros/humble /usr/bin/cmake --build /home/ros/ws/build/turtlebot3_bringup -- -j8 -l8
[0.552s] Invoking command in '/home/ros/ws/build/turtlebot3_bringup': CMAKE_PREFIX_PATH=/home/ros/ws/install/turtlebot3_node:/home/ros/ws/install/turtlebot3_description:/home/ros/ws/install/turtlebot3:/home/ros/ws/install/turtlebot3_bringup:/home/ros/ws/install/turtlebot3_navigation2:/home/ros/ws/install/turtlebot3_cartographer:/home/ros/ws/install/turtlebot3_teleop:/home/ros/ws/install/turtlebot3_example:/opt/ros/humble /usr/bin/cmake --install /home/ros/ws/build/turtlebot3_bringup
[0.561s] -- Install configuration: ""
[0.561s] -- Execute custom install script
[0.562s] -- Symlinking: /home/ros/ws/install/turtlebot3_bringup/share/turtlebot3_bringup/launch/robot.launch.py
[0.573s] -- Symlinking: /home/ros/ws/install/turtlebot3_bringup/share/turtlebot3_bringup/launch/rviz2.launch.py
[0.584s] -- Symlinking: /home/ros/ws/install/turtlebot3_bringup/share/turtlebot3_bringup/launch/turtlebot3_state_publisher.launch.py
[0.596s] -- Symlinking: /home/ros/ws/install/turtlebot3_bringup/share/turtlebot3_bringup/param/burger.yaml
[0.607s] -- Symlinking: /home/ros/ws/install/turtlebot3_bringup/share/turtlebot3_bringup/param/waffle.yaml
[0.619s] -- Symlinking: /home/ros/ws/install/turtlebot3_bringup/share/turtlebot3_bringup/param/waffle_pi.yaml
[0.630s] -- Symlinking: /home/ros/ws/install/turtlebot3_bringup/share/turtlebot3_bringup/script/99-turtlebot3-cdc.rules
[0.641s] -- Symlinking: /home/ros/ws/install/turtlebot3_bringup/share/turtlebot3_bringup/script/create_udev_rules
[0.654s] -- Symlinking: /home/ros/ws/install/turtlebot3_bringup/share/ament_index/resource_index/package_run_dependencies/turtlebot3_bringup
[0.702s] -- Symlinking: /home/ros/ws/install/turtlebot3_bringup/share/ament_index/resource_index/parent_prefix_path/turtlebot3_bringup
[0.718s] -- Symlinking: /home/ros/ws/install/turtlebot3_bringup/share/turtlebot3_bringup/environment/ament_prefix_path.sh
[0.729s] -- Symlinking: /home/ros/ws/install/turtlebot3_bringup/share/turtlebot3_bringup/environment/ament_prefix_path.dsv
[0.740s] -- Symlinking: /home/ros/ws/install/turtlebot3_bringup/share/turtlebot3_bringup/environment/path.sh
[0.750s] -- Symlinking: /home/ros/ws/install/turtlebot3_bringup/share/turtlebot3_bringup/environment/path.dsv
[0.761s] -- Symlinking: /home/ros/ws/install/turtlebot3_bringup/share/turtlebot3_bringup/local_setup.bash
[0.773s] -- Symlinking: /home/ros/ws/install/turtlebot3_bringup/share/turtlebot3_bringup/local_setup.sh
[0.785s] -- Symlinking: /home/ros/ws/install/turtlebot3_bringup/share/turtlebot3_bringup/local_setup.zsh
[0.797s] -- Symlinking: /home/ros/ws/install/turtlebot3_bringup/share/turtlebot3_bringup/local_setup.dsv
[0.807s] -- Symlinking: /home/ros/ws/install/turtlebot3_bringup/share/turtlebot3_bringup/package.dsv
[0.827s] -- Symlinking: /home/ros/ws/install/turtlebot3_bringup/share/ament_index/resource_index/packages/turtlebot3_bringup
[0.845s] -- Symlinking: /home/ros/ws/install/turtlebot3_bringup/share/turtlebot3_bringup/cmake/turtlebot3_bringupConfig.cmake
[0.861s] -- Symlinking: /home/ros/ws/install/turtlebot3_bringup/share/turtlebot3_bringup/cmake/turtlebot3_bringupConfig-version.cmake
[0.877s] -- Symlinking: /home/ros/ws/install/turtlebot3_bringup/share/turtlebot3_bringup/package.xml
[0.899s] Invoked command in '/home/ros/ws/build/turtlebot3_bringup' returned '0': CMAKE_PREFIX_PATH=/home/ros/ws/install/turtlebot3_node:/home/ros/ws/install/turtlebot3_description:/home/ros/ws/install/turtlebot3:/home/ros/ws/install/turtlebot3_bringup:/home/ros/ws/install/turtlebot3_navigation2:/home/ros/ws/install/turtlebot3_cartographer:/home/ros/ws/install/turtlebot3_teleop:/home/ros/ws/install/turtlebot3_example:/opt/ros/humble /usr/bin/cmake --install /home/ros/ws/build/turtlebot3_bringup
