running egg_info
creating ../../build/intervention_robot/intervention_robot.egg-info
writing ../../build/intervention_robot/intervention_robot.egg-info/PKG-INFO
writing dependency_links to ../../build/intervention_robot/intervention_robot.egg-info/dependency_links.txt
writing entry points to ../../build/intervention_robot/intervention_robot.egg-info/entry_points.txt
writing requirements to ../../build/intervention_robot/intervention_robot.egg-info/requires.txt
writing top-level names to ../../build/intervention_robot/intervention_robot.egg-info/top_level.txt
writing manifest file '../../build/intervention_robot/intervention_robot.egg-info/SOURCES.txt'
reading manifest file '../../build/intervention_robot/intervention_robot.egg-info/SOURCES.txt'
writing manifest file '../../build/intervention_robot/intervention_robot.egg-info/SOURCES.txt'
running build
running build_py
creating /home/ros/ws/build/intervention_robot/build
creating /home/ros/ws/build/intervention_robot/build/lib
creating /home/ros/ws/build/intervention_robot/build/lib/intervention_robot
copying intervention_robot/__init__.py -> /home/ros/ws/build/intervention_robot/build/lib/intervention_robot
copying intervention_robot/intervention_robot.py -> /home/ros/ws/build/intervention_robot/build/lib/intervention_robot
running install
running install_lib
creating /home/ros/ws/install/intervention_robot/lib/python3.10/site-packages/intervention_robot
copying /home/ros/ws/build/intervention_robot/build/lib/intervention_robot/__init__.py -> /home/ros/ws/install/intervention_robot/lib/python3.10/site-packages/intervention_robot
copying /home/ros/ws/build/intervention_robot/build/lib/intervention_robot/intervention_robot.py -> /home/ros/ws/install/intervention_robot/lib/python3.10/site-packages/intervention_robot
byte-compiling /home/ros/ws/install/intervention_robot/lib/python3.10/site-packages/intervention_robot/__init__.py to __init__.cpython-310.pyc
byte-compiling /home/ros/ws/install/intervention_robot/lib/python3.10/site-packages/intervention_robot/intervention_robot.py to intervention_robot.cpython-310.pyc
running install_data
creating /home/ros/ws/install/intervention_robot/share/ament_index
creating /home/ros/ws/install/intervention_robot/share/ament_index/resource_index
creating /home/ros/ws/install/intervention_robot/share/ament_index/resource_index/packages
copying resource/intervention_robot -> /home/ros/ws/install/intervention_robot/share/ament_index/resource_index/packages
copying package.xml -> /home/ros/ws/install/intervention_robot/share/intervention_robot
running install_egg_info
Copying ../../build/intervention_robot/intervention_robot.egg-info to /home/ros/ws/install/intervention_robot/lib/python3.10/site-packages/intervention_robot-0.0.0-py3.10.egg-info
running install_scripts
Installing intervention_node script to /home/ros/ws/install/intervention_robot/lib/intervention_robot
Installing rust_detection_node script to /home/ros/ws/install/intervention_robot/lib/intervention_robot
writing list of installed files to '/home/ros/ws/build/intervention_robot/install.log'
