[0.035s] Invoking command in '/home/ros/ws/build/turtlebot3_node': CMAKE_PREFIX_PATH=/opt/ros/humble /usr/bin/cmake /home/ros/ws/src/turtlebot3/turtlebot3_node -DCMAKE_INSTALL_PREFIX=/home/ros/ws/install/turtlebot3_node
[0.317s] -- Found ament_cmake: 1.3.11 (/opt/ros/humble/share/ament_cmake/cmake)
[0.318s] -- Override CMake install command with custom implementation using symlinks instead of copying resources
[1.553s] [31mCMake Error at CMakeLists.txt:19 (find_package):
[1.553s]   By not providing "Finddynamixel_sdk.cmake" in CMAKE_MODULE_PATH this
[1.553s]   project has asked CMake to find a package configuration file provided by
[1.553s]   "dynamixel_sdk", but CMake did not find one.
[1.553s] 
[1.553s]   Could not find a package configuration file provided by "dynamixel_sdk"
[1.553s]   with any of the following names:
[1.553s] 
[1.553s]     dynamixel_sdkConfig.cmake
[1.554s]     dynamixel_sdk-config.cmake
[1.554s] 
[1.554s]   Add the installation prefix of "dynamixel_sdk" to CMAKE_PREFIX_PATH or set
[1.554s]   "dynamixel_sdk_DIR" to a directory containing one of the above files.  If
[1.554s]   "dynamixel_sdk" provides a separate development package or SDK, be sure it
[1.554s]   has been installed.
[1.554s] 
[1.554s] [0m
[1.554s] -- Configuring incomplete, errors occurred!
[1.554s] See also "/home/ros/ws/build/turtlebot3_node/CMakeFiles/CMakeOutput.log".
[1.556s] Invoked command in '/home/ros/ws/build/turtlebot3_node' returned '1': CMAKE_PREFIX_PATH=/opt/ros/humble /usr/bin/cmake /home/ros/ws/src/turtlebot3/turtlebot3_node -DCMAKE_INSTALL_PREFIX=/home/ros/ws/install/turtlebot3_node
