[0.040s] Invoking command in '/home/ros/ws/build/turtlebot3_description': CMAKE_PREFIX_PATH=/opt/ros/humble /usr/bin/cmake /home/ros/ws/src/turtlebot3/turtlebot3_description -DAMENT_CMAKE_SYMLINK_INSTALL=1 -DCMAKE_INSTALL_PREFIX=/home/ros/ws/install/turtlebot3_description
[0.304s] -- The C compiler identification is GNU 11.4.0
[0.928s] -- The CXX compiler identification is GNU 11.4.0
[1.282s] -- Detecting C compiler ABI info
[1.465s] -- Detecting C compiler ABI info - done
[1.472s] -- Check for working C compiler: /usr/bin/cc - skipped
[1.472s] -- Detecting C compile features
[1.473s] -- Detecting C compile features - done
[1.478s] -- Detecting CXX compiler ABI info
[1.664s] -- Detecting CXX compiler ABI info - done
[1.677s] -- Check for working CXX compiler: /usr/bin/c++ - skipped
[1.678s] -- Detecting CXX compile features
[1.678s] -- Detecting CXX compile features - done
[1.681s] -- Found ament_cmake: 1.3.11 (/opt/ros/humble/share/ament_cmake/cmake)
[1.882s] -- Found Python3: /usr/bin/python3 (found version "3.10.12") found components: Interpreter 
[1.972s] -- Override CMake install command with custom implementation using symlinks instead of copying resources
[2.002s] -- Found urdf: 2.6.1 (/opt/ros/humble/share/urdf/cmake)
[3.435s] -- Configuring done
[3.438s] -- Generating done
[3.439s] -- Build files have been written to: /home/ros/ws/build/turtlebot3_description
