[1.485s] Invoking command in '/home/ros/ws/build/turtlebot3_bringup': CMAKE_PREFIX_PATH=/home/ros/ws/install/turtlebot3_node:/home/ros/ws/install/turtlebot3_description:/home/ros/ws/install/turtlebot3:/home/ros/ws/install/turtlebot3_bringup:/home/ros/ws/install/turtlebot3_navigation2:/home/ros/ws/install/turtlebot3_cartographer:/home/ros/ws/install/control_coordination:/home/ros/ws/install/intervention_robot:/home/ros/ws/install/detection_robot:/home/ros/ws/install/turtlebot3_teleop:/home/ros/ws/install/turtlebot3_example:/opt/ros/humble /usr/bin/cmake --build /home/ros/ws/build/turtlebot3_bringup -- -j8 -l8
[1.611s] Invoked command in '/home/ros/ws/build/turtlebot3_bringup' returned '0': CMAKE_PREFIX_PATH=/home/ros/ws/install/turtlebot3_node:/home/ros/ws/install/turtlebot3_description:/home/ros/ws/install/turtlebot3:/home/ros/ws/install/turtlebot3_bringup:/home/ros/ws/install/turtlebot3_navigation2:/home/ros/ws/install/turtlebot3_cartographer:/home/ros/ws/install/control_coordination:/home/ros/ws/install/intervention_robot:/home/ros/ws/install/detection_robot:/home/ros/ws/install/turtlebot3_teleop:/home/ros/ws/install/turtlebot3_example:/opt/ros/humble /usr/bin/cmake --build /home/ros/ws/build/turtlebot3_bringup -- -j8 -l8
[1.612s] Invoking command in '/home/ros/ws/build/turtlebot3_bringup': CMAKE_PREFIX_PATH=/home/ros/ws/install/turtlebot3_node:/home/ros/ws/install/turtlebot3_description:/home/ros/ws/install/turtlebot3:/home/ros/ws/install/turtlebot3_bringup:/home/ros/ws/install/turtlebot3_navigation2:/home/ros/ws/install/turtlebot3_cartographer:/home/ros/ws/install/control_coordination:/home/ros/ws/install/intervention_robot:/home/ros/ws/install/detection_robot:/home/ros/ws/install/turtlebot3_teleop:/home/ros/ws/install/turtlebot3_example:/opt/ros/humble /usr/bin/cmake --install /home/ros/ws/build/turtlebot3_bringup
[1.632s] -- Install configuration: ""
[1.635s] -- Execute custom install script
[1.639s] -- Up-to-date symlink: /home/ros/ws/install/turtlebot3_bringup/share/turtlebot3_bringup/launch/robot.launch.py
[1.640s] -- Up-to-date symlink: /home/ros/ws/install/turtlebot3_bringup/share/turtlebot3_bringup/launch/rviz2.launch.py
[1.640s] -- Up-to-date symlink: /home/ros/ws/install/turtlebot3_bringup/share/turtlebot3_bringup/launch/turtlebot3_state_publisher.launch.py
[1.643s] -- Up-to-date symlink: /home/ros/ws/install/turtlebot3_bringup/share/turtlebot3_bringup/param/burger.yaml
[1.644s] -- Up-to-date symlink: /home/ros/ws/install/turtlebot3_bringup/share/turtlebot3_bringup/param/waffle.yaml
[1.645s] -- Up-to-date symlink: /home/ros/ws/install/turtlebot3_bringup/share/turtlebot3_bringup/param/waffle_pi.yaml
[1.648s] -- Up-to-date symlink: /home/ros/ws/install/turtlebot3_bringup/share/turtlebot3_bringup/script/99-turtlebot3-cdc.rules
[1.649s] -- Up-to-date symlink: /home/ros/ws/install/turtlebot3_bringup/share/turtlebot3_bringup/script/create_udev_rules
[1.650s] -- Up-to-date symlink: /home/ros/ws/install/turtlebot3_bringup/share/ament_index/resource_index/package_run_dependencies/turtlebot3_bringup
[1.651s] -- Up-to-date symlink: /home/ros/ws/install/turtlebot3_bringup/share/ament_index/resource_index/parent_prefix_path/turtlebot3_bringup
[1.657s] -- Up-to-date symlink: /home/ros/ws/install/turtlebot3_bringup/share/turtlebot3_bringup/environment/ament_prefix_path.sh
[1.658s] -- Up-to-date symlink: /home/ros/ws/install/turtlebot3_bringup/share/turtlebot3_bringup/environment/ament_prefix_path.dsv
[1.658s] -- Up-to-date symlink: /home/ros/ws/install/turtlebot3_bringup/share/turtlebot3_bringup/environment/path.sh
[1.658s] -- Up-to-date symlink: /home/ros/ws/install/turtlebot3_bringup/share/turtlebot3_bringup/environment/path.dsv
[1.661s] -- Up-to-date symlink: /home/ros/ws/install/turtlebot3_bringup/share/turtlebot3_bringup/local_setup.bash
[1.661s] -- Up-to-date symlink: /home/ros/ws/install/turtlebot3_bringup/share/turtlebot3_bringup/local_setup.sh
[1.661s] -- Up-to-date symlink: /home/ros/ws/install/turtlebot3_bringup/share/turtlebot3_bringup/local_setup.zsh
[1.662s] -- Up-to-date symlink: /home/ros/ws/install/turtlebot3_bringup/share/turtlebot3_bringup/local_setup.dsv
[1.662s] -- Symlinking: /home/ros/ws/install/turtlebot3_bringup/share/turtlebot3_bringup/package.dsv
[1.700s] -- Up-to-date symlink: /home/ros/ws/install/turtlebot3_bringup/share/ament_index/resource_index/packages/turtlebot3_bringup
[1.700s] -- Up-to-date symlink: /home/ros/ws/install/turtlebot3_bringup/share/turtlebot3_bringup/cmake/turtlebot3_bringupConfig.cmake
[1.700s] -- Up-to-date symlink: /home/ros/ws/install/turtlebot3_bringup/share/turtlebot3_bringup/cmake/turtlebot3_bringupConfig-version.cmake
[1.700s] -- Up-to-date symlink: /home/ros/ws/install/turtlebot3_bringup/share/turtlebot3_bringup/package.xml
[1.709s] Invoked command in '/home/ros/ws/build/turtlebot3_bringup' returned '0': CMAKE_PREFIX_PATH=/home/ros/ws/install/turtlebot3_node:/home/ros/ws/install/turtlebot3_description:/home/ros/ws/install/turtlebot3:/home/ros/ws/install/turtlebot3_bringup:/home/ros/ws/install/turtlebot3_navigation2:/home/ros/ws/install/turtlebot3_cartographer:/home/ros/ws/install/control_coordination:/home/ros/ws/install/intervention_robot:/home/ros/ws/install/detection_robot:/home/ros/ws/install/turtlebot3_teleop:/home/ros/ws/install/turtlebot3_example:/opt/ros/humble /usr/bin/cmake --install /home/ros/ws/build/turtlebot3_bringup
