[0.507s] Invoking command in '/home/ros/ws/build/turtlebot3_bringup': CMAKE_PREFIX_PATH=/home/ros/ws/install/turtlebot3_node:/home/ros/ws/install/turtlebot3_description:/home/ros/ws/install/turtlebot3:/home/ros/ws/install/turtlebot3_bringup:/home/ros/ws/install/turtlebot3_navigation2:/home/ros/ws/install/turtlebot3_cartographer:/home/ros/ws/install/detection_robot:/home/ros/ws/install/turtlebot3_teleop:/home/ros/ws/install/turtlebot3_example:/opt/ros/humble /usr/bin/cmake --build /home/ros/ws/build/turtlebot3_bringup -- -j8 -l8
[0.648s] Invoked command in '/home/ros/ws/build/turtlebot3_bringup' returned '0': CMAKE_PREFIX_PATH=/home/ros/ws/install/turtlebot3_node:/home/ros/ws/install/turtlebot3_description:/home/ros/ws/install/turtlebot3:/home/ros/ws/install/turtlebot3_bringup:/home/ros/ws/install/turtlebot3_navigation2:/home/ros/ws/install/turtlebot3_cartographer:/home/ros/ws/install/detection_robot:/home/ros/ws/install/turtlebot3_teleop:/home/ros/ws/install/turtlebot3_example:/opt/ros/humble /usr/bin/cmake --build /home/ros/ws/build/turtlebot3_bringup -- -j8 -l8
[0.651s] Invoking command in '/home/ros/ws/build/turtlebot3_bringup': CMAKE_PREFIX_PATH=/home/ros/ws/install/turtlebot3_node:/home/ros/ws/install/turtlebot3_description:/home/ros/ws/install/turtlebot3:/home/ros/ws/install/turtlebot3_bringup:/home/ros/ws/install/turtlebot3_navigation2:/home/ros/ws/install/turtlebot3_cartographer:/home/ros/ws/install/detection_robot:/home/ros/ws/install/turtlebot3_teleop:/home/ros/ws/install/turtlebot3_example:/opt/ros/humble /usr/bin/cmake --install /home/ros/ws/build/turtlebot3_bringup
[0.678s] -- Install configuration: ""
[0.681s] -- Execute custom install script
[0.687s] -- Up-to-date symlink: /home/ros/ws/install/turtlebot3_bringup/share/turtlebot3_bringup/launch/robot.launch.py
[0.688s] -- Up-to-date symlink: /home/ros/ws/install/turtlebot3_bringup/share/turtlebot3_bringup/launch/rviz2.launch.py
[0.691s] -- Up-to-date symlink: /home/ros/ws/install/turtlebot3_bringup/share/turtlebot3_bringup/launch/turtlebot3_state_publisher.launch.py
[0.694s] -- Up-to-date symlink: /home/ros/ws/install/turtlebot3_bringup/share/turtlebot3_bringup/param/burger.yaml
[0.695s] -- Up-to-date symlink: /home/ros/ws/install/turtlebot3_bringup/share/turtlebot3_bringup/param/waffle.yaml
[0.696s] -- Up-to-date symlink: /home/ros/ws/install/turtlebot3_bringup/share/turtlebot3_bringup/param/waffle_pi.yaml
[0.697s] -- Up-to-date symlink: /home/ros/ws/install/turtlebot3_bringup/share/turtlebot3_bringup/script/99-turtlebot3-cdc.rules
[0.698s] -- Up-to-date symlink: /home/ros/ws/install/turtlebot3_bringup/share/turtlebot3_bringup/script/create_udev_rules
[0.699s] -- Up-to-date symlink: /home/ros/ws/install/turtlebot3_bringup/share/ament_index/resource_index/package_run_dependencies/turtlebot3_bringup
[0.700s] -- Up-to-date symlink: /home/ros/ws/install/turtlebot3_bringup/share/ament_index/resource_index/parent_prefix_path/turtlebot3_bringup
[0.709s] -- Up-to-date symlink: /home/ros/ws/install/turtlebot3_bringup/share/turtlebot3_bringup/environment/ament_prefix_path.sh
[0.711s] -- Up-to-date symlink: /home/ros/ws/install/turtlebot3_bringup/share/turtlebot3_bringup/environment/ament_prefix_path.dsv
[0.713s] -- Up-to-date symlink: /home/ros/ws/install/turtlebot3_bringup/share/turtlebot3_bringup/environment/path.sh
[0.716s] -- Up-to-date symlink: /home/ros/ws/install/turtlebot3_bringup/share/turtlebot3_bringup/environment/path.dsv
[0.728s] -- Up-to-date symlink: /home/ros/ws/install/turtlebot3_bringup/share/turtlebot3_bringup/local_setup.bash
[0.731s] -- Up-to-date symlink: /home/ros/ws/install/turtlebot3_bringup/share/turtlebot3_bringup/local_setup.sh
[0.734s] -- Up-to-date symlink: /home/ros/ws/install/turtlebot3_bringup/share/turtlebot3_bringup/local_setup.zsh
[0.735s] -- Up-to-date symlink: /home/ros/ws/install/turtlebot3_bringup/share/turtlebot3_bringup/local_setup.dsv
[0.736s] -- Symlinking: /home/ros/ws/install/turtlebot3_bringup/share/turtlebot3_bringup/package.dsv
[0.785s] -- Up-to-date symlink: /home/ros/ws/install/turtlebot3_bringup/share/ament_index/resource_index/packages/turtlebot3_bringup
[0.785s] -- Up-to-date symlink: /home/ros/ws/install/turtlebot3_bringup/share/turtlebot3_bringup/cmake/turtlebot3_bringupConfig.cmake
[0.785s] -- Up-to-date symlink: /home/ros/ws/install/turtlebot3_bringup/share/turtlebot3_bringup/cmake/turtlebot3_bringupConfig-version.cmake
[0.785s] -- Up-to-date symlink: /home/ros/ws/install/turtlebot3_bringup/share/turtlebot3_bringup/package.xml
[0.796s] Invoked command in '/home/ros/ws/build/turtlebot3_bringup' returned '0': CMAKE_PREFIX_PATH=/home/ros/ws/install/turtlebot3_node:/home/ros/ws/install/turtlebot3_description:/home/ros/ws/install/turtlebot3:/home/ros/ws/install/turtlebot3_bringup:/home/ros/ws/install/turtlebot3_navigation2:/home/ros/ws/install/turtlebot3_cartographer:/home/ros/ws/install/detection_robot:/home/ros/ws/install/turtlebot3_teleop:/home/ros/ws/install/turtlebot3_example:/opt/ros/humble /usr/bin/cmake --install /home/ros/ws/build/turtlebot3_bringup
