[1.742s] Invoking command in '/home/ros/ws/src/detection_robot': PYTHONPATH=/home/ros/ws/build/detection_robot/prefix_override:/usr/lib/python3/dist-packages/colcon_core/task/python/colcon_distutils_commands:/home/ros/ws/install/detection_robot/lib/python3.10/site-packages:${PYTHONPATH} /usr/bin/python3 -W ignore:setup.py install is deprecated -W ignore:easy_install command is deprecated setup.py egg_info --egg-base ../../build/detection_robot build --build-base /home/ros/ws/build/detection_robot/build install --record /home/ros/ws/build/detection_robot/install.log --single-version-externally-managed install_data
[2.167s] running egg_info
[2.168s] writing ../../build/detection_robot/detection_robot.egg-info/PKG-INFO
[2.169s] writing dependency_links to ../../build/detection_robot/detection_robot.egg-info/dependency_links.txt
[2.169s] writing entry points to ../../build/detection_robot/detection_robot.egg-info/entry_points.txt
[2.169s] writing requirements to ../../build/detection_robot/detection_robot.egg-info/requires.txt
[2.170s] writing top-level names to ../../build/detection_robot/detection_robot.egg-info/top_level.txt
[2.173s] reading manifest file '../../build/detection_robot/detection_robot.egg-info/SOURCES.txt'
[2.175s] writing manifest file '../../build/detection_robot/detection_robot.egg-info/SOURCES.txt'
[2.175s] running build
[2.175s] running build_py
[2.175s] running install
[2.176s] running install_lib
[2.182s] running install_data
[2.182s] running install_egg_info
[2.184s] removing '/home/ros/ws/install/detection_robot/lib/python3.10/site-packages/detection_robot-0.0.0-py3.10.egg-info' (and everything under it)
[2.185s] Copying ../../build/detection_robot/detection_robot.egg-info to /home/ros/ws/install/detection_robot/lib/python3.10/site-packages/detection_robot-0.0.0-py3.10.egg-info
[2.186s] running install_scripts
[2.225s] Installing detection_robot script to /home/ros/ws/install/detection_robot/lib/detection_robot
[2.225s] writing list of installed files to '/home/ros/ws/build/detection_robot/install.log'
[2.297s] Invoked command in '/home/ros/ws/src/detection_robot' returned '0': PYTHONPATH=/home/ros/ws/build/detection_robot/prefix_override:/usr/lib/python3/dist-packages/colcon_core/task/python/colcon_distutils_commands:/home/ros/ws/install/detection_robot/lib/python3.10/site-packages:${PYTHONPATH} /usr/bin/python3 -W ignore:setup.py install is deprecated -W ignore:easy_install command is deprecated setup.py egg_info --egg-base ../../build/detection_robot build --build-base /home/ros/ws/build/detection_robot/build install --record /home/ros/ws/build/detection_robot/install.log --single-version-externally-managed install_data
