[3.155s] Invoking command in '/home/ros/ws/src/intervention_robot': PYTHONPATH=/home/ros/ws/build/intervention_robot/prefix_override:/usr/lib/python3/dist-packages/colcon_core/task/python/colcon_distutils_commands:/home/ros/ws/install/intervention_robot/lib/python3.10/site-packages:${PYTHONPATH} /usr/bin/python3 -W ignore:setup.py install is deprecated -W ignore:easy_install command is deprecated setup.py egg_info --egg-base ../../build/intervention_robot build --build-base /home/ros/ws/build/intervention_robot/build install --record /home/ros/ws/build/intervention_robot/install.log --single-version-externally-managed install_data
[4.404s] running egg_info
[4.411s] writing ../../build/intervention_robot/intervention_robot.egg-info/PKG-INFO
[4.411s] writing dependency_links to ../../build/intervention_robot/intervention_robot.egg-info/dependency_links.txt
[4.411s] writing entry points to ../../build/intervention_robot/intervention_robot.egg-info/entry_points.txt
[4.412s] writing requirements to ../../build/intervention_robot/intervention_robot.egg-info/requires.txt
[4.412s] writing top-level names to ../../build/intervention_robot/intervention_robot.egg-info/top_level.txt
[4.416s] reading manifest file '../../build/intervention_robot/intervention_robot.egg-info/SOURCES.txt'
[4.419s] writing manifest file '../../build/intervention_robot/intervention_robot.egg-info/SOURCES.txt'
[4.419s] running build
[4.420s] running build_py
[4.421s] copying intervention_robot/intervention_robot.py -> /home/ros/ws/build/intervention_robot/build/lib/intervention_robot
[4.424s] running install
[4.425s] running install_lib
[4.429s] copying /home/ros/ws/build/intervention_robot/build/lib/intervention_robot/intervention_robot.py -> /home/ros/ws/install/intervention_robot/lib/python3.10/site-packages/intervention_robot
[4.431s] byte-compiling /home/ros/ws/install/intervention_robot/lib/python3.10/site-packages/intervention_robot/intervention_robot.py to intervention_robot.cpython-310.pyc
[4.432s] running install_data
[4.434s] running install_egg_info
[4.441s] removing '/home/ros/ws/install/intervention_robot/lib/python3.10/site-packages/intervention_robot-0.0.0-py3.10.egg-info' (and everything under it)
[4.442s] Copying ../../build/intervention_robot/intervention_robot.egg-info to /home/ros/ws/install/intervention_robot/lib/python3.10/site-packages/intervention_robot-0.0.0-py3.10.egg-info
[4.444s] running install_scripts
[4.509s] Installing intervention_robot script to /home/ros/ws/install/intervention_robot/lib/intervention_robot
[4.510s] Installing rust_detection_node script to /home/ros/ws/install/intervention_robot/lib/intervention_robot
[4.511s] writing list of installed files to '/home/ros/ws/build/intervention_robot/install.log'
[4.696s] Invoked command in '/home/ros/ws/src/intervention_robot' returned '0': PYTHONPATH=/home/ros/ws/build/intervention_robot/prefix_override:/usr/lib/python3/dist-packages/colcon_core/task/python/colcon_distutils_commands:/home/ros/ws/install/intervention_robot/lib/python3.10/site-packages:${PYTHONPATH} /usr/bin/python3 -W ignore:setup.py install is deprecated -W ignore:easy_install command is deprecated setup.py egg_info --egg-base ../../build/intervention_robot build --build-base /home/ros/ws/build/intervention_robot/build install --record /home/ros/ws/build/intervention_robot/install.log --single-version-externally-managed install_data
