[0.186s] Invoking command in '/home/ros/ws/build/turtlebot3_description': CMAKE_PREFIX_PATH=${CMAKE_PREFIX_PATH}:/home/ros/ws/install/turtlebot3_teleop:/home/ros/ws/install/turtlebot3_example:/opt/ros/humble /usr/bin/cmake /home/ros/ws/src/turtlebot3/turtlebot3_description -DCMAKE_INSTALL_PREFIX=/home/ros/ws/install/turtlebot3_description
[3.728s] -- Found ament_cmake: 1.3.11 (/opt/ros/humble/share/ament_cmake/cmake)
[3.731s] -- Override CMake install command with custom implementation using symlinks instead of copying resources
[3.731s] -- Found urdf: 2.6.1 (/opt/ros/humble/share/urdf/cmake)
[5.430s] -- Configuring done
[5.450s] -- Generating done
[5.453s] -- Build files have been written to: /home/ros/ws/build/turtlebot3_description
[5.483s] Invoked command in '/home/ros/ws/build/turtlebot3_description' returned '0': CMAKE_PREFIX_PATH=${CMAKE_PREFIX_PATH}:/home/ros/ws/install/turtlebot3_teleop:/home/ros/ws/install/turtlebot3_example:/opt/ros/humble /usr/bin/cmake /home/ros/ws/src/turtlebot3/turtlebot3_description -DCMAKE_INSTALL_PREFIX=/home/ros/ws/install/turtlebot3_description
[5.484s] Invoking command in '/home/ros/ws/build/turtlebot3_description': CMAKE_PREFIX_PATH=${CMAKE_PREFIX_PATH}:/home/ros/ws/install/turtlebot3_teleop:/home/ros/ws/install/turtlebot3_example:/opt/ros/humble /usr/bin/cmake --build /home/ros/ws/build/turtlebot3_description -- -j8 -l8
[5.644s] Invoked command in '/home/ros/ws/build/turtlebot3_description' returned '0': CMAKE_PREFIX_PATH=${CMAKE_PREFIX_PATH}:/home/ros/ws/install/turtlebot3_teleop:/home/ros/ws/install/turtlebot3_example:/opt/ros/humble /usr/bin/cmake --build /home/ros/ws/build/turtlebot3_description -- -j8 -l8
[5.645s] Invoking command in '/home/ros/ws/build/turtlebot3_description': CMAKE_PREFIX_PATH=${CMAKE_PREFIX_PATH}:/home/ros/ws/install/turtlebot3_teleop:/home/ros/ws/install/turtlebot3_example:/opt/ros/humble /usr/bin/cmake --install /home/ros/ws/build/turtlebot3_description
[5.666s] -- Install configuration: ""
[5.674s] -- Execute custom install script
[5.684s] -- Up-to-date symlink: /home/ros/ws/install/turtlebot3_description/share/turtlebot3_description/meshes/bases/burger_base.stl
[5.686s] -- Up-to-date symlink: /home/ros/ws/install/turtlebot3_description/share/turtlebot3_description/meshes/bases/waffle_base.stl
[5.687s] -- Up-to-date symlink: /home/ros/ws/install/turtlebot3_description/share/turtlebot3_description/meshes/bases/waffle_pi_base.stl
[5.689s] -- Up-to-date symlink: /home/ros/ws/install/turtlebot3_description/share/turtlebot3_description/meshes/sensors/astra.dae
[5.690s] -- Up-to-date symlink: /home/ros/ws/install/turtlebot3_description/share/turtlebot3_description/meshes/sensors/astra.jpg
[5.690s] -- Up-to-date symlink: /home/ros/ws/install/turtlebot3_description/share/turtlebot3_description/meshes/sensors/lds.stl
[5.690s] -- Up-to-date symlink: /home/ros/ws/install/turtlebot3_description/share/turtlebot3_description/meshes/sensors/r200.dae
[5.691s] -- Up-to-date symlink: /home/ros/ws/install/turtlebot3_description/share/turtlebot3_description/meshes/sensors/r200.jpg
[5.692s] -- Up-to-date symlink: /home/ros/ws/install/turtlebot3_description/share/turtlebot3_description/meshes/wheels/left_tire.stl
[5.693s] -- Up-to-date symlink: /home/ros/ws/install/turtlebot3_description/share/turtlebot3_description/meshes/wheels/right_tire.stl
[5.694s] -- Up-to-date symlink: /home/ros/ws/install/turtlebot3_description/share/turtlebot3_description/rviz/model.rviz
[5.697s] -- Up-to-date symlink: /home/ros/ws/install/turtlebot3_description/share/turtlebot3_description/urdf/common_properties.urdf
[5.697s] -- Up-to-date symlink: /home/ros/ws/install/turtlebot3_description/share/turtlebot3_description/urdf/turtlebot3_burger.urdf
[5.698s] -- Up-to-date symlink: /home/ros/ws/install/turtlebot3_description/share/turtlebot3_description/urdf/turtlebot3_waffle.urdf
[5.698s] -- Up-to-date symlink: /home/ros/ws/install/turtlebot3_description/share/turtlebot3_description/urdf/turtlebot3_waffle_pi.urdf
[5.698s] -- Up-to-date symlink: /home/ros/ws/install/turtlebot3_description/share/ament_index/resource_index/package_run_dependencies/turtlebot3_description
[5.699s] -- Up-to-date symlink: /home/ros/ws/install/turtlebot3_description/share/ament_index/resource_index/parent_prefix_path/turtlebot3_description
[5.701s] -- Up-to-date symlink: /home/ros/ws/install/turtlebot3_description/share/turtlebot3_description/environment/ament_prefix_path.sh
[5.702s] -- Up-to-date symlink: /home/ros/ws/install/turtlebot3_description/share/turtlebot3_description/environment/ament_prefix_path.dsv
[5.705s] -- Up-to-date symlink: /home/ros/ws/install/turtlebot3_description/share/turtlebot3_description/environment/path.sh
[5.705s] -- Up-to-date symlink: /home/ros/ws/install/turtlebot3_description/share/turtlebot3_description/environment/path.dsv
[5.705s] -- Up-to-date symlink: /home/ros/ws/install/turtlebot3_description/share/turtlebot3_description/local_setup.bash
[5.707s] -- Up-to-date symlink: /home/ros/ws/install/turtlebot3_description/share/turtlebot3_description/local_setup.sh
[5.708s] -- Up-to-date symlink: /home/ros/ws/install/turtlebot3_description/share/turtlebot3_description/local_setup.zsh
[5.708s] -- Up-to-date symlink: /home/ros/ws/install/turtlebot3_description/share/turtlebot3_description/local_setup.dsv
[5.708s] -- Symlinking: /home/ros/ws/install/turtlebot3_description/share/turtlebot3_description/package.dsv
[5.750s] -- Up-to-date symlink: /home/ros/ws/install/turtlebot3_description/share/ament_index/resource_index/packages/turtlebot3_description
[5.750s] -- Up-to-date symlink: /home/ros/ws/install/turtlebot3_description/share/turtlebot3_description/cmake/turtlebot3_descriptionConfig.cmake
[5.751s] -- Up-to-date symlink: /home/ros/ws/install/turtlebot3_description/share/turtlebot3_description/cmake/turtlebot3_descriptionConfig-version.cmake
[5.758s] -- Up-to-date symlink: /home/ros/ws/install/turtlebot3_description/share/turtlebot3_description/package.xml
[5.766s] Invoked command in '/home/ros/ws/build/turtlebot3_description' returned '0': CMAKE_PREFIX_PATH=${CMAKE_PREFIX_PATH}:/home/ros/ws/install/turtlebot3_teleop:/home/ros/ws/install/turtlebot3_example:/opt/ros/humble /usr/bin/cmake --install /home/ros/ws/build/turtlebot3_description
