[0.051s] Invoking command in '/home/ros/ws/build/turtlebot3_node': CMAKE_PREFIX_PATH=${CMAKE_PREFIX_PATH}:/home/ros/ws/install/turtlebot3_teleop:/home/ros/ws/install/turtlebot3_example:/opt/ros/humble /usr/bin/cmake --build /home/ros/ws/build/turtlebot3_node -- -j8 -l8
[0.346s] [ 85%] Built target turtlebot3_node_lib
[0.347s] [100%] Built target turtlebot3_ros
[0.633s] Invoked command in '/home/ros/ws/build/turtlebot3_node' returned '0': CMAKE_PREFIX_PATH=${CMAKE_PREFIX_PATH}:/home/ros/ws/install/turtlebot3_teleop:/home/ros/ws/install/turtlebot3_example:/opt/ros/humble /usr/bin/cmake --build /home/ros/ws/build/turtlebot3_node -- -j8 -l8
[0.635s] Invoking command in '/home/ros/ws/build/turtlebot3_node': CMAKE_PREFIX_PATH=${CMAKE_PREFIX_PATH}:/home/ros/ws/install/turtlebot3_teleop:/home/ros/ws/install/turtlebot3_example:/opt/ros/humble /usr/bin/cmake --install /home/ros/ws/build/turtlebot3_node
[0.652s] -- Install configuration: ""
[0.659s] -- Execute custom install script
[0.659s] -- Up-to-date symlink: /home/ros/ws/install/turtlebot3_node/share/turtlebot3_node/param/burger.yaml
[0.660s] -- Up-to-date symlink: /home/ros/ws/install/turtlebot3_node/share/turtlebot3_node/param/waffle.yaml
[0.660s] -- Up-to-date symlink: /home/ros/ws/install/turtlebot3_node/share/turtlebot3_node/param/waffle_pi.yaml
[0.660s] -- Up-to-date symlink: /home/ros/ws/install/turtlebot3_node/lib/turtlebot3_node/turtlebot3_ros
[0.661s] -- Up-to-date symlink: /home/ros/ws/install/turtlebot3_node/share/ament_index/resource_index/package_run_dependencies/turtlebot3_node
[0.661s] -- Up-to-date symlink: /home/ros/ws/install/turtlebot3_node/share/ament_index/resource_index/parent_prefix_path/turtlebot3_node
[0.661s] -- Up-to-date symlink: /home/ros/ws/install/turtlebot3_node/share/turtlebot3_node/environment/ament_prefix_path.sh
[0.662s] -- Up-to-date symlink: /home/ros/ws/install/turtlebot3_node/share/turtlebot3_node/environment/ament_prefix_path.dsv
[0.662s] -- Up-to-date symlink: /home/ros/ws/install/turtlebot3_node/share/turtlebot3_node/environment/path.sh
[0.662s] -- Up-to-date symlink: /home/ros/ws/install/turtlebot3_node/share/turtlebot3_node/environment/path.dsv
[0.662s] -- Up-to-date symlink: /home/ros/ws/install/turtlebot3_node/share/turtlebot3_node/local_setup.bash
[0.663s] -- Up-to-date symlink: /home/ros/ws/install/turtlebot3_node/share/turtlebot3_node/local_setup.sh
[0.665s] -- Up-to-date symlink: /home/ros/ws/install/turtlebot3_node/share/turtlebot3_node/local_setup.zsh
[0.665s] -- Up-to-date symlink: /home/ros/ws/install/turtlebot3_node/share/turtlebot3_node/local_setup.dsv
[0.665s] -- Symlinking: /home/ros/ws/install/turtlebot3_node/share/turtlebot3_node/package.dsv
[0.667s] -- Up-to-date symlink: /home/ros/ws/install/turtlebot3_node/share/ament_index/resource_index/packages/turtlebot3_node
[0.668s] -- Up-to-date symlink: /home/ros/ws/install/turtlebot3_node/share/turtlebot3_node/cmake/ament_cmake_export_include_directories-extras.cmake
[0.668s] -- Up-to-date symlink: /home/ros/ws/install/turtlebot3_node/share/turtlebot3_node/cmake/turtlebot3_nodeConfig.cmake
[0.668s] -- Up-to-date symlink: /home/ros/ws/install/turtlebot3_node/share/turtlebot3_node/cmake/turtlebot3_nodeConfig-version.cmake
[0.669s] -- Up-to-date symlink: /home/ros/ws/install/turtlebot3_node/share/turtlebot3_node/package.xml
[0.860s] Invoked command in '/home/ros/ws/build/turtlebot3_node' returned '0': CMAKE_PREFIX_PATH=${CMAKE_PREFIX_PATH}:/home/ros/ws/install/turtlebot3_teleop:/home/ros/ws/install/turtlebot3_example:/opt/ros/humble /usr/bin/cmake --install /home/ros/ws/build/turtlebot3_node
