[2.469s] Invoking command in '/home/ros/ws/src/turtlebot3/turtlebot3_teleop': PYTHONPATH=/home/ros/ws/build/turtlebot3_teleop/prefix_override:/usr/lib/python3/dist-packages/colcon_core/task/python/colcon_distutils_commands:/home/ros/ws/install/turtlebot3_teleop/lib/python3.10/site-packages:${PYTHONPATH} /usr/bin/python3 -W ignore:setup.py install is deprecated -W ignore:easy_install command is deprecated setup.py egg_info --egg-base ../../../build/turtlebot3_teleop build --build-base /home/ros/ws/build/turtlebot3_teleop/build install --record /home/ros/ws/build/turtlebot3_teleop/install.log --single-version-externally-managed install_data
[3.172s] running egg_info
[3.175s] writing ../../../build/turtlebot3_teleop/turtlebot3_teleop.egg-info/PKG-INFO
[3.175s] writing dependency_links to ../../../build/turtlebot3_teleop/turtlebot3_teleop.egg-info/dependency_links.txt
[3.175s] writing entry points to ../../../build/turtlebot3_teleop/turtlebot3_teleop.egg-info/entry_points.txt
[3.175s] writing requirements to ../../../build/turtlebot3_teleop/turtlebot3_teleop.egg-info/requires.txt
[3.176s] writing top-level names to ../../../build/turtlebot3_teleop/turtlebot3_teleop.egg-info/top_level.txt
[3.183s] reading manifest file '../../../build/turtlebot3_teleop/turtlebot3_teleop.egg-info/SOURCES.txt'
[3.187s] writing manifest file '../../../build/turtlebot3_teleop/turtlebot3_teleop.egg-info/SOURCES.txt'
[3.187s] running build
[3.187s] running build_py
[3.189s] running install
[3.190s] running install_lib
[3.194s] running install_data
[3.194s] running install_egg_info
[3.197s] removing '/home/ros/ws/install/turtlebot3_teleop/lib/python3.10/site-packages/turtlebot3_teleop-2.1.5-py3.10.egg-info' (and everything under it)
[3.197s] Copying ../../../build/turtlebot3_teleop/turtlebot3_teleop.egg-info to /home/ros/ws/install/turtlebot3_teleop/lib/python3.10/site-packages/turtlebot3_teleop-2.1.5-py3.10.egg-info
[3.200s] running install_scripts
[3.256s] Installing teleop_keyboard script to /home/ros/ws/install/turtlebot3_teleop/lib/turtlebot3_teleop
[3.258s] writing list of installed files to '/home/ros/ws/build/turtlebot3_teleop/install.log'
[3.352s] Invoked command in '/home/ros/ws/src/turtlebot3/turtlebot3_teleop' returned '0': PYTHONPATH=/home/ros/ws/build/turtlebot3_teleop/prefix_override:/usr/lib/python3/dist-packages/colcon_core/task/python/colcon_distutils_commands:/home/ros/ws/install/turtlebot3_teleop/lib/python3.10/site-packages:${PYTHONPATH} /usr/bin/python3 -W ignore:setup.py install is deprecated -W ignore:easy_install command is deprecated setup.py egg_info --egg-base ../../../build/turtlebot3_teleop build --build-base /home/ros/ws/build/turtlebot3_teleop/build install --record /home/ros/ws/build/turtlebot3_teleop/install.log --single-version-externally-managed install_data
