[5.467s] Invoking command in '/home/ros/ws/src/turtlebot3/turtlebot3_example': PYTHONPATH=/home/ros/ws/build/turtlebot3_example/prefix_override:/usr/lib/python3/dist-packages/colcon_core/task/python/colcon_distutils_commands:/home/ros/ws/install/turtlebot3_example/lib/python3.10/site-packages:${PYTHONPATH} /usr/bin/python3 -W ignore:setup.py install is deprecated -W ignore:easy_install command is deprecated setup.py egg_info --egg-base ../../../build/turtlebot3_example build --build-base /home/ros/ws/build/turtlebot3_example/build install --record /home/ros/ws/build/turtlebot3_example/install.log --single-version-externally-managed install_data
[6.682s] running egg_info
[6.687s] writing ../../../build/turtlebot3_example/turtlebot3_example.egg-info/PKG-INFO
[6.689s] writing dependency_links to ../../../build/turtlebot3_example/turtlebot3_example.egg-info/dependency_links.txt
[6.690s] writing entry points to ../../../build/turtlebot3_example/turtlebot3_example.egg-info/entry_points.txt
[6.690s] writing requirements to ../../../build/turtlebot3_example/turtlebot3_example.egg-info/requires.txt
[6.691s] writing top-level names to ../../../build/turtlebot3_example/turtlebot3_example.egg-info/top_level.txt
[6.704s] reading manifest file '../../../build/turtlebot3_example/turtlebot3_example.egg-info/SOURCES.txt'
[6.706s] writing manifest file '../../../build/turtlebot3_example/turtlebot3_example.egg-info/SOURCES.txt'
[6.707s] running build
[6.707s] running build_py
[6.713s] running install
[6.714s] running install_lib
[6.723s] running install_data
[6.723s] running install_egg_info
[6.730s] removing '/home/ros/ws/install/turtlebot3_example/lib/python3.10/site-packages/turtlebot3_example-2.1.5-py3.10.egg-info' (and everything under it)
[6.730s] Copying ../../../build/turtlebot3_example/turtlebot3_example.egg-info to /home/ros/ws/install/turtlebot3_example/lib/python3.10/site-packages/turtlebot3_example-2.1.5-py3.10.egg-info
[6.732s] running install_scripts
[6.820s] Installing turtlebot3_obstacle_detection script to /home/ros/ws/install/turtlebot3_example/lib/turtlebot3_example
[6.821s] Installing turtlebot3_patrol_client script to /home/ros/ws/install/turtlebot3_example/lib/turtlebot3_example
[6.821s] Installing turtlebot3_patrol_server script to /home/ros/ws/install/turtlebot3_example/lib/turtlebot3_example
[6.822s] Installing turtlebot3_position_control script to /home/ros/ws/install/turtlebot3_example/lib/turtlebot3_example
[6.824s] writing list of installed files to '/home/ros/ws/build/turtlebot3_example/install.log'
[6.918s] Invoked command in '/home/ros/ws/src/turtlebot3/turtlebot3_example' returned '0': PYTHONPATH=/home/ros/ws/build/turtlebot3_example/prefix_override:/usr/lib/python3/dist-packages/colcon_core/task/python/colcon_distutils_commands:/home/ros/ws/install/turtlebot3_example/lib/python3.10/site-packages:${PYTHONPATH} /usr/bin/python3 -W ignore:setup.py install is deprecated -W ignore:easy_install command is deprecated setup.py egg_info --egg-base ../../../build/turtlebot3_example build --build-base /home/ros/ws/build/turtlebot3_example/build install --record /home/ros/ws/build/turtlebot3_example/install.log --single-version-externally-managed install_data
