[0.110s] Invoking command in '/home/ros/ws/build/turtlebot3_cartographer': CMAKE_PREFIX_PATH=${CMAKE_PREFIX_PATH}:/home/ros/ws/install/control_coordination:/home/ros/ws/install/intervention_robot:/home/ros/ws/install/detection_robot:/home/ros/ws/install/turtlebot3_teleop:/home/ros/ws/install/turtlebot3_example:/opt/ros/humble /usr/bin/cmake --build /home/ros/ws/build/turtlebot3_cartographer -- -j8 -l8
[2.621s] Invoked command in '/home/ros/ws/build/turtlebot3_cartographer' returned '0': CMAKE_PREFIX_PATH=${CMAKE_PREFIX_PATH}:/home/ros/ws/install/control_coordination:/home/ros/ws/install/intervention_robot:/home/ros/ws/install/detection_robot:/home/ros/ws/install/turtlebot3_teleop:/home/ros/ws/install/turtlebot3_example:/opt/ros/humble /usr/bin/cmake --build /home/ros/ws/build/turtlebot3_cartographer -- -j8 -l8
[2.624s] Invoking command in '/home/ros/ws/build/turtlebot3_cartographer': CMAKE_PREFIX_PATH=${CMAKE_PREFIX_PATH}:/home/ros/ws/install/control_coordination:/home/ros/ws/install/intervention_robot:/home/ros/ws/install/detection_robot:/home/ros/ws/install/turtlebot3_teleop:/home/ros/ws/install/turtlebot3_example:/opt/ros/humble /usr/bin/cmake --install /home/ros/ws/build/turtlebot3_cartographer
[2.700s] -- Install configuration: ""
[2.702s] -- Execute custom install script
[2.703s] -- Up-to-date symlink: /home/ros/ws/install/turtlebot3_cartographer/share/turtlebot3_cartographer/config/turtlebot3_lds_2d.lua
[2.706s] -- Up-to-date symlink: /home/ros/ws/install/turtlebot3_cartographer/share/turtlebot3_cartographer/launch/cartographer.launch.py
[2.708s] -- Up-to-date symlink: /home/ros/ws/install/turtlebot3_cartographer/share/turtlebot3_cartographer/launch/occupancy_grid.launch.py
[2.708s] -- Up-to-date symlink: /home/ros/ws/install/turtlebot3_cartographer/share/turtlebot3_cartographer/rviz/tb3_cartographer.rviz
[2.709s] -- Up-to-date symlink: /home/ros/ws/install/turtlebot3_cartographer/share/ament_index/resource_index/package_run_dependencies/turtlebot3_cartographer
[2.709s] -- Up-to-date symlink: /home/ros/ws/install/turtlebot3_cartographer/share/ament_index/resource_index/parent_prefix_path/turtlebot3_cartographer
[2.709s] -- Up-to-date symlink: /home/ros/ws/install/turtlebot3_cartographer/share/turtlebot3_cartographer/environment/ament_prefix_path.sh
[2.709s] -- Up-to-date symlink: /home/ros/ws/install/turtlebot3_cartographer/share/turtlebot3_cartographer/environment/ament_prefix_path.dsv
[2.709s] -- Up-to-date symlink: /home/ros/ws/install/turtlebot3_cartographer/share/turtlebot3_cartographer/environment/path.sh
[2.710s] -- Up-to-date symlink: /home/ros/ws/install/turtlebot3_cartographer/share/turtlebot3_cartographer/environment/path.dsv
[2.710s] -- Up-to-date symlink: /home/ros/ws/install/turtlebot3_cartographer/share/turtlebot3_cartographer/local_setup.bash
[2.710s] -- Up-to-date symlink: /home/ros/ws/install/turtlebot3_cartographer/share/turtlebot3_cartographer/local_setup.sh
[2.710s] -- Up-to-date symlink: /home/ros/ws/install/turtlebot3_cartographer/share/turtlebot3_cartographer/local_setup.zsh
[2.711s] -- Up-to-date symlink: /home/ros/ws/install/turtlebot3_cartographer/share/turtlebot3_cartographer/local_setup.dsv
[2.711s] -- Symlinking: /home/ros/ws/install/turtlebot3_cartographer/share/turtlebot3_cartographer/package.dsv
[2.725s] -- Up-to-date symlink: /home/ros/ws/install/turtlebot3_cartographer/share/ament_index/resource_index/packages/turtlebot3_cartographer
[2.725s] -- Up-to-date symlink: /home/ros/ws/install/turtlebot3_cartographer/share/turtlebot3_cartographer/cmake/turtlebot3_cartographerConfig.cmake
[2.725s] -- Up-to-date symlink: /home/ros/ws/install/turtlebot3_cartographer/share/turtlebot3_cartographer/cmake/turtlebot3_cartographerConfig-version.cmake
[2.725s] -- Up-to-date symlink: /home/ros/ws/install/turtlebot3_cartographer/share/turtlebot3_cartographer/package.xml
[2.860s] Invoked command in '/home/ros/ws/build/turtlebot3_cartographer' returned '0': CMAKE_PREFIX_PATH=${CMAKE_PREFIX_PATH}:/home/ros/ws/install/control_coordination:/home/ros/ws/install/intervention_robot:/home/ros/ws/install/detection_robot:/home/ros/ws/install/turtlebot3_teleop:/home/ros/ws/install/turtlebot3_example:/opt/ros/humble /usr/bin/cmake --install /home/ros/ws/build/turtlebot3_cartographer
