[0.367s] Invoking command in '/home/ros/ws/build/turtlebot3_bringup': CMAKE_PREFIX_PATH=/home/ros/ws/install/turtlebot3_node:/home/ros/ws/install/turtlebot3_description:/home/ros/ws/install/turtlebot3:/home/ros/ws/install/turtlebot3_bringup:/home/ros/ws/install/turtlebot3_navigation2:/home/ros/ws/install/turtlebot3_cartographer:/home/ros/ws/install/detection_robot:/home/ros/ws/install/turtlebot3_teleop:/home/ros/ws/install/turtlebot3_example:/opt/ros/humble /usr/bin/cmake --build /home/ros/ws/build/turtlebot3_bringup -- -j8 -l8
[0.609s] Invoked command in '/home/ros/ws/build/turtlebot3_bringup' returned '0': CMAKE_PREFIX_PATH=/home/ros/ws/install/turtlebot3_node:/home/ros/ws/install/turtlebot3_description:/home/ros/ws/install/turtlebot3:/home/ros/ws/install/turtlebot3_bringup:/home/ros/ws/install/turtlebot3_navigation2:/home/ros/ws/install/turtlebot3_cartographer:/home/ros/ws/install/detection_robot:/home/ros/ws/install/turtlebot3_teleop:/home/ros/ws/install/turtlebot3_example:/opt/ros/humble /usr/bin/cmake --build /home/ros/ws/build/turtlebot3_bringup -- -j8 -l8
[0.613s] Invoking command in '/home/ros/ws/build/turtlebot3_bringup': CMAKE_PREFIX_PATH=/home/ros/ws/install/turtlebot3_node:/home/ros/ws/install/turtlebot3_description:/home/ros/ws/install/turtlebot3:/home/ros/ws/install/turtlebot3_bringup:/home/ros/ws/install/turtlebot3_navigation2:/home/ros/ws/install/turtlebot3_cartographer:/home/ros/ws/install/detection_robot:/home/ros/ws/install/turtlebot3_teleop:/home/ros/ws/install/turtlebot3_example:/opt/ros/humble /usr/bin/cmake --install /home/ros/ws/build/turtlebot3_bringup
[0.638s] -- Install configuration: ""
[0.640s] -- Execute custom install script
[0.643s] -- Up-to-date symlink: /home/ros/ws/install/turtlebot3_bringup/share/turtlebot3_bringup/launch/robot.launch.py
[0.643s] -- Up-to-date symlink: /home/ros/ws/install/turtlebot3_bringup/share/turtlebot3_bringup/launch/rviz2.launch.py
[0.644s] -- Up-to-date symlink: /home/ros/ws/install/turtlebot3_bringup/share/turtlebot3_bringup/launch/turtlebot3_state_publisher.launch.py
[0.645s] -- Up-to-date symlink: /home/ros/ws/install/turtlebot3_bringup/share/turtlebot3_bringup/param/burger.yaml
[0.646s] -- Up-to-date symlink: /home/ros/ws/install/turtlebot3_bringup/share/turtlebot3_bringup/param/waffle.yaml
[0.646s] -- Up-to-date symlink: /home/ros/ws/install/turtlebot3_bringup/share/turtlebot3_bringup/param/waffle_pi.yaml
[0.647s] -- Up-to-date symlink: /home/ros/ws/install/turtlebot3_bringup/share/turtlebot3_bringup/script/99-turtlebot3-cdc.rules
[0.647s] -- Up-to-date symlink: /home/ros/ws/install/turtlebot3_bringup/share/turtlebot3_bringup/script/create_udev_rules
[0.648s] -- Up-to-date symlink: /home/ros/ws/install/turtlebot3_bringup/share/ament_index/resource_index/package_run_dependencies/turtlebot3_bringup
[0.648s] -- Up-to-date symlink: /home/ros/ws/install/turtlebot3_bringup/share/ament_index/resource_index/parent_prefix_path/turtlebot3_bringup
[0.649s] -- Up-to-date symlink: /home/ros/ws/install/turtlebot3_bringup/share/turtlebot3_bringup/environment/ament_prefix_path.sh
[0.649s] -- Up-to-date symlink: /home/ros/ws/install/turtlebot3_bringup/share/turtlebot3_bringup/environment/ament_prefix_path.dsv
[0.650s] -- Up-to-date symlink: /home/ros/ws/install/turtlebot3_bringup/share/turtlebot3_bringup/environment/path.sh
[0.650s] -- Up-to-date symlink: /home/ros/ws/install/turtlebot3_bringup/share/turtlebot3_bringup/environment/path.dsv
[0.651s] -- Up-to-date symlink: /home/ros/ws/install/turtlebot3_bringup/share/turtlebot3_bringup/local_setup.bash
[0.653s] -- Up-to-date symlink: /home/ros/ws/install/turtlebot3_bringup/share/turtlebot3_bringup/local_setup.sh
[0.653s] -- Up-to-date symlink: /home/ros/ws/install/turtlebot3_bringup/share/turtlebot3_bringup/local_setup.zsh
[0.658s] -- Up-to-date symlink: /home/ros/ws/install/turtlebot3_bringup/share/turtlebot3_bringup/local_setup.dsv
[0.663s] -- Symlinking: /home/ros/ws/install/turtlebot3_bringup/share/turtlebot3_bringup/package.dsv
[0.697s] -- Up-to-date symlink: /home/ros/ws/install/turtlebot3_bringup/share/ament_index/resource_index/packages/turtlebot3_bringup
[0.697s] -- Up-to-date symlink: /home/ros/ws/install/turtlebot3_bringup/share/turtlebot3_bringup/cmake/turtlebot3_bringupConfig.cmake
[0.698s] -- Up-to-date symlink: /home/ros/ws/install/turtlebot3_bringup/share/turtlebot3_bringup/cmake/turtlebot3_bringupConfig-version.cmake
[0.698s] -- Up-to-date symlink: /home/ros/ws/install/turtlebot3_bringup/share/turtlebot3_bringup/package.xml
[0.706s] Invoked command in '/home/ros/ws/build/turtlebot3_bringup' returned '0': CMAKE_PREFIX_PATH=/home/ros/ws/install/turtlebot3_node:/home/ros/ws/install/turtlebot3_description:/home/ros/ws/install/turtlebot3:/home/ros/ws/install/turtlebot3_bringup:/home/ros/ws/install/turtlebot3_navigation2:/home/ros/ws/install/turtlebot3_cartographer:/home/ros/ws/install/detection_robot:/home/ros/ws/install/turtlebot3_teleop:/home/ros/ws/install/turtlebot3_example:/opt/ros/humble /usr/bin/cmake --install /home/ros/ws/build/turtlebot3_bringup
