[0.032s] Invoking command in '/home/ros/ws/src/build/turtlebot3_node': CMAKE_PREFIX_PATH=/opt/ros/humble /usr/bin/cmake /home/ros/ws/src/turtlebot3/turtlebot3_node -DCMAKE_INSTALL_PREFIX=/home/ros/ws/src/install/turtlebot3_node
[0.293s] -- The C compiler identification is GNU 11.4.0
[0.859s] -- The CXX compiler identification is GNU 11.4.0
[1.148s] -- Detecting C compiler ABI info
[1.335s] -- Detecting C compiler ABI info - done
[1.347s] -- Check for working C compiler: /usr/bin/cc - skipped
[1.348s] -- Detecting C compile features
[1.348s] -- Detecting C compile features - done
[1.353s] -- Detecting CXX compiler ABI info
[1.581s] -- Detecting CXX compiler ABI info - done
[1.595s] -- Check for working CXX compiler: /usr/bin/c++ - skipped
[1.595s] -- Detecting CXX compile features
[1.596s] -- Detecting CXX compile features - done
[1.598s] -- Found ament_cmake: 1.3.11 (/opt/ros/humble/share/ament_cmake/cmake)
[1.806s] -- Found Python3: /usr/bin/python3 (found version "3.10.12") found components: Interpreter 
[3.010s] [31mCMake Error at CMakeLists.txt:19 (find_package):
[3.010s]   By not providing "Finddynamixel_sdk.cmake" in CMAKE_MODULE_PATH this
[3.010s]   project has asked CMake to find a package configuration file provided by
[3.010s]   "dynamixel_sdk", but CMake did not find one.
[3.010s] 
[3.010s]   Could not find a package configuration file provided by "dynamixel_sdk"
[3.010s]   with any of the following names:
[3.010s] 
[3.010s]     dynamixel_sdkConfig.cmake
[3.011s]     dynamixel_sdk-config.cmake
[3.011s] 
[3.011s]   Add the installation prefix of "dynamixel_sdk" to CMAKE_PREFIX_PATH or set
[3.011s]   "dynamixel_sdk_DIR" to a directory containing one of the above files.  If
[3.011s]   "dynamixel_sdk" provides a separate development package or SDK, be sure it
[3.011s]   has been installed.
[3.011s] 
[3.011s] [0m
[3.011s] -- Configuring incomplete, errors occurred!
[3.011s] See also "/home/ros/ws/src/build/turtlebot3_node/CMakeFiles/CMakeOutput.log".
[3.014s] Invoked command in '/home/ros/ws/src/build/turtlebot3_node' returned '1': CMAKE_PREFIX_PATH=/opt/ros/humble /usr/bin/cmake /home/ros/ws/src/turtlebot3/turtlebot3_node -DCMAKE_INSTALL_PREFIX=/home/ros/ws/src/install/turtlebot3_node
