[4.467s] Invoking command in '/home/ros/ws/src/control_coordination': PYTHONPATH=/home/ros/ws/build/control_coordination/prefix_override:/usr/lib/python3/dist-packages/colcon_core/task/python/colcon_distutils_commands:/home/ros/ws/install/control_coordination/lib/python3.10/site-packages:${PYTHONPATH} /usr/bin/python3 -W ignore:setup.py install is deprecated -W ignore:easy_install command is deprecated setup.py egg_info --egg-base ../../build/control_coordination build --build-base /home/ros/ws/build/control_coordination/build install --record /home/ros/ws/build/control_coordination/install.log --single-version-externally-managed install_data
[5.489s] running egg_info
[5.492s] writing ../../build/control_coordination/control_coordination.egg-info/PKG-INFO
[5.498s] writing dependency_links to ../../build/control_coordination/control_coordination.egg-info/dependency_links.txt
[5.498s] writing entry points to ../../build/control_coordination/control_coordination.egg-info/entry_points.txt
[5.498s] writing requirements to ../../build/control_coordination/control_coordination.egg-info/requires.txt
[5.499s] writing top-level names to ../../build/control_coordination/control_coordination.egg-info/top_level.txt
[5.501s] reading manifest file '../../build/control_coordination/control_coordination.egg-info/SOURCES.txt'
[5.503s] writing manifest file '../../build/control_coordination/control_coordination.egg-info/SOURCES.txt'
[5.503s] running build
[5.503s] running build_py
[5.505s] copying control_coordination/control_coordination.py -> /home/ros/ws/build/control_coordination/build/lib/control_coordination
[5.506s] running install
[5.510s] running install_lib
[5.518s] copying /home/ros/ws/build/control_coordination/build/lib/control_coordination/control_coordination.py -> /home/ros/ws/install/control_coordination/lib/python3.10/site-packages/control_coordination
[5.519s] byte-compiling /home/ros/ws/install/control_coordination/lib/python3.10/site-packages/control_coordination/control_coordination.py to control_coordination.cpython-310.pyc
[5.519s] running install_data
[5.519s] running install_egg_info
[5.522s] removing '/home/ros/ws/install/control_coordination/lib/python3.10/site-packages/control_coordination-0.0.0-py3.10.egg-info' (and everything under it)
[5.523s] Copying ../../build/control_coordination/control_coordination.egg-info to /home/ros/ws/install/control_coordination/lib/python3.10/site-packages/control_coordination-0.0.0-py3.10.egg-info
[5.526s] running install_scripts
[5.595s] Installing control_coordination script to /home/ros/ws/install/control_coordination/lib/control_coordination
[5.598s] writing list of installed files to '/home/ros/ws/build/control_coordination/install.log'
[5.775s] Invoked command in '/home/ros/ws/src/control_coordination' returned '0': PYTHONPATH=/home/ros/ws/build/control_coordination/prefix_override:/usr/lib/python3/dist-packages/colcon_core/task/python/colcon_distutils_commands:/home/ros/ws/install/control_coordination/lib/python3.10/site-packages:${PYTHONPATH} /usr/bin/python3 -W ignore:setup.py install is deprecated -W ignore:easy_install command is deprecated setup.py egg_info --egg-base ../../build/control_coordination build --build-base /home/ros/ws/build/control_coordination/build install --record /home/ros/ws/build/control_coordination/install.log --single-version-externally-managed install_data
