[0.449s] Invoking command in '/home/ros/ws/build/turtlebot3_navigation2': CMAKE_PREFIX_PATH=${CMAKE_PREFIX_PATH}:/home/ros/ws/install/intervention_robot:/home/ros/ws/install/detection_robot:/home/ros/ws/install/control_coordination:/home/ros/ws/install/turtlebot3_teleop:/home/ros/ws/install/turtlebot3_example:/opt/ros/humble /usr/bin/cmake --build /home/ros/ws/build/turtlebot3_navigation2 -- -j8 -l8
[1.543s] Invoked command in '/home/ros/ws/build/turtlebot3_navigation2' returned '0': CMAKE_PREFIX_PATH=${CMAKE_PREFIX_PATH}:/home/ros/ws/install/intervention_robot:/home/ros/ws/install/detection_robot:/home/ros/ws/install/control_coordination:/home/ros/ws/install/turtlebot3_teleop:/home/ros/ws/install/turtlebot3_example:/opt/ros/humble /usr/bin/cmake --build /home/ros/ws/build/turtlebot3_navigation2 -- -j8 -l8
[1.546s] Invoking command in '/home/ros/ws/build/turtlebot3_navigation2': CMAKE_PREFIX_PATH=${CMAKE_PREFIX_PATH}:/home/ros/ws/install/intervention_robot:/home/ros/ws/install/detection_robot:/home/ros/ws/install/control_coordination:/home/ros/ws/install/turtlebot3_teleop:/home/ros/ws/install/turtlebot3_example:/opt/ros/humble /usr/bin/cmake --install /home/ros/ws/build/turtlebot3_navigation2
[1.584s] -- Install configuration: ""
[1.584s] -- Execute custom install script
[1.585s] -- Up-to-date symlink: /home/ros/ws/install/turtlebot3_navigation2/share/turtlebot3_navigation2/launch/navigation2.launch.py
[1.585s] -- Up-to-date symlink: /home/ros/ws/install/turtlebot3_navigation2/share/turtlebot3_navigation2/map/map.pgm
[1.585s] -- Up-to-date symlink: /home/ros/ws/install/turtlebot3_navigation2/share/turtlebot3_navigation2/map/map.yaml
[1.585s] -- Up-to-date symlink: /home/ros/ws/install/turtlebot3_navigation2/share/turtlebot3_navigation2/param/burger.yaml
[1.586s] -- Up-to-date symlink: /home/ros/ws/install/turtlebot3_navigation2/share/turtlebot3_navigation2/param/waffle.yaml
[1.586s] -- Up-to-date symlink: /home/ros/ws/install/turtlebot3_navigation2/share/turtlebot3_navigation2/param/waffle_pi.yaml
[1.586s] -- Up-to-date symlink: /home/ros/ws/install/turtlebot3_navigation2/share/turtlebot3_navigation2/rviz/tb3_navigation2.rviz
[1.586s] -- Up-to-date symlink: /home/ros/ws/install/turtlebot3_navigation2/share/ament_index/resource_index/package_run_dependencies/turtlebot3_navigation2
[1.586s] -- Up-to-date symlink: /home/ros/ws/install/turtlebot3_navigation2/share/ament_index/resource_index/parent_prefix_path/turtlebot3_navigation2
[1.586s] -- Up-to-date symlink: /home/ros/ws/install/turtlebot3_navigation2/share/turtlebot3_navigation2/environment/ament_prefix_path.sh
[1.586s] -- Up-to-date symlink: /home/ros/ws/install/turtlebot3_navigation2/share/turtlebot3_navigation2/environment/ament_prefix_path.dsv
[1.587s] -- Up-to-date symlink: /home/ros/ws/install/turtlebot3_navigation2/share/turtlebot3_navigation2/environment/path.sh
[1.587s] -- Up-to-date symlink: /home/ros/ws/install/turtlebot3_navigation2/share/turtlebot3_navigation2/environment/path.dsv
[1.587s] -- Up-to-date symlink: /home/ros/ws/install/turtlebot3_navigation2/share/turtlebot3_navigation2/local_setup.bash
[1.587s] -- Up-to-date symlink: /home/ros/ws/install/turtlebot3_navigation2/share/turtlebot3_navigation2/local_setup.sh
[1.587s] -- Up-to-date symlink: /home/ros/ws/install/turtlebot3_navigation2/share/turtlebot3_navigation2/local_setup.zsh
[1.587s] -- Up-to-date symlink: /home/ros/ws/install/turtlebot3_navigation2/share/turtlebot3_navigation2/local_setup.dsv
[1.588s] -- Symlinking: /home/ros/ws/install/turtlebot3_navigation2/share/turtlebot3_navigation2/package.dsv
[1.590s] -- Up-to-date symlink: /home/ros/ws/install/turtlebot3_navigation2/share/ament_index/resource_index/packages/turtlebot3_navigation2
[1.594s] -- Up-to-date symlink: /home/ros/ws/install/turtlebot3_navigation2/share/turtlebot3_navigation2/cmake/turtlebot3_navigation2Config.cmake
[1.594s] -- Up-to-date symlink: /home/ros/ws/install/turtlebot3_navigation2/share/turtlebot3_navigation2/cmake/turtlebot3_navigation2Config-version.cmake
[1.595s] -- Up-to-date symlink: /home/ros/ws/install/turtlebot3_navigation2/share/turtlebot3_navigation2/package.xml
[1.757s] Invoked command in '/home/ros/ws/build/turtlebot3_navigation2' returned '0': CMAKE_PREFIX_PATH=${CMAKE_PREFIX_PATH}:/home/ros/ws/install/intervention_robot:/home/ros/ws/install/detection_robot:/home/ros/ws/install/control_coordination:/home/ros/ws/install/turtlebot3_teleop:/home/ros/ws/install/turtlebot3_example:/opt/ros/humble /usr/bin/cmake --install /home/ros/ws/build/turtlebot3_navigation2
