running egg_info
writing ../../build/detection_robot/detection_robot.egg-info/PKG-INFO
writing dependency_links to ../../build/detection_robot/detection_robot.egg-info/dependency_links.txt
writing entry points to ../../build/detection_robot/detection_robot.egg-info/entry_points.txt
writing requirements to ../../build/detection_robot/detection_robot.egg-info/requires.txt
writing top-level names to ../../build/detection_robot/detection_robot.egg-info/top_level.txt
reading manifest file '../../build/detection_robot/detection_robot.egg-info/SOURCES.txt'
writing manifest file '../../build/detection_robot/detection_robot.egg-info/SOURCES.txt'
running build
running build_py
copying detection_robot/detection_robot.py -> /home/ros/ws/build/detection_robot/build/lib/detection_robot
running install
running install_lib
copying /home/ros/ws/build/detection_robot/build/lib/detection_robot/detection_robot.py -> /home/ros/ws/install/detection_robot/lib/python3.10/site-packages/detection_robot
byte-compiling /home/ros/ws/install/detection_robot/lib/python3.10/site-packages/detection_robot/detection_robot.py to detection_robot.cpython-310.pyc
running install_data
running install_egg_info
removing '/home/ros/ws/install/detection_robot/lib/python3.10/site-packages/detection_robot-0.0.0-py3.10.egg-info' (and everything under it)
Copying ../../build/detection_robot/detection_robot.egg-info to /home/ros/ws/install/detection_robot/lib/python3.10/site-packages/detection_robot-0.0.0-py3.10.egg-info
running install_scripts
Installing detection_robot script to /home/ros/ws/install/detection_robot/lib/detection_robot
writing list of installed files to '/home/ros/ws/build/detection_robot/install.log'
