[1.169s] Invoking command in '/home/ros/ws/src/intervention_robot': PYTHONPATH=/home/ros/ws/build/intervention_robot/prefix_override:/usr/lib/python3/dist-packages/colcon_core/task/python/colcon_distutils_commands:/home/ros/ws/install/intervention_robot/lib/python3.10/site-packages:${PYTHONPATH} /usr/bin/python3 -W ignore:setup.py install is deprecated -W ignore:easy_install command is deprecated setup.py egg_info --egg-base ../../build/intervention_robot build --build-base /home/ros/ws/build/intervention_robot/build install --record /home/ros/ws/build/intervention_robot/install.log --single-version-externally-managed install_data
[1.439s] running egg_info
[1.440s] writing ../../build/intervention_robot/intervention_robot.egg-info/PKG-INFO
[1.440s] writing dependency_links to ../../build/intervention_robot/intervention_robot.egg-info/dependency_links.txt
[1.440s] writing entry points to ../../build/intervention_robot/intervention_robot.egg-info/entry_points.txt
[1.441s] writing requirements to ../../build/intervention_robot/intervention_robot.egg-info/requires.txt
[1.441s] writing top-level names to ../../build/intervention_robot/intervention_robot.egg-info/top_level.txt
[1.444s] reading manifest file '../../build/intervention_robot/intervention_robot.egg-info/SOURCES.txt'
[1.445s] writing manifest file '../../build/intervention_robot/intervention_robot.egg-info/SOURCES.txt'
[1.445s] running build
[1.445s] running build_py
[1.446s] copying intervention_robot/intervention_robot.py -> /home/ros/ws/build/intervention_robot/build/lib/intervention_robot
[1.446s] running install
[1.446s] running install_lib
[1.447s] copying /home/ros/ws/build/intervention_robot/build/lib/intervention_robot/intervention_robot.py -> /home/ros/ws/install/intervention_robot/lib/python3.10/site-packages/intervention_robot
[1.447s] byte-compiling /home/ros/ws/install/intervention_robot/lib/python3.10/site-packages/intervention_robot/intervention_robot.py to intervention_robot.cpython-310.pyc
[1.448s] running install_data
[1.448s] running install_egg_info
[1.450s] removing '/home/ros/ws/install/intervention_robot/lib/python3.10/site-packages/intervention_robot-0.0.0-py3.10.egg-info' (and everything under it)
[1.451s] Copying ../../build/intervention_robot/intervention_robot.egg-info to /home/ros/ws/install/intervention_robot/lib/python3.10/site-packages/intervention_robot-0.0.0-py3.10.egg-info
[1.452s] running install_scripts
[1.482s] Installing intervention_robot script to /home/ros/ws/install/intervention_robot/lib/intervention_robot
[1.482s] Installing rust_detection_node script to /home/ros/ws/install/intervention_robot/lib/intervention_robot
[1.483s] writing list of installed files to '/home/ros/ws/build/intervention_robot/install.log'
[1.517s] Invoked command in '/home/ros/ws/src/intervention_robot' returned '0': PYTHONPATH=/home/ros/ws/build/intervention_robot/prefix_override:/usr/lib/python3/dist-packages/colcon_core/task/python/colcon_distutils_commands:/home/ros/ws/install/intervention_robot/lib/python3.10/site-packages:${PYTHONPATH} /usr/bin/python3 -W ignore:setup.py install is deprecated -W ignore:easy_install command is deprecated setup.py egg_info --egg-base ../../build/intervention_robot build --build-base /home/ros/ws/build/intervention_robot/build install --record /home/ros/ws/build/intervention_robot/install.log --single-version-externally-managed install_data
