[0.045s] Invoking command in '/home/ros/ws/build/turtlebot3_node': CMAKE_PREFIX_PATH=/opt/ros/humble /usr/bin/cmake /home/ros/ws/src/turtlebot3/turtlebot3_node -DCMAKE_INSTALL_PREFIX=/home/ros/ws/install/turtlebot3_node
[0.378s] -- Found ament_cmake: 1.3.11 (/opt/ros/humble/share/ament_cmake/cmake)
[0.381s] -- Override CMake install command with custom implementation using symlinks instead of copying resources
[2.073s] [31mCMake Error at CMakeLists.txt:19 (find_package):
[2.073s]   By not providing "Finddynamixel_sdk.cmake" in CMAKE_MODULE_PATH this
[2.073s]   project has asked CMake to find a package configuration file provided by
[2.073s]   "dynamixel_sdk", but CMake did not find one.
[2.073s] 
[2.073s]   Could not find a package configuration file provided by "dynamixel_sdk"
[2.073s]   with any of the following names:
[2.073s] 
[2.073s]     dynamixel_sdkConfig.cmake
[2.074s]     dynamixel_sdk-config.cmake
[2.074s] 
[2.074s]   Add the installation prefix of "dynamixel_sdk" to CMAKE_PREFIX_PATH or set
[2.074s]   "dynamixel_sdk_DIR" to a directory containing one of the above files.  If
[2.074s]   "dynamixel_sdk" provides a separate development package or SDK, be sure it
[2.074s]   has been installed.
[2.074s] 
[2.074s] [0m
[2.074s] -- Configuring incomplete, errors occurred!
[2.074s] See also "/home/ros/ws/build/turtlebot3_node/CMakeFiles/CMakeOutput.log".
[2.076s] Invoked command in '/home/ros/ws/build/turtlebot3_node' returned '1': CMAKE_PREFIX_PATH=/opt/ros/humble /usr/bin/cmake /home/ros/ws/src/turtlebot3/turtlebot3_node -DCMAKE_INSTALL_PREFIX=/home/ros/ws/install/turtlebot3_node
