[2.464s] Invoking command in '/home/ros/ws/src/control_coordination': PYTHONPATH=/home/ros/ws/build/control_coordination/prefix_override:/usr/lib/python3/dist-packages/colcon_core/task/python/colcon_distutils_commands:/home/ros/ws/install/control_coordination/lib/python3.10/site-packages:${PYTHONPATH} /usr/bin/python3 -W ignore:setup.py install is deprecated -W ignore:easy_install command is deprecated setup.py egg_info --egg-base ../../build/control_coordination build --build-base /home/ros/ws/build/control_coordination/build install --record /home/ros/ws/build/control_coordination/install.log --single-version-externally-managed install_data
[3.213s] running egg_info
[3.217s] writing ../../build/control_coordination/control_coordination.egg-info/PKG-INFO
[3.218s] writing dependency_links to ../../build/control_coordination/control_coordination.egg-info/dependency_links.txt
[3.218s] writing entry points to ../../build/control_coordination/control_coordination.egg-info/entry_points.txt
[3.219s] writing requirements to ../../build/control_coordination/control_coordination.egg-info/requires.txt
[3.219s] writing top-level names to ../../build/control_coordination/control_coordination.egg-info/top_level.txt
[3.225s] reading manifest file '../../build/control_coordination/control_coordination.egg-info/SOURCES.txt'
[3.229s] writing manifest file '../../build/control_coordination/control_coordination.egg-info/SOURCES.txt'
[3.229s] running build
[3.229s] running build_py
[3.230s] running install
[3.231s] running install_lib
[3.233s] running install_data
[3.233s] copying package.xml -> /home/ros/ws/install/control_coordination/share/control_coordination
[3.233s] running install_egg_info
[3.238s] removing '/home/ros/ws/install/control_coordination/lib/python3.10/site-packages/control_coordination-0.0.0-py3.10.egg-info' (and everything under it)
[3.239s] Copying ../../build/control_coordination/control_coordination.egg-info to /home/ros/ws/install/control_coordination/lib/python3.10/site-packages/control_coordination-0.0.0-py3.10.egg-info
[3.241s] running install_scripts
[3.291s] Installing control_coordination script to /home/ros/ws/install/control_coordination/lib/control_coordination
[3.291s] writing list of installed files to '/home/ros/ws/build/control_coordination/install.log'
[3.400s] Invoked command in '/home/ros/ws/src/control_coordination' returned '0': PYTHONPATH=/home/ros/ws/build/control_coordination/prefix_override:/usr/lib/python3/dist-packages/colcon_core/task/python/colcon_distutils_commands:/home/ros/ws/install/control_coordination/lib/python3.10/site-packages:${PYTHONPATH} /usr/bin/python3 -W ignore:setup.py install is deprecated -W ignore:easy_install command is deprecated setup.py egg_info --egg-base ../../build/control_coordination build --build-base /home/ros/ws/build/control_coordination/build install --record /home/ros/ws/build/control_coordination/install.log --single-version-externally-managed install_data
