[2.354s] Invoking command in '/home/ros/ws/src/detection_robot': PYTHONPATH=/home/ros/ws/build/detection_robot/prefix_override:/usr/lib/python3/dist-packages/colcon_core/task/python/colcon_distutils_commands:/home/ros/ws/install/detection_robot/lib/python3.10/site-packages:${PYTHONPATH} /usr/bin/python3 -W ignore:setup.py install is deprecated -W ignore:easy_install command is deprecated setup.py egg_info --egg-base ../../build/detection_robot build --build-base /home/ros/ws/build/detection_robot/build install --record /home/ros/ws/build/detection_robot/install.log --single-version-externally-managed install_data
[2.846s] running egg_info
[2.847s] writing ../../build/detection_robot/detection_robot.egg-info/PKG-INFO
[2.848s] writing dependency_links to ../../build/detection_robot/detection_robot.egg-info/dependency_links.txt
[2.849s] writing entry points to ../../build/detection_robot/detection_robot.egg-info/entry_points.txt
[2.849s] writing requirements to ../../build/detection_robot/detection_robot.egg-info/requires.txt
[2.850s] writing top-level names to ../../build/detection_robot/detection_robot.egg-info/top_level.txt
[2.854s] reading manifest file '../../build/detection_robot/detection_robot.egg-info/SOURCES.txt'
[2.855s] writing manifest file '../../build/detection_robot/detection_robot.egg-info/SOURCES.txt'
[2.856s] running build
[2.856s] running build_py
[2.856s] running install
[2.857s] running install_lib
[2.859s] running install_data
[2.859s] running install_egg_info
[2.864s] removing '/home/ros/ws/install/detection_robot/lib/python3.10/site-packages/detection_robot-0.0.0-py3.10.egg-info' (and everything under it)
[2.864s] Copying ../../build/detection_robot/detection_robot.egg-info to /home/ros/ws/install/detection_robot/lib/python3.10/site-packages/detection_robot-0.0.0-py3.10.egg-info
[2.865s] running install_scripts
[2.906s] Installing detection_robot script to /home/ros/ws/install/detection_robot/lib/detection_robot
[2.906s] writing list of installed files to '/home/ros/ws/build/detection_robot/install.log'
[2.978s] Invoked command in '/home/ros/ws/src/detection_robot' returned '0': PYTHONPATH=/home/ros/ws/build/detection_robot/prefix_override:/usr/lib/python3/dist-packages/colcon_core/task/python/colcon_distutils_commands:/home/ros/ws/install/detection_robot/lib/python3.10/site-packages:${PYTHONPATH} /usr/bin/python3 -W ignore:setup.py install is deprecated -W ignore:easy_install command is deprecated setup.py egg_info --egg-base ../../build/detection_robot build --build-base /home/ros/ws/build/detection_robot/build install --record /home/ros/ws/build/detection_robot/install.log --single-version-externally-managed install_data
