[0.221s] DEBUG:colcon:Command line arguments: ['/usr/bin/colcon', 'build']
[0.221s] DEBUG:colcon:Parsed command line arguments: Namespace(log_base=None, log_level=None, verb_name='build', build_base='build', install_base='install', merge_install=False, symlink_install=False, test_result_base=None, continue_on_error=False, executor='parallel', parallel_workers=8, event_handlers=None, ignore_user_meta=False, metas=['./colcon.meta'], base_paths=['.'], packages_ignore=None, packages_ignore_regex=None, paths=None, packages_up_to=None, packages_up_to_regex=None, packages_above=None, packages_above_and_dependencies=None, packages_above_depth=None, packages_select_by_dep=None, packages_skip_by_dep=None, packages_skip_up_to=None, packages_select_build_failed=False, packages_skip_build_finished=False, packages_select_test_failures=False, packages_skip_test_passed=False, packages_select=None, packages_skip=None, packages_select_regex=None, packages_skip_regex=None, packages_start=None, packages_end=None, allow_overriding=[], cmake_args=None, cmake_target=None, cmake_target_skip_unavailable=False, cmake_clean_cache=False, cmake_clean_first=False, cmake_force_configure=False, ament_cmake_args=None, catkin_cmake_args=None, catkin_skip_building_tests=False, verb_parser=<colcon_defaults.argument_parser.defaults.DefaultArgumentsDecorator object at 0x7fed565b6680>, verb_extension=<colcon_core.verb.build.BuildVerb object at 0x7fed5672bca0>, main=<bound method BuildVerb.main of <colcon_core.verb.build.BuildVerb object at 0x7fed5672bca0>>)
[0.381s] Level 1:colcon.colcon_core.package_discovery:discover_packages(colcon_meta) check parameters
[0.381s] Level 1:colcon.colcon_core.package_discovery:discover_packages(recursive) check parameters
[0.381s] Level 1:colcon.colcon_core.package_discovery:discover_packages(ignore) check parameters
[0.381s] Level 1:colcon.colcon_core.package_discovery:discover_packages(path) check parameters
[0.381s] Level 1:colcon.colcon_core.package_discovery:discover_packages(colcon_meta) discover
[0.381s] Level 1:colcon.colcon_core.package_discovery:discover_packages(recursive) discover
[0.381s] INFO:colcon.colcon_core.package_discovery:Crawling recursively for packages in '/home/ros/ws'
[0.381s] Level 1:colcon.colcon_core.package_identification:_identify(.) by extensions ['ignore', 'ignore_ament_install']
[0.382s] Level 1:colcon.colcon_core.package_identification:_identify(.) by extension 'ignore'
[0.382s] Level 1:colcon.colcon_core.package_identification:_identify(.) by extension 'ignore_ament_install'
[0.382s] Level 1:colcon.colcon_core.package_identification:_identify(.) by extensions ['colcon_pkg']
[0.382s] Level 1:colcon.colcon_core.package_identification:_identify(.) by extension 'colcon_pkg'
[0.382s] Level 1:colcon.colcon_core.package_identification:_identify(.) by extensions ['colcon_meta']
[0.382s] Level 1:colcon.colcon_core.package_identification:_identify(.) by extension 'colcon_meta'
[0.382s] Level 1:colcon.colcon_core.package_identification:_identify(.) by extensions ['ros']
[0.382s] Level 1:colcon.colcon_core.package_identification:_identify(.) by extension 'ros'
[0.394s] Level 1:colcon.colcon_core.package_identification:_identify(.) by extensions ['cmake', 'python']
[0.394s] Level 1:colcon.colcon_core.package_identification:_identify(.) by extension 'cmake'
[0.395s] Level 1:colcon.colcon_core.package_identification:_identify(.) by extension 'python'
[0.395s] Level 1:colcon.colcon_core.package_identification:_identify(.) by extensions ['python_setup_py']
[0.395s] Level 1:colcon.colcon_core.package_identification:_identify(.) by extension 'python_setup_py'
[0.395s] Level 1:colcon.colcon_core.package_identification:_identify(build) by extensions ['ignore', 'ignore_ament_install']
[0.395s] Level 1:colcon.colcon_core.package_identification:_identify(build) by extension 'ignore'
[0.395s] Level 1:colcon.colcon_core.package_identification:_identify(build) ignored
[0.395s] Level 1:colcon.colcon_core.package_identification:_identify(install) by extensions ['ignore', 'ignore_ament_install']
[0.395s] Level 1:colcon.colcon_core.package_identification:_identify(install) by extension 'ignore'
[0.395s] Level 1:colcon.colcon_core.package_identification:_identify(install) ignored
[0.395s] Level 1:colcon.colcon_core.package_identification:_identify(log) by extensions ['ignore', 'ignore_ament_install']
[0.395s] Level 1:colcon.colcon_core.package_identification:_identify(log) by extension 'ignore'
[0.395s] Level 1:colcon.colcon_core.package_identification:_identify(log) ignored
[0.396s] Level 1:colcon.colcon_core.package_identification:_identify(src) by extensions ['ignore', 'ignore_ament_install']
[0.396s] Level 1:colcon.colcon_core.package_identification:_identify(src) by extension 'ignore'
[0.396s] Level 1:colcon.colcon_core.package_identification:_identify(src) by extension 'ignore_ament_install'
[0.396s] Level 1:colcon.colcon_core.package_identification:_identify(src) by extensions ['colcon_pkg']
[0.396s] Level 1:colcon.colcon_core.package_identification:_identify(src) by extension 'colcon_pkg'
[0.396s] Level 1:colcon.colcon_core.package_identification:_identify(src) by extensions ['colcon_meta']
[0.396s] Level 1:colcon.colcon_core.package_identification:_identify(src) by extension 'colcon_meta'
[0.396s] Level 1:colcon.colcon_core.package_identification:_identify(src) by extensions ['ros']
[0.396s] Level 1:colcon.colcon_core.package_identification:_identify(src) by extension 'ros'
[0.396s] Level 1:colcon.colcon_core.package_identification:_identify(src) by extensions ['cmake', 'python']
[0.396s] Level 1:colcon.colcon_core.package_identification:_identify(src) by extension 'cmake'
[0.396s] Level 1:colcon.colcon_core.package_identification:_identify(src) by extension 'python'
[0.396s] Level 1:colcon.colcon_core.package_identification:_identify(src) by extensions ['python_setup_py']
[0.396s] Level 1:colcon.colcon_core.package_identification:_identify(src) by extension 'python_setup_py'
[0.396s] Level 1:colcon.colcon_core.package_identification:_identify(src/build) by extensions ['ignore', 'ignore_ament_install']
[0.396s] Level 1:colcon.colcon_core.package_identification:_identify(src/build) by extension 'ignore'
[0.396s] Level 1:colcon.colcon_core.package_identification:_identify(src/build) ignored
[0.397s] Level 1:colcon.colcon_core.package_identification:_identify(src/install) by extensions ['ignore', 'ignore_ament_install']
[0.397s] Level 1:colcon.colcon_core.package_identification:_identify(src/install) by extension 'ignore'
[0.397s] Level 1:colcon.colcon_core.package_identification:_identify(src/install) ignored
[0.397s] Level 1:colcon.colcon_core.package_identification:_identify(src/log) by extensions ['ignore', 'ignore_ament_install']
[0.397s] Level 1:colcon.colcon_core.package_identification:_identify(src/log) by extension 'ignore'
[0.397s] Level 1:colcon.colcon_core.package_identification:_identify(src/log) ignored
[0.397s] Level 1:colcon.colcon_core.package_identification:_identify(src/turtlebot3) by extensions ['ignore', 'ignore_ament_install']
[0.397s] Level 1:colcon.colcon_core.package_identification:_identify(src/turtlebot3) by extension 'ignore'
[0.397s] Level 1:colcon.colcon_core.package_identification:_identify(src/turtlebot3) by extension 'ignore_ament_install'
[0.397s] Level 1:colcon.colcon_core.package_identification:_identify(src/turtlebot3) by extensions ['colcon_pkg']
[0.397s] Level 1:colcon.colcon_core.package_identification:_identify(src/turtlebot3) by extension 'colcon_pkg'
[0.397s] Level 1:colcon.colcon_core.package_identification:_identify(src/turtlebot3) by extensions ['colcon_meta']
[0.397s] Level 1:colcon.colcon_core.package_identification:_identify(src/turtlebot3) by extension 'colcon_meta'
[0.397s] Level 1:colcon.colcon_core.package_identification:_identify(src/turtlebot3) by extensions ['ros']
[0.397s] Level 1:colcon.colcon_core.package_identification:_identify(src/turtlebot3) by extension 'ros'
[0.397s] Level 1:colcon.colcon_core.package_identification:_identify(src/turtlebot3) by extensions ['cmake', 'python']
[0.397s] Level 1:colcon.colcon_core.package_identification:_identify(src/turtlebot3) by extension 'cmake'
[0.398s] Level 1:colcon.colcon_core.package_identification:_identify(src/turtlebot3) by extension 'python'
[0.398s] Level 1:colcon.colcon_core.package_identification:_identify(src/turtlebot3) by extensions ['python_setup_py']
[0.398s] Level 1:colcon.colcon_core.package_identification:_identify(src/turtlebot3) by extension 'python_setup_py'
[0.398s] Level 1:colcon.colcon_core.package_identification:_identify(src/turtlebot3/turtlebot3) by extensions ['ignore', 'ignore_ament_install']
[0.398s] Level 1:colcon.colcon_core.package_identification:_identify(src/turtlebot3/turtlebot3) by extension 'ignore'
[0.398s] Level 1:colcon.colcon_core.package_identification:_identify(src/turtlebot3/turtlebot3) by extension 'ignore_ament_install'
[0.398s] Level 1:colcon.colcon_core.package_identification:_identify(src/turtlebot3/turtlebot3) by extensions ['colcon_pkg']
[0.398s] Level 1:colcon.colcon_core.package_identification:_identify(src/turtlebot3/turtlebot3) by extension 'colcon_pkg'
[0.398s] Level 1:colcon.colcon_core.package_identification:_identify(src/turtlebot3/turtlebot3) by extensions ['colcon_meta']
[0.398s] Level 1:colcon.colcon_core.package_identification:_identify(src/turtlebot3/turtlebot3) by extension 'colcon_meta'
[0.398s] Level 1:colcon.colcon_core.package_identification:_identify(src/turtlebot3/turtlebot3) by extensions ['ros']
[0.398s] Level 1:colcon.colcon_core.package_identification:_identify(src/turtlebot3/turtlebot3) by extension 'ros'
[0.400s] DEBUG:colcon.colcon_core.package_identification:Package 'src/turtlebot3/turtlebot3' with type 'ros.ament_cmake' and name 'turtlebot3'
[0.400s] Level 1:colcon.colcon_core.package_identification:_identify(src/turtlebot3/turtlebot3_bringup) by extensions ['ignore', 'ignore_ament_install']
[0.401s] Level 1:colcon.colcon_core.package_identification:_identify(src/turtlebot3/turtlebot3_bringup) by extension 'ignore'
[0.401s] Level 1:colcon.colcon_core.package_identification:_identify(src/turtlebot3/turtlebot3_bringup) by extension 'ignore_ament_install'
[0.401s] Level 1:colcon.colcon_core.package_identification:_identify(src/turtlebot3/turtlebot3_bringup) by extensions ['colcon_pkg']
[0.401s] Level 1:colcon.colcon_core.package_identification:_identify(src/turtlebot3/turtlebot3_bringup) by extension 'colcon_pkg'
[0.401s] Level 1:colcon.colcon_core.package_identification:_identify(src/turtlebot3/turtlebot3_bringup) by extensions ['colcon_meta']
[0.401s] Level 1:colcon.colcon_core.package_identification:_identify(src/turtlebot3/turtlebot3_bringup) by extension 'colcon_meta'
[0.401s] Level 1:colcon.colcon_core.package_identification:_identify(src/turtlebot3/turtlebot3_bringup) by extensions ['ros']
[0.401s] Level 1:colcon.colcon_core.package_identification:_identify(src/turtlebot3/turtlebot3_bringup) by extension 'ros'
[0.402s] DEBUG:colcon.colcon_core.package_identification:Package 'src/turtlebot3/turtlebot3_bringup' with type 'ros.ament_cmake' and name 'turtlebot3_bringup'
[0.402s] Level 1:colcon.colcon_core.package_identification:_identify(src/turtlebot3/turtlebot3_cartographer) by extensions ['ignore', 'ignore_ament_install']
[0.402s] Level 1:colcon.colcon_core.package_identification:_identify(src/turtlebot3/turtlebot3_cartographer) by extension 'ignore'
[0.402s] Level 1:colcon.colcon_core.package_identification:_identify(src/turtlebot3/turtlebot3_cartographer) by extension 'ignore_ament_install'
[0.402s] Level 1:colcon.colcon_core.package_identification:_identify(src/turtlebot3/turtlebot3_cartographer) by extensions ['colcon_pkg']
[0.402s] Level 1:colcon.colcon_core.package_identification:_identify(src/turtlebot3/turtlebot3_cartographer) by extension 'colcon_pkg'
[0.402s] Level 1:colcon.colcon_core.package_identification:_identify(src/turtlebot3/turtlebot3_cartographer) by extensions ['colcon_meta']
[0.402s] Level 1:colcon.colcon_core.package_identification:_identify(src/turtlebot3/turtlebot3_cartographer) by extension 'colcon_meta'
[0.402s] Level 1:colcon.colcon_core.package_identification:_identify(src/turtlebot3/turtlebot3_cartographer) by extensions ['ros']
[0.402s] Level 1:colcon.colcon_core.package_identification:_identify(src/turtlebot3/turtlebot3_cartographer) by extension 'ros'
[0.403s] DEBUG:colcon.colcon_core.package_identification:Package 'src/turtlebot3/turtlebot3_cartographer' with type 'ros.ament_cmake' and name 'turtlebot3_cartographer'
[0.403s] Level 1:colcon.colcon_core.package_identification:_identify(src/turtlebot3/turtlebot3_description) by extensions ['ignore', 'ignore_ament_install']
[0.403s] Level 1:colcon.colcon_core.package_identification:_identify(src/turtlebot3/turtlebot3_description) by extension 'ignore'
[0.403s] Level 1:colcon.colcon_core.package_identification:_identify(src/turtlebot3/turtlebot3_description) by extension 'ignore_ament_install'
[0.403s] Level 1:colcon.colcon_core.package_identification:_identify(src/turtlebot3/turtlebot3_description) by extensions ['colcon_pkg']
[0.403s] Level 1:colcon.colcon_core.package_identification:_identify(src/turtlebot3/turtlebot3_description) by extension 'colcon_pkg'
[0.403s] Level 1:colcon.colcon_core.package_identification:_identify(src/turtlebot3/turtlebot3_description) by extensions ['colcon_meta']
[0.403s] Level 1:colcon.colcon_core.package_identification:_identify(src/turtlebot3/turtlebot3_description) by extension 'colcon_meta'
[0.403s] Level 1:colcon.colcon_core.package_identification:_identify(src/turtlebot3/turtlebot3_description) by extensions ['ros']
[0.403s] Level 1:colcon.colcon_core.package_identification:_identify(src/turtlebot3/turtlebot3_description) by extension 'ros'
[0.404s] DEBUG:colcon.colcon_core.package_identification:Package 'src/turtlebot3/turtlebot3_description' with type 'ros.ament_cmake' and name 'turtlebot3_description'
[0.404s] Level 1:colcon.colcon_core.package_identification:_identify(src/turtlebot3/turtlebot3_example) by extensions ['ignore', 'ignore_ament_install']
[0.404s] Level 1:colcon.colcon_core.package_identification:_identify(src/turtlebot3/turtlebot3_example) by extension 'ignore'
[0.404s] Level 1:colcon.colcon_core.package_identification:_identify(src/turtlebot3/turtlebot3_example) by extension 'ignore_ament_install'
[0.404s] Level 1:colcon.colcon_core.package_identification:_identify(src/turtlebot3/turtlebot3_example) by extensions ['colcon_pkg']
[0.404s] Level 1:colcon.colcon_core.package_identification:_identify(src/turtlebot3/turtlebot3_example) by extension 'colcon_pkg'
[0.404s] Level 1:colcon.colcon_core.package_identification:_identify(src/turtlebot3/turtlebot3_example) by extensions ['colcon_meta']
[0.404s] Level 1:colcon.colcon_core.package_identification:_identify(src/turtlebot3/turtlebot3_example) by extension 'colcon_meta'
[0.404s] Level 1:colcon.colcon_core.package_identification:_identify(src/turtlebot3/turtlebot3_example) by extensions ['ros']
[0.404s] Level 1:colcon.colcon_core.package_identification:_identify(src/turtlebot3/turtlebot3_example) by extension 'ros'
[0.405s] DEBUG:colcon.colcon_core.package_identification:Package 'src/turtlebot3/turtlebot3_example' with type 'ros.ament_python' and name 'turtlebot3_example'
[0.405s] Level 1:colcon.colcon_core.package_identification:_identify(src/turtlebot3/turtlebot3_navigation2) by extensions ['ignore', 'ignore_ament_install']
[0.405s] Level 1:colcon.colcon_core.package_identification:_identify(src/turtlebot3/turtlebot3_navigation2) by extension 'ignore'
[0.405s] Level 1:colcon.colcon_core.package_identification:_identify(src/turtlebot3/turtlebot3_navigation2) by extension 'ignore_ament_install'
[0.405s] Level 1:colcon.colcon_core.package_identification:_identify(src/turtlebot3/turtlebot3_navigation2) by extensions ['colcon_pkg']
[0.405s] Level 1:colcon.colcon_core.package_identification:_identify(src/turtlebot3/turtlebot3_navigation2) by extension 'colcon_pkg'
[0.405s] Level 1:colcon.colcon_core.package_identification:_identify(src/turtlebot3/turtlebot3_navigation2) by extensions ['colcon_meta']
[0.406s] Level 1:colcon.colcon_core.package_identification:_identify(src/turtlebot3/turtlebot3_navigation2) by extension 'colcon_meta'
[0.406s] Level 1:colcon.colcon_core.package_identification:_identify(src/turtlebot3/turtlebot3_navigation2) by extensions ['ros']
[0.406s] Level 1:colcon.colcon_core.package_identification:_identify(src/turtlebot3/turtlebot3_navigation2) by extension 'ros'
[0.406s] DEBUG:colcon.colcon_core.package_identification:Package 'src/turtlebot3/turtlebot3_navigation2' with type 'ros.ament_cmake' and name 'turtlebot3_navigation2'
[0.406s] Level 1:colcon.colcon_core.package_identification:_identify(src/turtlebot3/turtlebot3_node) by extensions ['ignore', 'ignore_ament_install']
[0.406s] Level 1:colcon.colcon_core.package_identification:_identify(src/turtlebot3/turtlebot3_node) by extension 'ignore'
[0.406s] Level 1:colcon.colcon_core.package_identification:_identify(src/turtlebot3/turtlebot3_node) by extension 'ignore_ament_install'
[0.407s] Level 1:colcon.colcon_core.package_identification:_identify(src/turtlebot3/turtlebot3_node) by extensions ['colcon_pkg']
[0.407s] Level 1:colcon.colcon_core.package_identification:_identify(src/turtlebot3/turtlebot3_node) by extension 'colcon_pkg'
[0.407s] Level 1:colcon.colcon_core.package_identification:_identify(src/turtlebot3/turtlebot3_node) by extensions ['colcon_meta']
[0.407s] Level 1:colcon.colcon_core.package_identification:_identify(src/turtlebot3/turtlebot3_node) by extension 'colcon_meta'
[0.407s] Level 1:colcon.colcon_core.package_identification:_identify(src/turtlebot3/turtlebot3_node) by extensions ['ros']
[0.407s] Level 1:colcon.colcon_core.package_identification:_identify(src/turtlebot3/turtlebot3_node) by extension 'ros'
[0.408s] DEBUG:colcon.colcon_core.package_identification:Package 'src/turtlebot3/turtlebot3_node' with type 'ros.ament_cmake' and name 'turtlebot3_node'
[0.408s] Level 1:colcon.colcon_core.package_identification:_identify(src/turtlebot3/turtlebot3_teleop) by extensions ['ignore', 'ignore_ament_install']
[0.408s] Level 1:colcon.colcon_core.package_identification:_identify(src/turtlebot3/turtlebot3_teleop) by extension 'ignore'
[0.408s] Level 1:colcon.colcon_core.package_identification:_identify(src/turtlebot3/turtlebot3_teleop) by extension 'ignore_ament_install'
[0.408s] Level 1:colcon.colcon_core.package_identification:_identify(src/turtlebot3/turtlebot3_teleop) by extensions ['colcon_pkg']
[0.408s] Level 1:colcon.colcon_core.package_identification:_identify(src/turtlebot3/turtlebot3_teleop) by extension 'colcon_pkg'
[0.408s] Level 1:colcon.colcon_core.package_identification:_identify(src/turtlebot3/turtlebot3_teleop) by extensions ['colcon_meta']
[0.408s] Level 1:colcon.colcon_core.package_identification:_identify(src/turtlebot3/turtlebot3_teleop) by extension 'colcon_meta'
[0.408s] Level 1:colcon.colcon_core.package_identification:_identify(src/turtlebot3/turtlebot3_teleop) by extensions ['ros']
[0.408s] Level 1:colcon.colcon_core.package_identification:_identify(src/turtlebot3/turtlebot3_teleop) by extension 'ros'
[0.409s] DEBUG:colcon.colcon_core.package_identification:Package 'src/turtlebot3/turtlebot3_teleop' with type 'ros.ament_python' and name 'turtlebot3_teleop'
[0.409s] Level 1:colcon.colcon_core.package_identification:_identify(world) by extensions ['ignore', 'ignore_ament_install']
[0.409s] Level 1:colcon.colcon_core.package_identification:_identify(world) by extension 'ignore'
[0.409s] Level 1:colcon.colcon_core.package_identification:_identify(world) by extension 'ignore_ament_install'
[0.409s] Level 1:colcon.colcon_core.package_identification:_identify(world) by extensions ['colcon_pkg']
[0.409s] Level 1:colcon.colcon_core.package_identification:_identify(world) by extension 'colcon_pkg'
[0.409s] Level 1:colcon.colcon_core.package_identification:_identify(world) by extensions ['colcon_meta']
[0.409s] Level 1:colcon.colcon_core.package_identification:_identify(world) by extension 'colcon_meta'
[0.409s] Level 1:colcon.colcon_core.package_identification:_identify(world) by extensions ['ros']
[0.409s] Level 1:colcon.colcon_core.package_identification:_identify(world) by extension 'ros'
[0.409s] Level 1:colcon.colcon_core.package_identification:_identify(world) by extensions ['cmake', 'python']
[0.410s] Level 1:colcon.colcon_core.package_identification:_identify(world) by extension 'cmake'
[0.410s] Level 1:colcon.colcon_core.package_identification:_identify(world) by extension 'python'
[0.410s] Level 1:colcon.colcon_core.package_identification:_identify(world) by extensions ['python_setup_py']
[0.410s] Level 1:colcon.colcon_core.package_identification:_identify(world) by extension 'python_setup_py'
[0.410s] Level 1:colcon.colcon_core.package_discovery:discover_packages(recursive) using defaults
[0.410s] Level 1:colcon.colcon_core.package_discovery:discover_packages(ignore) discover
[0.410s] Level 1:colcon.colcon_core.package_discovery:discover_packages(ignore) using defaults
[0.410s] Level 1:colcon.colcon_core.package_discovery:discover_packages(path) discover
[0.410s] Level 1:colcon.colcon_core.package_discovery:discover_packages(path) using defaults
[0.431s] Level 1:colcon.colcon_core.package_discovery:discover_packages(prefix_path) check parameters
[0.431s] Level 1:colcon.colcon_core.package_discovery:discover_packages(prefix_path) discover
[0.433s] DEBUG:colcon.colcon_installed_package_information.package_discovery:Found 6 installed packages in /home/ros/ws/install
[0.435s] DEBUG:colcon.colcon_installed_package_information.package_discovery:Found 280 installed packages in /opt/ros/humble
[0.448s] Level 1:colcon.colcon_core.package_discovery:discover_packages(prefix_path) using defaults
[0.486s] Level 5:colcon.colcon_core.verb:set package 'turtlebot3_cartographer' build argument 'cmake_args' from command line to 'None'
[0.486s] Level 5:colcon.colcon_core.verb:set package 'turtlebot3_cartographer' build argument 'cmake_target' from command line to 'None'
[0.486s] Level 5:colcon.colcon_core.verb:set package 'turtlebot3_cartographer' build argument 'cmake_target_skip_unavailable' from command line to 'False'
[0.486s] Level 5:colcon.colcon_core.verb:set package 'turtlebot3_cartographer' build argument 'cmake_clean_cache' from command line to 'False'
[0.486s] Level 5:colcon.colcon_core.verb:set package 'turtlebot3_cartographer' build argument 'cmake_clean_first' from command line to 'False'
[0.486s] Level 5:colcon.colcon_core.verb:set package 'turtlebot3_cartographer' build argument 'cmake_force_configure' from command line to 'False'
[0.486s] Level 5:colcon.colcon_core.verb:set package 'turtlebot3_cartographer' build argument 'ament_cmake_args' from command line to 'None'
[0.486s] Level 5:colcon.colcon_core.verb:set package 'turtlebot3_cartographer' build argument 'catkin_cmake_args' from command line to 'None'
[0.487s] Level 5:colcon.colcon_core.verb:set package 'turtlebot3_cartographer' build argument 'catkin_skip_building_tests' from command line to 'False'
[0.487s] DEBUG:colcon.colcon_core.verb:Building package 'turtlebot3_cartographer' with the following arguments: {'ament_cmake_args': None, 'build_base': '/home/ros/ws/build/turtlebot3_cartographer', 'catkin_cmake_args': None, 'catkin_skip_building_tests': False, 'cmake_args': None, 'cmake_clean_cache': False, 'cmake_clean_first': False, 'cmake_force_configure': False, 'cmake_target': None, 'cmake_target_skip_unavailable': False, 'install_base': '/home/ros/ws/install/turtlebot3_cartographer', 'merge_install': False, 'path': '/home/ros/ws/src/turtlebot3/turtlebot3_cartographer', 'symlink_install': False, 'test_result_base': None}
[0.487s] Level 5:colcon.colcon_core.verb:set package 'turtlebot3_description' build argument 'cmake_args' from command line to 'None'
[0.487s] Level 5:colcon.colcon_core.verb:set package 'turtlebot3_description' build argument 'cmake_target' from command line to 'None'
[0.487s] Level 5:colcon.colcon_core.verb:set package 'turtlebot3_description' build argument 'cmake_target_skip_unavailable' from command line to 'False'
[0.487s] Level 5:colcon.colcon_core.verb:set package 'turtlebot3_description' build argument 'cmake_clean_cache' from command line to 'False'
[0.487s] Level 5:colcon.colcon_core.verb:set package 'turtlebot3_description' build argument 'cmake_clean_first' from command line to 'False'
[0.487s] Level 5:colcon.colcon_core.verb:set package 'turtlebot3_description' build argument 'cmake_force_configure' from command line to 'False'
[0.487s] Level 5:colcon.colcon_core.verb:set package 'turtlebot3_description' build argument 'ament_cmake_args' from command line to 'None'
[0.487s] Level 5:colcon.colcon_core.verb:set package 'turtlebot3_description' build argument 'catkin_cmake_args' from command line to 'None'
[0.487s] Level 5:colcon.colcon_core.verb:set package 'turtlebot3_description' build argument 'catkin_skip_building_tests' from command line to 'False'
[0.487s] DEBUG:colcon.colcon_core.verb:Building package 'turtlebot3_description' with the following arguments: {'ament_cmake_args': None, 'build_base': '/home/ros/ws/build/turtlebot3_description', 'catkin_cmake_args': None, 'catkin_skip_building_tests': False, 'cmake_args': None, 'cmake_clean_cache': False, 'cmake_clean_first': False, 'cmake_force_configure': False, 'cmake_target': None, 'cmake_target_skip_unavailable': False, 'install_base': '/home/ros/ws/install/turtlebot3_description', 'merge_install': False, 'path': '/home/ros/ws/src/turtlebot3/turtlebot3_description', 'symlink_install': False, 'test_result_base': None}
[0.487s] Level 5:colcon.colcon_core.verb:set package 'turtlebot3_example' build argument 'cmake_args' from command line to 'None'
[0.487s] Level 5:colcon.colcon_core.verb:set package 'turtlebot3_example' build argument 'cmake_target' from command line to 'None'
[0.488s] Level 5:colcon.colcon_core.verb:set package 'turtlebot3_example' build argument 'cmake_target_skip_unavailable' from command line to 'False'
[0.488s] Level 5:colcon.colcon_core.verb:set package 'turtlebot3_example' build argument 'cmake_clean_cache' from command line to 'False'
[0.488s] Level 5:colcon.colcon_core.verb:set package 'turtlebot3_example' build argument 'cmake_clean_first' from command line to 'False'
[0.488s] Level 5:colcon.colcon_core.verb:set package 'turtlebot3_example' build argument 'cmake_force_configure' from command line to 'False'
[0.488s] Level 5:colcon.colcon_core.verb:set package 'turtlebot3_example' build argument 'ament_cmake_args' from command line to 'None'
[0.488s] Level 5:colcon.colcon_core.verb:set package 'turtlebot3_example' build argument 'catkin_cmake_args' from command line to 'None'
[0.488s] Level 5:colcon.colcon_core.verb:set package 'turtlebot3_example' build argument 'catkin_skip_building_tests' from command line to 'False'
[0.488s] DEBUG:colcon.colcon_core.verb:Building package 'turtlebot3_example' with the following arguments: {'ament_cmake_args': None, 'build_base': '/home/ros/ws/build/turtlebot3_example', 'catkin_cmake_args': None, 'catkin_skip_building_tests': False, 'cmake_args': None, 'cmake_clean_cache': False, 'cmake_clean_first': False, 'cmake_force_configure': False, 'cmake_target': None, 'cmake_target_skip_unavailable': False, 'install_base': '/home/ros/ws/install/turtlebot3_example', 'merge_install': False, 'path': '/home/ros/ws/src/turtlebot3/turtlebot3_example', 'symlink_install': False, 'test_result_base': None}
[0.488s] Level 5:colcon.colcon_core.verb:set package 'turtlebot3_navigation2' build argument 'cmake_args' from command line to 'None'
[0.488s] Level 5:colcon.colcon_core.verb:set package 'turtlebot3_navigation2' build argument 'cmake_target' from command line to 'None'
[0.488s] Level 5:colcon.colcon_core.verb:set package 'turtlebot3_navigation2' build argument 'cmake_target_skip_unavailable' from command line to 'False'
[0.488s] Level 5:colcon.colcon_core.verb:set package 'turtlebot3_navigation2' build argument 'cmake_clean_cache' from command line to 'False'
[0.488s] Level 5:colcon.colcon_core.verb:set package 'turtlebot3_navigation2' build argument 'cmake_clean_first' from command line to 'False'
[0.488s] Level 5:colcon.colcon_core.verb:set package 'turtlebot3_navigation2' build argument 'cmake_force_configure' from command line to 'False'
[0.488s] Level 5:colcon.colcon_core.verb:set package 'turtlebot3_navigation2' build argument 'ament_cmake_args' from command line to 'None'
[0.488s] Level 5:colcon.colcon_core.verb:set package 'turtlebot3_navigation2' build argument 'catkin_cmake_args' from command line to 'None'
[0.488s] Level 5:colcon.colcon_core.verb:set package 'turtlebot3_navigation2' build argument 'catkin_skip_building_tests' from command line to 'False'
[0.488s] DEBUG:colcon.colcon_core.verb:Building package 'turtlebot3_navigation2' with the following arguments: {'ament_cmake_args': None, 'build_base': '/home/ros/ws/build/turtlebot3_navigation2', 'catkin_cmake_args': None, 'catkin_skip_building_tests': False, 'cmake_args': None, 'cmake_clean_cache': False, 'cmake_clean_first': False, 'cmake_force_configure': False, 'cmake_target': None, 'cmake_target_skip_unavailable': False, 'install_base': '/home/ros/ws/install/turtlebot3_navigation2', 'merge_install': False, 'path': '/home/ros/ws/src/turtlebot3/turtlebot3_navigation2', 'symlink_install': False, 'test_result_base': None}
[0.488s] Level 5:colcon.colcon_core.verb:set package 'turtlebot3_node' build argument 'cmake_args' from command line to 'None'
[0.489s] Level 5:colcon.colcon_core.verb:set package 'turtlebot3_node' build argument 'cmake_target' from command line to 'None'
[0.489s] Level 5:colcon.colcon_core.verb:set package 'turtlebot3_node' build argument 'cmake_target_skip_unavailable' from command line to 'False'
[0.489s] Level 5:colcon.colcon_core.verb:set package 'turtlebot3_node' build argument 'cmake_clean_cache' from command line to 'False'
[0.489s] Level 5:colcon.colcon_core.verb:set package 'turtlebot3_node' build argument 'cmake_clean_first' from command line to 'False'
[0.489s] Level 5:colcon.colcon_core.verb:set package 'turtlebot3_node' build argument 'cmake_force_configure' from command line to 'False'
[0.489s] Level 5:colcon.colcon_core.verb:set package 'turtlebot3_node' build argument 'ament_cmake_args' from command line to 'None'
[0.489s] Level 5:colcon.colcon_core.verb:set package 'turtlebot3_node' build argument 'catkin_cmake_args' from command line to 'None'
[0.489s] Level 5:colcon.colcon_core.verb:set package 'turtlebot3_node' build argument 'catkin_skip_building_tests' from command line to 'False'
[0.489s] DEBUG:colcon.colcon_core.verb:Building package 'turtlebot3_node' with the following arguments: {'ament_cmake_args': None, 'build_base': '/home/ros/ws/build/turtlebot3_node', 'catkin_cmake_args': None, 'catkin_skip_building_tests': False, 'cmake_args': None, 'cmake_clean_cache': False, 'cmake_clean_first': False, 'cmake_force_configure': False, 'cmake_target': None, 'cmake_target_skip_unavailable': False, 'install_base': '/home/ros/ws/install/turtlebot3_node', 'merge_install': False, 'path': '/home/ros/ws/src/turtlebot3/turtlebot3_node', 'symlink_install': False, 'test_result_base': None}
[0.489s] Level 5:colcon.colcon_core.verb:set package 'turtlebot3_teleop' build argument 'cmake_args' from command line to 'None'
[0.489s] Level 5:colcon.colcon_core.verb:set package 'turtlebot3_teleop' build argument 'cmake_target' from command line to 'None'
[0.489s] Level 5:colcon.colcon_core.verb:set package 'turtlebot3_teleop' build argument 'cmake_target_skip_unavailable' from command line to 'False'
[0.489s] Level 5:colcon.colcon_core.verb:set package 'turtlebot3_teleop' build argument 'cmake_clean_cache' from command line to 'False'
[0.489s] Level 5:colcon.colcon_core.verb:set package 'turtlebot3_teleop' build argument 'cmake_clean_first' from command line to 'False'
[0.489s] Level 5:colcon.colcon_core.verb:set package 'turtlebot3_teleop' build argument 'cmake_force_configure' from command line to 'False'
[0.489s] Level 5:colcon.colcon_core.verb:set package 'turtlebot3_teleop' build argument 'ament_cmake_args' from command line to 'None'
[0.489s] Level 5:colcon.colcon_core.verb:set package 'turtlebot3_teleop' build argument 'catkin_cmake_args' from command line to 'None'
[0.489s] Level 5:colcon.colcon_core.verb:set package 'turtlebot3_teleop' build argument 'catkin_skip_building_tests' from command line to 'False'
[0.489s] DEBUG:colcon.colcon_core.verb:Building package 'turtlebot3_teleop' with the following arguments: {'ament_cmake_args': None, 'build_base': '/home/ros/ws/build/turtlebot3_teleop', 'catkin_cmake_args': None, 'catkin_skip_building_tests': False, 'cmake_args': None, 'cmake_clean_cache': False, 'cmake_clean_first': False, 'cmake_force_configure': False, 'cmake_target': None, 'cmake_target_skip_unavailable': False, 'install_base': '/home/ros/ws/install/turtlebot3_teleop', 'merge_install': False, 'path': '/home/ros/ws/src/turtlebot3/turtlebot3_teleop', 'symlink_install': False, 'test_result_base': None}
[0.490s] Level 5:colcon.colcon_core.verb:set package 'turtlebot3_bringup' build argument 'cmake_args' from command line to 'None'
[0.490s] Level 5:colcon.colcon_core.verb:set package 'turtlebot3_bringup' build argument 'cmake_target' from command line to 'None'
[0.490s] Level 5:colcon.colcon_core.verb:set package 'turtlebot3_bringup' build argument 'cmake_target_skip_unavailable' from command line to 'False'
[0.490s] Level 5:colcon.colcon_core.verb:set package 'turtlebot3_bringup' build argument 'cmake_clean_cache' from command line to 'False'
[0.490s] Level 5:colcon.colcon_core.verb:set package 'turtlebot3_bringup' build argument 'cmake_clean_first' from command line to 'False'
[0.490s] Level 5:colcon.colcon_core.verb:set package 'turtlebot3_bringup' build argument 'cmake_force_configure' from command line to 'False'
[0.490s] Level 5:colcon.colcon_core.verb:set package 'turtlebot3_bringup' build argument 'ament_cmake_args' from command line to 'None'
[0.490s] Level 5:colcon.colcon_core.verb:set package 'turtlebot3_bringup' build argument 'catkin_cmake_args' from command line to 'None'
[0.490s] Level 5:colcon.colcon_core.verb:set package 'turtlebot3_bringup' build argument 'catkin_skip_building_tests' from command line to 'False'
[0.490s] DEBUG:colcon.colcon_core.verb:Building package 'turtlebot3_bringup' with the following arguments: {'ament_cmake_args': None, 'build_base': '/home/ros/ws/build/turtlebot3_bringup', 'catkin_cmake_args': None, 'catkin_skip_building_tests': False, 'cmake_args': None, 'cmake_clean_cache': False, 'cmake_clean_first': False, 'cmake_force_configure': False, 'cmake_target': None, 'cmake_target_skip_unavailable': False, 'install_base': '/home/ros/ws/install/turtlebot3_bringup', 'merge_install': False, 'path': '/home/ros/ws/src/turtlebot3/turtlebot3_bringup', 'symlink_install': False, 'test_result_base': None}
[0.490s] Level 5:colcon.colcon_core.verb:set package 'turtlebot3' build argument 'cmake_args' from command line to 'None'
[0.490s] Level 5:colcon.colcon_core.verb:set package 'turtlebot3' build argument 'cmake_target' from command line to 'None'
[0.490s] Level 5:colcon.colcon_core.verb:set package 'turtlebot3' build argument 'cmake_target_skip_unavailable' from command line to 'False'
[0.490s] Level 5:colcon.colcon_core.verb:set package 'turtlebot3' build argument 'cmake_clean_cache' from command line to 'False'
[0.490s] Level 5:colcon.colcon_core.verb:set package 'turtlebot3' build argument 'cmake_clean_first' from command line to 'False'
[0.490s] Level 5:colcon.colcon_core.verb:set package 'turtlebot3' build argument 'cmake_force_configure' from command line to 'False'
[0.490s] Level 5:colcon.colcon_core.verb:set package 'turtlebot3' build argument 'ament_cmake_args' from command line to 'None'
[0.490s] Level 5:colcon.colcon_core.verb:set package 'turtlebot3' build argument 'catkin_cmake_args' from command line to 'None'
[0.490s] Level 5:colcon.colcon_core.verb:set package 'turtlebot3' build argument 'catkin_skip_building_tests' from command line to 'False'
[0.490s] DEBUG:colcon.colcon_core.verb:Building package 'turtlebot3' with the following arguments: {'ament_cmake_args': None, 'build_base': '/home/ros/ws/build/turtlebot3', 'catkin_cmake_args': None, 'catkin_skip_building_tests': False, 'cmake_args': None, 'cmake_clean_cache': False, 'cmake_clean_first': False, 'cmake_force_configure': False, 'cmake_target': None, 'cmake_target_skip_unavailable': False, 'install_base': '/home/ros/ws/install/turtlebot3', 'merge_install': False, 'path': '/home/ros/ws/src/turtlebot3/turtlebot3', 'symlink_install': False, 'test_result_base': None}
[0.490s] INFO:colcon.colcon_core.executor:Executing jobs using 'parallel' executor
[0.491s] DEBUG:colcon.colcon_parallel_executor.executor.parallel:run_until_complete
[0.492s] INFO:colcon.colcon_ros.task.ament_cmake.build:Building ROS package in '/home/ros/ws/src/turtlebot3/turtlebot3_description' with build type 'ament_cmake'
[0.492s] INFO:colcon.colcon_cmake.task.cmake.build:Building CMake package in '/home/ros/ws/src/turtlebot3/turtlebot3_description'
[0.495s] INFO:colcon.colcon_core.plugin_system:Skipping extension 'colcon_core.shell.bat': Not used on non-Windows systems
[0.495s] INFO:colcon.colcon_core.shell:Skip shell extension 'powershell' for command environment: Not usable outside of PowerShell
[0.495s] DEBUG:colcon.colcon_core.shell:Skip shell extension 'dsv' for command environment
[0.500s] INFO:colcon.colcon_ros.task.ament_cmake.build:Building ROS package in '/home/ros/ws/src/turtlebot3/turtlebot3_node' with build type 'ament_cmake'
[0.501s] INFO:colcon.colcon_cmake.task.cmake.build:Building CMake package in '/home/ros/ws/src/turtlebot3/turtlebot3_node'
[0.502s] INFO:colcon.colcon_core.shell:Skip shell extension 'powershell' for command environment: Not usable outside of PowerShell
[0.502s] DEBUG:colcon.colcon_core.shell:Skip shell extension 'dsv' for command environment
[0.505s] INFO:colcon.colcon_ros.task.ament_cmake.build:Building ROS package in '/home/ros/ws/src/turtlebot3/turtlebot3_cartographer' with build type 'ament_cmake'
[0.505s] INFO:colcon.colcon_cmake.task.cmake.build:Building CMake package in '/home/ros/ws/src/turtlebot3/turtlebot3_cartographer'
[0.505s] INFO:colcon.colcon_core.shell:Skip shell extension 'powershell' for command environment: Not usable outside of PowerShell
[0.506s] DEBUG:colcon.colcon_core.shell:Skip shell extension 'dsv' for command environment
[0.509s] INFO:colcon.colcon_ros.task.ament_python.build:Building ROS package in '/home/ros/ws/src/turtlebot3/turtlebot3_example' with build type 'ament_python'
[0.509s] Level 1:colcon.colcon_core.shell:create_environment_hook('turtlebot3_example', 'ament_prefix_path')
[0.510s] INFO:colcon.colcon_core.shell:Creating environment hook '/home/ros/ws/install/turtlebot3_example/share/turtlebot3_example/hook/ament_prefix_path.ps1'
[0.511s] INFO:colcon.colcon_core.shell:Creating environment descriptor '/home/ros/ws/install/turtlebot3_example/share/turtlebot3_example/hook/ament_prefix_path.dsv'
[0.512s] INFO:colcon.colcon_core.shell:Creating environment hook '/home/ros/ws/install/turtlebot3_example/share/turtlebot3_example/hook/ament_prefix_path.sh'
[0.515s] INFO:colcon.colcon_core.shell:Skip shell extension 'powershell' for command environment: Not usable outside of PowerShell
[0.516s] DEBUG:colcon.colcon_core.shell:Skip shell extension 'dsv' for command environment
[0.521s] INFO:colcon.colcon_ros.task.ament_cmake.build:Building ROS package in '/home/ros/ws/src/turtlebot3/turtlebot3_navigation2' with build type 'ament_cmake'
[0.521s] INFO:colcon.colcon_cmake.task.cmake.build:Building CMake package in '/home/ros/ws/src/turtlebot3/turtlebot3_navigation2'
[0.522s] INFO:colcon.colcon_core.shell:Skip shell extension 'powershell' for command environment: Not usable outside of PowerShell
[0.522s] DEBUG:colcon.colcon_core.shell:Skip shell extension 'dsv' for command environment
[0.526s] INFO:colcon.colcon_ros.task.ament_python.build:Building ROS package in '/home/ros/ws/src/turtlebot3/turtlebot3_teleop' with build type 'ament_python'
[0.526s] Level 1:colcon.colcon_core.shell:create_environment_hook('turtlebot3_teleop', 'ament_prefix_path')
[0.527s] INFO:colcon.colcon_core.shell:Creating environment hook '/home/ros/ws/install/turtlebot3_teleop/share/turtlebot3_teleop/hook/ament_prefix_path.ps1'
[0.528s] INFO:colcon.colcon_core.shell:Creating environment descriptor '/home/ros/ws/install/turtlebot3_teleop/share/turtlebot3_teleop/hook/ament_prefix_path.dsv'
[0.528s] INFO:colcon.colcon_core.shell:Creating environment hook '/home/ros/ws/install/turtlebot3_teleop/share/turtlebot3_teleop/hook/ament_prefix_path.sh'
[0.531s] INFO:colcon.colcon_core.shell:Skip shell extension 'powershell' for command environment: Not usable outside of PowerShell
[0.531s] DEBUG:colcon.colcon_core.shell:Skip shell extension 'dsv' for command environment
[0.546s] DEBUG:colcon.colcon_core.event_handler.log_command:Invoking command in '/home/ros/ws/build/turtlebot3_description': CMAKE_PREFIX_PATH=/opt/ros/humble /usr/bin/cmake --build /home/ros/ws/build/turtlebot3_description -- -j8 -l8
[0.555s] DEBUG:colcon.colcon_core.event_handler.log_command:Invoking command in '/home/ros/ws/build/turtlebot3_node': CMAKE_PREFIX_PATH=/opt/ros/humble /usr/bin/cmake /home/ros/ws/src/turtlebot3/turtlebot3_node -DCMAKE_INSTALL_PREFIX=/home/ros/ws/install/turtlebot3_node
[0.561s] DEBUG:colcon.colcon_core.event_handler.log_command:Invoking command in '/home/ros/ws/build/turtlebot3_cartographer': CMAKE_PREFIX_PATH=/opt/ros/humble /usr/bin/cmake --build /home/ros/ws/build/turtlebot3_cartographer -- -j8 -l8
[0.921s] INFO:colcon.colcon_core.task.python.build:Building Python package in '/home/ros/ws/src/turtlebot3/turtlebot3_example'
[0.922s] INFO:colcon.colcon_core.shell:Skip shell extension 'powershell' for command environment: Not usable outside of PowerShell
[0.922s] DEBUG:colcon.colcon_core.shell:Skip shell extension 'dsv' for command environment
[0.938s] DEBUG:colcon.colcon_core.event_handler.log_command:Invoking command in '/home/ros/ws/build/turtlebot3_navigation2': CMAKE_PREFIX_PATH=/opt/ros/humble /usr/bin/cmake --build /home/ros/ws/build/turtlebot3_navigation2 -- -j8 -l8
[1.250s] INFO:colcon.colcon_core.task.python.build:Building Python package in '/home/ros/ws/src/turtlebot3/turtlebot3_teleop'
[1.250s] INFO:colcon.colcon_core.shell:Skip shell extension 'powershell' for command environment: Not usable outside of PowerShell
[1.250s] DEBUG:colcon.colcon_core.shell:Skip shell extension 'dsv' for command environment
[1.254s] DEBUG:colcon.colcon_core.event_handler.log_command:Invoked command in '/home/ros/ws/build/turtlebot3_description' returned '0': CMAKE_PREFIX_PATH=/opt/ros/humble /usr/bin/cmake --build /home/ros/ws/build/turtlebot3_description -- -j8 -l8
[1.266s] DEBUG:colcon.colcon_core.event_handler.log_command:Invoking command in '/home/ros/ws/build/turtlebot3_description': CMAKE_PREFIX_PATH=/opt/ros/humble /usr/bin/cmake --install /home/ros/ws/build/turtlebot3_description
[1.267s] DEBUG:colcon.colcon_core.event_handler.log_command:Invoked command in '/home/ros/ws/build/turtlebot3_cartographer' returned '0': CMAKE_PREFIX_PATH=/opt/ros/humble /usr/bin/cmake --build /home/ros/ws/build/turtlebot3_cartographer -- -j8 -l8
[1.269s] DEBUG:colcon.colcon_core.event_handler.log_command:Invoking command in '/home/ros/ws/build/turtlebot3_cartographer': CMAKE_PREFIX_PATH=/opt/ros/humble /usr/bin/cmake --install /home/ros/ws/build/turtlebot3_cartographer
[1.278s] DEBUG:colcon.colcon_core.event_handler.log_command:Invoked command in '/home/ros/ws/build/turtlebot3_navigation2' returned '0': CMAKE_PREFIX_PATH=/opt/ros/humble /usr/bin/cmake --build /home/ros/ws/build/turtlebot3_navigation2 -- -j8 -l8
[1.294s] DEBUG:colcon.colcon_core.event_handler.log_command:Invoking command in '/home/ros/ws/build/turtlebot3_navigation2': CMAKE_PREFIX_PATH=/opt/ros/humble /usr/bin/cmake --install /home/ros/ws/build/turtlebot3_navigation2
[1.304s] Level 1:colcon.colcon_core.environment:create_environment_scripts_only(turtlebot3_description)
[1.308s] Level 1:colcon.colcon_core.environment:checking '/home/ros/ws/install/turtlebot3_description' for CMake module files
[1.308s] Level 1:colcon.colcon_core.environment:checking '/home/ros/ws/install/turtlebot3_description' for CMake config files
[1.309s] Level 1:colcon.colcon_core.shell:create_environment_hook('turtlebot3_description', 'cmake_prefix_path')
[1.309s] INFO:colcon.colcon_core.shell:Creating environment hook '/home/ros/ws/install/turtlebot3_description/share/turtlebot3_description/hook/cmake_prefix_path.ps1'
[1.311s] INFO:colcon.colcon_core.shell:Creating environment descriptor '/home/ros/ws/install/turtlebot3_description/share/turtlebot3_description/hook/cmake_prefix_path.dsv'
[1.316s] INFO:colcon.colcon_core.shell:Creating environment hook '/home/ros/ws/install/turtlebot3_description/share/turtlebot3_description/hook/cmake_prefix_path.sh'
[1.318s] Level 1:colcon.colcon_core.environment:checking '/home/ros/ws/install/turtlebot3_description/bin'
[1.318s] Level 1:colcon.colcon_core.environment:checking '/home/ros/ws/install/turtlebot3_description/lib/pkgconfig/turtlebot3_description.pc'
[1.318s] Level 1:colcon.colcon_core.environment:checking '/home/ros/ws/install/turtlebot3_description/lib/python3.10/site-packages'
[1.319s] Level 1:colcon.colcon_core.environment:checking '/home/ros/ws/install/turtlebot3_description/bin'
[1.319s] INFO:colcon.colcon_core.shell:Creating package script '/home/ros/ws/install/turtlebot3_description/share/turtlebot3_description/package.ps1'
[1.323s] INFO:colcon.colcon_core.shell:Creating package descriptor '/home/ros/ws/install/turtlebot3_description/share/turtlebot3_description/package.dsv'
[1.323s] DEBUG:colcon.colcon_core.event_handler.log_command:Invoked command in '/home/ros/ws/build/turtlebot3_description' returned '0': CMAKE_PREFIX_PATH=/opt/ros/humble /usr/bin/cmake --install /home/ros/ws/build/turtlebot3_description
[1.325s] INFO:colcon.colcon_core.shell:Creating package script '/home/ros/ws/install/turtlebot3_description/share/turtlebot3_description/package.sh'
[1.327s] INFO:colcon.colcon_core.shell:Creating package script '/home/ros/ws/install/turtlebot3_description/share/turtlebot3_description/package.bash'
[1.328s] INFO:colcon.colcon_core.shell:Creating package script '/home/ros/ws/install/turtlebot3_description/share/turtlebot3_description/package.zsh'
[1.329s] Level 1:colcon.colcon_core.environment:create_file_with_runtime_dependencies(/home/ros/ws/install/turtlebot3_description/share/colcon-core/packages/turtlebot3_description)
[1.330s] Level 1:colcon.colcon_core.environment:create_environment_scripts_only(turtlebot3_description)
[1.330s] Level 1:colcon.colcon_core.environment:checking '/home/ros/ws/install/turtlebot3_description' for CMake module files
[1.331s] Level 1:colcon.colcon_core.environment:checking '/home/ros/ws/install/turtlebot3_description' for CMake config files
[1.333s] Level 1:colcon.colcon_core.shell:create_environment_hook('turtlebot3_description', 'cmake_prefix_path')
[1.333s] INFO:colcon.colcon_core.shell:Creating environment hook '/home/ros/ws/install/turtlebot3_description/share/turtlebot3_description/hook/cmake_prefix_path.ps1'
[1.335s] INFO:colcon.colcon_core.shell:Creating environment descriptor '/home/ros/ws/install/turtlebot3_description/share/turtlebot3_description/hook/cmake_prefix_path.dsv'
[1.337s] INFO:colcon.colcon_core.shell:Creating environment hook '/home/ros/ws/install/turtlebot3_description/share/turtlebot3_description/hook/cmake_prefix_path.sh'
[1.338s] Level 1:colcon.colcon_core.environment:checking '/home/ros/ws/install/turtlebot3_description/bin'
[1.338s] Level 1:colcon.colcon_core.environment:checking '/home/ros/ws/install/turtlebot3_description/lib/pkgconfig/turtlebot3_description.pc'
[1.338s] Level 1:colcon.colcon_core.environment:checking '/home/ros/ws/install/turtlebot3_description/lib/python3.10/site-packages'
[1.338s] Level 1:colcon.colcon_core.environment:checking '/home/ros/ws/install/turtlebot3_description/bin'
[1.339s] INFO:colcon.colcon_core.shell:Creating package script '/home/ros/ws/install/turtlebot3_description/share/turtlebot3_description/package.ps1'
[1.339s] INFO:colcon.colcon_core.shell:Creating package descriptor '/home/ros/ws/install/turtlebot3_description/share/turtlebot3_description/package.dsv'
[1.340s] INFO:colcon.colcon_core.shell:Creating package script '/home/ros/ws/install/turtlebot3_description/share/turtlebot3_description/package.sh'
[1.341s] INFO:colcon.colcon_core.shell:Creating package script '/home/ros/ws/install/turtlebot3_description/share/turtlebot3_description/package.bash'
[1.342s] INFO:colcon.colcon_core.shell:Creating package script '/home/ros/ws/install/turtlebot3_description/share/turtlebot3_description/package.zsh'
[1.343s] Level 1:colcon.colcon_core.environment:create_file_with_runtime_dependencies(/home/ros/ws/install/turtlebot3_description/share/colcon-core/packages/turtlebot3_description)
[1.347s] Level 1:colcon.colcon_core.environment:create_environment_scripts_only(turtlebot3_cartographer)
[1.347s] Level 1:colcon.colcon_core.environment:checking '/home/ros/ws/install/turtlebot3_cartographer' for CMake module files
[1.348s] DEBUG:colcon.colcon_core.event_handler.log_command:Invoked command in '/home/ros/ws/build/turtlebot3_cartographer' returned '0': CMAKE_PREFIX_PATH=/opt/ros/humble /usr/bin/cmake --install /home/ros/ws/build/turtlebot3_cartographer
[1.349s] Level 1:colcon.colcon_core.environment:checking '/home/ros/ws/install/turtlebot3_cartographer' for CMake config files
[1.349s] Level 1:colcon.colcon_core.shell:create_environment_hook('turtlebot3_cartographer', 'cmake_prefix_path')
[1.349s] INFO:colcon.colcon_core.shell:Creating environment hook '/home/ros/ws/install/turtlebot3_cartographer/share/turtlebot3_cartographer/hook/cmake_prefix_path.ps1'
[1.350s] INFO:colcon.colcon_core.shell:Creating environment descriptor '/home/ros/ws/install/turtlebot3_cartographer/share/turtlebot3_cartographer/hook/cmake_prefix_path.dsv'
[1.351s] INFO:colcon.colcon_core.shell:Creating environment hook '/home/ros/ws/install/turtlebot3_cartographer/share/turtlebot3_cartographer/hook/cmake_prefix_path.sh'
[1.353s] Level 1:colcon.colcon_core.environment:checking '/home/ros/ws/install/turtlebot3_cartographer/bin'
[1.353s] Level 1:colcon.colcon_core.environment:checking '/home/ros/ws/install/turtlebot3_cartographer/lib/pkgconfig/turtlebot3_cartographer.pc'
[1.354s] Level 1:colcon.colcon_core.environment:checking '/home/ros/ws/install/turtlebot3_cartographer/lib/python3.10/site-packages'
[1.355s] Level 1:colcon.colcon_core.environment:checking '/home/ros/ws/install/turtlebot3_cartographer/bin'
[1.356s] INFO:colcon.colcon_core.shell:Creating package script '/home/ros/ws/install/turtlebot3_cartographer/share/turtlebot3_cartographer/package.ps1'
[1.357s] INFO:colcon.colcon_core.shell:Creating package descriptor '/home/ros/ws/install/turtlebot3_cartographer/share/turtlebot3_cartographer/package.dsv'
[1.358s] INFO:colcon.colcon_core.shell:Creating package script '/home/ros/ws/install/turtlebot3_cartographer/share/turtlebot3_cartographer/package.sh'
[1.359s] INFO:colcon.colcon_core.shell:Creating package script '/home/ros/ws/install/turtlebot3_cartographer/share/turtlebot3_cartographer/package.bash'
[1.360s] INFO:colcon.colcon_core.shell:Creating package script '/home/ros/ws/install/turtlebot3_cartographer/share/turtlebot3_cartographer/package.zsh'
[1.361s] Level 1:colcon.colcon_core.environment:create_file_with_runtime_dependencies(/home/ros/ws/install/turtlebot3_cartographer/share/colcon-core/packages/turtlebot3_cartographer)
[1.361s] Level 1:colcon.colcon_core.environment:create_environment_scripts_only(turtlebot3_cartographer)
[1.362s] Level 1:colcon.colcon_core.environment:checking '/home/ros/ws/install/turtlebot3_cartographer' for CMake module files
[1.364s] Level 1:colcon.colcon_core.environment:checking '/home/ros/ws/install/turtlebot3_cartographer' for CMake config files
[1.365s] Level 1:colcon.colcon_core.shell:create_environment_hook('turtlebot3_cartographer', 'cmake_prefix_path')
[1.366s] INFO:colcon.colcon_core.shell:Creating environment hook '/home/ros/ws/install/turtlebot3_cartographer/share/turtlebot3_cartographer/hook/cmake_prefix_path.ps1'
[1.367s] INFO:colcon.colcon_core.shell:Creating environment descriptor '/home/ros/ws/install/turtlebot3_cartographer/share/turtlebot3_cartographer/hook/cmake_prefix_path.dsv'
[1.367s] INFO:colcon.colcon_core.shell:Creating environment hook '/home/ros/ws/install/turtlebot3_cartographer/share/turtlebot3_cartographer/hook/cmake_prefix_path.sh'
[1.369s] Level 1:colcon.colcon_core.environment:checking '/home/ros/ws/install/turtlebot3_cartographer/bin'
[1.369s] Level 1:colcon.colcon_core.environment:checking '/home/ros/ws/install/turtlebot3_cartographer/lib/pkgconfig/turtlebot3_cartographer.pc'
[1.369s] Level 1:colcon.colcon_core.environment:checking '/home/ros/ws/install/turtlebot3_cartographer/lib/python3.10/site-packages'
[1.370s] Level 1:colcon.colcon_core.environment:checking '/home/ros/ws/install/turtlebot3_cartographer/bin'
[1.370s] INFO:colcon.colcon_core.shell:Creating package script '/home/ros/ws/install/turtlebot3_cartographer/share/turtlebot3_cartographer/package.ps1'
[1.372s] INFO:colcon.colcon_core.shell:Creating package descriptor '/home/ros/ws/install/turtlebot3_cartographer/share/turtlebot3_cartographer/package.dsv'
[1.373s] INFO:colcon.colcon_core.shell:Creating package script '/home/ros/ws/install/turtlebot3_cartographer/share/turtlebot3_cartographer/package.sh'
[1.374s] INFO:colcon.colcon_core.shell:Creating package script '/home/ros/ws/install/turtlebot3_cartographer/share/turtlebot3_cartographer/package.bash'
[1.375s] INFO:colcon.colcon_core.shell:Creating package script '/home/ros/ws/install/turtlebot3_cartographer/share/turtlebot3_cartographer/package.zsh'
[1.376s] Level 1:colcon.colcon_core.environment:create_file_with_runtime_dependencies(/home/ros/ws/install/turtlebot3_cartographer/share/colcon-core/packages/turtlebot3_cartographer)
[1.376s] Level 1:colcon.colcon_core.environment:create_environment_scripts_only(turtlebot3_navigation2)
[1.377s] Level 1:colcon.colcon_core.environment:checking '/home/ros/ws/install/turtlebot3_navigation2' for CMake module files
[1.380s] Level 1:colcon.colcon_core.environment:checking '/home/ros/ws/install/turtlebot3_navigation2' for CMake config files
[1.382s] DEBUG:colcon.colcon_core.event_handler.log_command:Invoked command in '/home/ros/ws/build/turtlebot3_navigation2' returned '0': CMAKE_PREFIX_PATH=/opt/ros/humble /usr/bin/cmake --install /home/ros/ws/build/turtlebot3_navigation2
[1.383s] Level 1:colcon.colcon_core.shell:create_environment_hook('turtlebot3_navigation2', 'cmake_prefix_path')
[1.385s] INFO:colcon.colcon_core.shell:Creating environment hook '/home/ros/ws/install/turtlebot3_navigation2/share/turtlebot3_navigation2/hook/cmake_prefix_path.ps1'
[1.386s] INFO:colcon.colcon_core.shell:Creating environment descriptor '/home/ros/ws/install/turtlebot3_navigation2/share/turtlebot3_navigation2/hook/cmake_prefix_path.dsv'
[1.387s] INFO:colcon.colcon_core.shell:Creating environment hook '/home/ros/ws/install/turtlebot3_navigation2/share/turtlebot3_navigation2/hook/cmake_prefix_path.sh'
[1.389s] Level 1:colcon.colcon_core.environment:checking '/home/ros/ws/install/turtlebot3_navigation2/bin'
[1.389s] Level 1:colcon.colcon_core.environment:checking '/home/ros/ws/install/turtlebot3_navigation2/lib/pkgconfig/turtlebot3_navigation2.pc'
[1.390s] Level 1:colcon.colcon_core.environment:checking '/home/ros/ws/install/turtlebot3_navigation2/lib/python3.10/site-packages'
[1.390s] Level 1:colcon.colcon_core.environment:checking '/home/ros/ws/install/turtlebot3_navigation2/bin'
[1.391s] INFO:colcon.colcon_core.shell:Creating package script '/home/ros/ws/install/turtlebot3_navigation2/share/turtlebot3_navigation2/package.ps1'
[1.392s] INFO:colcon.colcon_core.shell:Creating package descriptor '/home/ros/ws/install/turtlebot3_navigation2/share/turtlebot3_navigation2/package.dsv'
[1.394s] INFO:colcon.colcon_core.shell:Creating package script '/home/ros/ws/install/turtlebot3_navigation2/share/turtlebot3_navigation2/package.sh'
[1.395s] INFO:colcon.colcon_core.shell:Creating package script '/home/ros/ws/install/turtlebot3_navigation2/share/turtlebot3_navigation2/package.bash'
[1.399s] INFO:colcon.colcon_core.shell:Creating package script '/home/ros/ws/install/turtlebot3_navigation2/share/turtlebot3_navigation2/package.zsh'
[1.400s] Level 1:colcon.colcon_core.environment:create_file_with_runtime_dependencies(/home/ros/ws/install/turtlebot3_navigation2/share/colcon-core/packages/turtlebot3_navigation2)
[1.402s] Level 1:colcon.colcon_core.environment:create_environment_scripts_only(turtlebot3_navigation2)
[1.402s] Level 1:colcon.colcon_core.environment:checking '/home/ros/ws/install/turtlebot3_navigation2' for CMake module files
[1.403s] Level 1:colcon.colcon_core.environment:checking '/home/ros/ws/install/turtlebot3_navigation2' for CMake config files
[1.406s] Level 1:colcon.colcon_core.shell:create_environment_hook('turtlebot3_navigation2', 'cmake_prefix_path')
[1.406s] INFO:colcon.colcon_core.shell:Creating environment hook '/home/ros/ws/install/turtlebot3_navigation2/share/turtlebot3_navigation2/hook/cmake_prefix_path.ps1'
[1.407s] INFO:colcon.colcon_core.shell:Creating environment descriptor '/home/ros/ws/install/turtlebot3_navigation2/share/turtlebot3_navigation2/hook/cmake_prefix_path.dsv'
[1.408s] INFO:colcon.colcon_core.shell:Creating environment hook '/home/ros/ws/install/turtlebot3_navigation2/share/turtlebot3_navigation2/hook/cmake_prefix_path.sh'
[1.409s] Level 1:colcon.colcon_core.environment:checking '/home/ros/ws/install/turtlebot3_navigation2/bin'
[1.410s] Level 1:colcon.colcon_core.environment:checking '/home/ros/ws/install/turtlebot3_navigation2/lib/pkgconfig/turtlebot3_navigation2.pc'
[1.410s] Level 1:colcon.colcon_core.environment:checking '/home/ros/ws/install/turtlebot3_navigation2/lib/python3.10/site-packages'
[1.411s] Level 1:colcon.colcon_core.environment:checking '/home/ros/ws/install/turtlebot3_navigation2/bin'
[1.411s] INFO:colcon.colcon_core.shell:Creating package script '/home/ros/ws/install/turtlebot3_navigation2/share/turtlebot3_navigation2/package.ps1'
[1.413s] INFO:colcon.colcon_core.shell:Creating package descriptor '/home/ros/ws/install/turtlebot3_navigation2/share/turtlebot3_navigation2/package.dsv'
[1.419s] INFO:colcon.colcon_core.shell:Creating package script '/home/ros/ws/install/turtlebot3_navigation2/share/turtlebot3_navigation2/package.sh'
[1.421s] INFO:colcon.colcon_core.shell:Creating package script '/home/ros/ws/install/turtlebot3_navigation2/share/turtlebot3_navigation2/package.bash'
[1.422s] INFO:colcon.colcon_core.shell:Creating package script '/home/ros/ws/install/turtlebot3_navigation2/share/turtlebot3_navigation2/package.zsh'
[1.423s] Level 1:colcon.colcon_core.environment:create_file_with_runtime_dependencies(/home/ros/ws/install/turtlebot3_navigation2/share/colcon-core/packages/turtlebot3_navigation2)
[1.930s] DEBUG:colcon.colcon_core.event_handler.log_command:Invoking command in '/home/ros/ws/src/turtlebot3/turtlebot3_example': PYTHONPATH=/home/ros/ws/build/turtlebot3_example/prefix_override:/usr/lib/python3/dist-packages/colcon_core/task/python/colcon_distutils_commands:/home/ros/ws/install/turtlebot3_example/lib/python3.10/site-packages:${PYTHONPATH} /usr/bin/python3 -W ignore:setup.py install is deprecated -W ignore:easy_install command is deprecated setup.py egg_info --egg-base ../../../build/turtlebot3_example build --build-base /home/ros/ws/build/turtlebot3_example/build install --record /home/ros/ws/build/turtlebot3_example/install.log --single-version-externally-managed install_data
[1.948s] DEBUG:colcon.colcon_core.event_handler.log_command:Invoking command in '/home/ros/ws/src/turtlebot3/turtlebot3_teleop': PYTHONPATH=/home/ros/ws/build/turtlebot3_teleop/prefix_override:/usr/lib/python3/dist-packages/colcon_core/task/python/colcon_distutils_commands:/home/ros/ws/install/turtlebot3_teleop/lib/python3.10/site-packages:${PYTHONPATH} /usr/bin/python3 -W ignore:setup.py install is deprecated -W ignore:easy_install command is deprecated setup.py egg_info --egg-base ../../../build/turtlebot3_teleop build --build-base /home/ros/ws/build/turtlebot3_teleop/build install --record /home/ros/ws/build/turtlebot3_teleop/install.log --single-version-externally-managed install_data
[2.386s] Level 1:colcon.colcon_core.environment:checking '/home/ros/ws/install/turtlebot3_example' for CMake module files
[2.388s] DEBUG:colcon.colcon_core.event_handler.log_command:Invoked command in '/home/ros/ws/src/turtlebot3/turtlebot3_example' returned '0': PYTHONPATH=/home/ros/ws/build/turtlebot3_example/prefix_override:/usr/lib/python3/dist-packages/colcon_core/task/python/colcon_distutils_commands:/home/ros/ws/install/turtlebot3_example/lib/python3.10/site-packages:${PYTHONPATH} /usr/bin/python3 -W ignore:setup.py install is deprecated -W ignore:easy_install command is deprecated setup.py egg_info --egg-base ../../../build/turtlebot3_example build --build-base /home/ros/ws/build/turtlebot3_example/build install --record /home/ros/ws/build/turtlebot3_example/install.log --single-version-externally-managed install_data
[2.388s] Level 1:colcon.colcon_core.environment:checking '/home/ros/ws/install/turtlebot3_example' for CMake config files
[2.389s] Level 1:colcon.colcon_core.environment:checking '/home/ros/ws/install/turtlebot3_example/lib'
[2.389s] Level 1:colcon.colcon_core.environment:checking '/home/ros/ws/install/turtlebot3_example/bin'
[2.389s] Level 1:colcon.colcon_core.environment:checking '/home/ros/ws/install/turtlebot3_example/lib/pkgconfig/turtlebot3_example.pc'
[2.390s] Level 1:colcon.colcon_core.environment:checking '/home/ros/ws/install/turtlebot3_example/lib/python3.10/site-packages'
[2.390s] Level 1:colcon.colcon_core.shell:create_environment_hook('turtlebot3_example', 'pythonpath')
[2.390s] INFO:colcon.colcon_core.shell:Creating environment hook '/home/ros/ws/install/turtlebot3_example/share/turtlebot3_example/hook/pythonpath.ps1'
[2.390s] INFO:colcon.colcon_core.shell:Creating environment descriptor '/home/ros/ws/install/turtlebot3_example/share/turtlebot3_example/hook/pythonpath.dsv'
[2.391s] INFO:colcon.colcon_core.shell:Creating environment hook '/home/ros/ws/install/turtlebot3_example/share/turtlebot3_example/hook/pythonpath.sh'
[2.392s] Level 1:colcon.colcon_core.environment:checking '/home/ros/ws/install/turtlebot3_example/bin'
[2.392s] Level 1:colcon.colcon_core.environment:create_environment_scripts_only(turtlebot3_example)
[2.392s] INFO:colcon.colcon_core.shell:Creating package script '/home/ros/ws/install/turtlebot3_example/share/turtlebot3_example/package.ps1'
[2.393s] INFO:colcon.colcon_core.shell:Creating package descriptor '/home/ros/ws/install/turtlebot3_example/share/turtlebot3_example/package.dsv'
[2.393s] INFO:colcon.colcon_core.shell:Creating package script '/home/ros/ws/install/turtlebot3_example/share/turtlebot3_example/package.sh'
[2.394s] INFO:colcon.colcon_core.shell:Creating package script '/home/ros/ws/install/turtlebot3_example/share/turtlebot3_example/package.bash'
[2.397s] INFO:colcon.colcon_core.shell:Creating package script '/home/ros/ws/install/turtlebot3_example/share/turtlebot3_example/package.zsh'
[2.398s] Level 1:colcon.colcon_core.environment:create_file_with_runtime_dependencies(/home/ros/ws/install/turtlebot3_example/share/colcon-core/packages/turtlebot3_example)
[2.409s] Level 1:colcon.colcon_core.environment:checking '/home/ros/ws/install/turtlebot3_teleop' for CMake module files
[2.411s] DEBUG:colcon.colcon_core.event_handler.log_command:Invoked command in '/home/ros/ws/src/turtlebot3/turtlebot3_teleop' returned '0': PYTHONPATH=/home/ros/ws/build/turtlebot3_teleop/prefix_override:/usr/lib/python3/dist-packages/colcon_core/task/python/colcon_distutils_commands:/home/ros/ws/install/turtlebot3_teleop/lib/python3.10/site-packages:${PYTHONPATH} /usr/bin/python3 -W ignore:setup.py install is deprecated -W ignore:easy_install command is deprecated setup.py egg_info --egg-base ../../../build/turtlebot3_teleop build --build-base /home/ros/ws/build/turtlebot3_teleop/build install --record /home/ros/ws/build/turtlebot3_teleop/install.log --single-version-externally-managed install_data
[2.412s] Level 1:colcon.colcon_core.environment:checking '/home/ros/ws/install/turtlebot3_teleop' for CMake config files
[2.414s] Level 1:colcon.colcon_core.environment:checking '/home/ros/ws/install/turtlebot3_teleop/lib'
[2.415s] Level 1:colcon.colcon_core.environment:checking '/home/ros/ws/install/turtlebot3_teleop/bin'
[2.415s] Level 1:colcon.colcon_core.environment:checking '/home/ros/ws/install/turtlebot3_teleop/lib/pkgconfig/turtlebot3_teleop.pc'
[2.416s] Level 1:colcon.colcon_core.environment:checking '/home/ros/ws/install/turtlebot3_teleop/lib/python3.10/site-packages'
[2.416s] Level 1:colcon.colcon_core.shell:create_environment_hook('turtlebot3_teleop', 'pythonpath')
[2.417s] INFO:colcon.colcon_core.shell:Creating environment hook '/home/ros/ws/install/turtlebot3_teleop/share/turtlebot3_teleop/hook/pythonpath.ps1'
[2.417s] INFO:colcon.colcon_core.shell:Creating environment descriptor '/home/ros/ws/install/turtlebot3_teleop/share/turtlebot3_teleop/hook/pythonpath.dsv'
[2.418s] INFO:colcon.colcon_core.shell:Creating environment hook '/home/ros/ws/install/turtlebot3_teleop/share/turtlebot3_teleop/hook/pythonpath.sh'
[2.419s] Level 1:colcon.colcon_core.environment:checking '/home/ros/ws/install/turtlebot3_teleop/bin'
[2.419s] Level 1:colcon.colcon_core.environment:create_environment_scripts_only(turtlebot3_teleop)
[2.420s] INFO:colcon.colcon_core.shell:Creating package script '/home/ros/ws/install/turtlebot3_teleop/share/turtlebot3_teleop/package.ps1'
[2.421s] INFO:colcon.colcon_core.shell:Creating package descriptor '/home/ros/ws/install/turtlebot3_teleop/share/turtlebot3_teleop/package.dsv'
[2.422s] INFO:colcon.colcon_core.shell:Creating package script '/home/ros/ws/install/turtlebot3_teleop/share/turtlebot3_teleop/package.sh'
[2.423s] INFO:colcon.colcon_core.shell:Creating package script '/home/ros/ws/install/turtlebot3_teleop/share/turtlebot3_teleop/package.bash'
[2.423s] INFO:colcon.colcon_core.shell:Creating package script '/home/ros/ws/install/turtlebot3_teleop/share/turtlebot3_teleop/package.zsh'
[2.424s] Level 1:colcon.colcon_core.environment:create_file_with_runtime_dependencies(/home/ros/ws/install/turtlebot3_teleop/share/colcon-core/packages/turtlebot3_teleop)
[8.298s] DEBUG:colcon.colcon_core.event_handler.log_command:Invoked command in '/home/ros/ws/build/turtlebot3_node' returned '0': CMAKE_PREFIX_PATH=/opt/ros/humble /usr/bin/cmake /home/ros/ws/src/turtlebot3/turtlebot3_node -DCMAKE_INSTALL_PREFIX=/home/ros/ws/install/turtlebot3_node
[8.299s] DEBUG:colcon.colcon_core.event_handler.log_command:Invoking command in '/home/ros/ws/build/turtlebot3_node': CMAKE_PREFIX_PATH=/opt/ros/humble /usr/bin/cmake --build /home/ros/ws/build/turtlebot3_node -- -j8 -l8
[86.837s] DEBUG:colcon.colcon_core.event_handler.log_command:Invoked command in '/home/ros/ws/build/turtlebot3_node' returned '0': CMAKE_PREFIX_PATH=/opt/ros/humble /usr/bin/cmake --build /home/ros/ws/build/turtlebot3_node -- -j8 -l8
[86.921s] DEBUG:colcon.colcon_core.event_handler.log_command:Invoking command in '/home/ros/ws/build/turtlebot3_node': CMAKE_PREFIX_PATH=/opt/ros/humble /usr/bin/cmake --install /home/ros/ws/build/turtlebot3_node
[87.131s] Level 1:colcon.colcon_core.environment:create_environment_scripts_only(turtlebot3_node)
[87.140s] DEBUG:colcon.colcon_core.event_handler.log_command:Invoked command in '/home/ros/ws/build/turtlebot3_node' returned '0': CMAKE_PREFIX_PATH=/opt/ros/humble /usr/bin/cmake --install /home/ros/ws/build/turtlebot3_node
[87.164s] Level 1:colcon.colcon_core.environment:checking '/home/ros/ws/install/turtlebot3_node' for CMake module files
[87.167s] Level 1:colcon.colcon_core.environment:checking '/home/ros/ws/install/turtlebot3_node' for CMake config files
[87.172s] Level 1:colcon.colcon_core.shell:create_environment_hook('turtlebot3_node', 'cmake_prefix_path')
[87.177s] INFO:colcon.colcon_core.shell:Creating environment hook '/home/ros/ws/install/turtlebot3_node/share/turtlebot3_node/hook/cmake_prefix_path.ps1'
[87.210s] INFO:colcon.colcon_core.shell:Creating environment descriptor '/home/ros/ws/install/turtlebot3_node/share/turtlebot3_node/hook/cmake_prefix_path.dsv'
[87.217s] INFO:colcon.colcon_core.shell:Creating environment hook '/home/ros/ws/install/turtlebot3_node/share/turtlebot3_node/hook/cmake_prefix_path.sh'
[87.230s] Level 1:colcon.colcon_core.environment:checking '/home/ros/ws/install/turtlebot3_node/lib'
[87.230s] Level 1:colcon.colcon_core.environment:checking '/home/ros/ws/install/turtlebot3_node/bin'
[87.231s] Level 1:colcon.colcon_core.environment:checking '/home/ros/ws/install/turtlebot3_node/lib/pkgconfig/turtlebot3_node.pc'
[87.242s] Level 1:colcon.colcon_core.environment:checking '/home/ros/ws/install/turtlebot3_node/lib/python3.10/site-packages'
[87.243s] Level 1:colcon.colcon_core.environment:checking '/home/ros/ws/install/turtlebot3_node/bin'
[87.243s] INFO:colcon.colcon_core.shell:Creating package script '/home/ros/ws/install/turtlebot3_node/share/turtlebot3_node/package.ps1'
[87.246s] INFO:colcon.colcon_core.shell:Creating package descriptor '/home/ros/ws/install/turtlebot3_node/share/turtlebot3_node/package.dsv'
[87.249s] INFO:colcon.colcon_core.shell:Creating package script '/home/ros/ws/install/turtlebot3_node/share/turtlebot3_node/package.sh'
[87.252s] INFO:colcon.colcon_core.shell:Creating package script '/home/ros/ws/install/turtlebot3_node/share/turtlebot3_node/package.bash'
[87.256s] INFO:colcon.colcon_core.shell:Creating package script '/home/ros/ws/install/turtlebot3_node/share/turtlebot3_node/package.zsh'
[87.260s] Level 1:colcon.colcon_core.environment:create_file_with_runtime_dependencies(/home/ros/ws/install/turtlebot3_node/share/colcon-core/packages/turtlebot3_node)
[87.265s] Level 1:colcon.colcon_core.environment:create_environment_scripts_only(turtlebot3_node)
[87.265s] Level 1:colcon.colcon_core.environment:checking '/home/ros/ws/install/turtlebot3_node' for CMake module files
[87.265s] Level 1:colcon.colcon_core.environment:checking '/home/ros/ws/install/turtlebot3_node' for CMake config files
[87.267s] Level 1:colcon.colcon_core.shell:create_environment_hook('turtlebot3_node', 'cmake_prefix_path')
[87.267s] INFO:colcon.colcon_core.shell:Creating environment hook '/home/ros/ws/install/turtlebot3_node/share/turtlebot3_node/hook/cmake_prefix_path.ps1'
[87.268s] INFO:colcon.colcon_core.shell:Creating environment descriptor '/home/ros/ws/install/turtlebot3_node/share/turtlebot3_node/hook/cmake_prefix_path.dsv'
[87.269s] INFO:colcon.colcon_core.shell:Creating environment hook '/home/ros/ws/install/turtlebot3_node/share/turtlebot3_node/hook/cmake_prefix_path.sh'
[87.270s] Level 1:colcon.colcon_core.environment:checking '/home/ros/ws/install/turtlebot3_node/lib'
[87.271s] Level 1:colcon.colcon_core.environment:checking '/home/ros/ws/install/turtlebot3_node/bin'
[87.271s] Level 1:colcon.colcon_core.environment:checking '/home/ros/ws/install/turtlebot3_node/lib/pkgconfig/turtlebot3_node.pc'
[87.271s] Level 1:colcon.colcon_core.environment:checking '/home/ros/ws/install/turtlebot3_node/lib/python3.10/site-packages'
[87.272s] Level 1:colcon.colcon_core.environment:checking '/home/ros/ws/install/turtlebot3_node/bin'
[87.272s] INFO:colcon.colcon_core.shell:Creating package script '/home/ros/ws/install/turtlebot3_node/share/turtlebot3_node/package.ps1'
[87.273s] INFO:colcon.colcon_core.shell:Creating package descriptor '/home/ros/ws/install/turtlebot3_node/share/turtlebot3_node/package.dsv'
[87.274s] INFO:colcon.colcon_core.shell:Creating package script '/home/ros/ws/install/turtlebot3_node/share/turtlebot3_node/package.sh'
[87.275s] INFO:colcon.colcon_core.shell:Creating package script '/home/ros/ws/install/turtlebot3_node/share/turtlebot3_node/package.bash'
[87.275s] INFO:colcon.colcon_core.shell:Creating package script '/home/ros/ws/install/turtlebot3_node/share/turtlebot3_node/package.zsh'
[87.276s] Level 1:colcon.colcon_core.environment:create_file_with_runtime_dependencies(/home/ros/ws/install/turtlebot3_node/share/colcon-core/packages/turtlebot3_node)
[87.287s] INFO:colcon.colcon_ros.task.ament_cmake.build:Building ROS package in '/home/ros/ws/src/turtlebot3/turtlebot3_bringup' with build type 'ament_cmake'
[87.290s] INFO:colcon.colcon_cmake.task.cmake.build:Building CMake package in '/home/ros/ws/src/turtlebot3/turtlebot3_bringup'
[87.292s] INFO:colcon.colcon_core.shell:Skip shell extension 'powershell' for command environment: Not usable outside of PowerShell
[87.292s] DEBUG:colcon.colcon_core.shell:Skip shell extension 'dsv' for command environment
[87.455s] DEBUG:colcon.colcon_core.event_handler.log_command:Invoking command in '/home/ros/ws/build/turtlebot3_bringup': AMENT_PREFIX_PATH=/home/ros/ws/install/turtlebot3_node:/home/ros/ws/install/turtlebot3_description:${AMENT_PREFIX_PATH} CMAKE_PREFIX_PATH=/home/ros/ws/install/turtlebot3_node:/home/ros/ws/install/turtlebot3_description:/opt/ros/humble /usr/bin/cmake /home/ros/ws/src/turtlebot3/turtlebot3_bringup -DCMAKE_INSTALL_PREFIX=/home/ros/ws/install/turtlebot3_bringup
[89.915s] DEBUG:colcon.colcon_core.event_handler.log_command:Invoked command in '/home/ros/ws/build/turtlebot3_bringup' returned '0': AMENT_PREFIX_PATH=/home/ros/ws/install/turtlebot3_node:/home/ros/ws/install/turtlebot3_description:${AMENT_PREFIX_PATH} CMAKE_PREFIX_PATH=/home/ros/ws/install/turtlebot3_node:/home/ros/ws/install/turtlebot3_description:/opt/ros/humble /usr/bin/cmake /home/ros/ws/src/turtlebot3/turtlebot3_bringup -DCMAKE_INSTALL_PREFIX=/home/ros/ws/install/turtlebot3_bringup
[89.916s] DEBUG:colcon.colcon_core.event_handler.log_command:Invoking command in '/home/ros/ws/build/turtlebot3_bringup': AMENT_PREFIX_PATH=/home/ros/ws/install/turtlebot3_node:/home/ros/ws/install/turtlebot3_description:${AMENT_PREFIX_PATH} CMAKE_PREFIX_PATH=/home/ros/ws/install/turtlebot3_node:/home/ros/ws/install/turtlebot3_description:/opt/ros/humble /usr/bin/cmake --build /home/ros/ws/build/turtlebot3_bringup -- -j8 -l8
[89.950s] DEBUG:colcon.colcon_core.event_handler.log_command:Invoked command in '/home/ros/ws/build/turtlebot3_bringup' returned '0': AMENT_PREFIX_PATH=/home/ros/ws/install/turtlebot3_node:/home/ros/ws/install/turtlebot3_description:${AMENT_PREFIX_PATH} CMAKE_PREFIX_PATH=/home/ros/ws/install/turtlebot3_node:/home/ros/ws/install/turtlebot3_description:/opt/ros/humble /usr/bin/cmake --build /home/ros/ws/build/turtlebot3_bringup -- -j8 -l8
[89.955s] DEBUG:colcon.colcon_core.event_handler.log_command:Invoking command in '/home/ros/ws/build/turtlebot3_bringup': AMENT_PREFIX_PATH=/home/ros/ws/install/turtlebot3_node:/home/ros/ws/install/turtlebot3_description:${AMENT_PREFIX_PATH} CMAKE_PREFIX_PATH=/home/ros/ws/install/turtlebot3_node:/home/ros/ws/install/turtlebot3_description:/opt/ros/humble /usr/bin/cmake --install /home/ros/ws/build/turtlebot3_bringup
[89.973s] Level 1:colcon.colcon_core.environment:create_environment_scripts_only(turtlebot3_bringup)
[89.974s] Level 1:colcon.colcon_core.environment:checking '/home/ros/ws/install/turtlebot3_bringup' for CMake module files
[89.975s] DEBUG:colcon.colcon_core.event_handler.log_command:Invoked command in '/home/ros/ws/build/turtlebot3_bringup' returned '0': AMENT_PREFIX_PATH=/home/ros/ws/install/turtlebot3_node:/home/ros/ws/install/turtlebot3_description:${AMENT_PREFIX_PATH} CMAKE_PREFIX_PATH=/home/ros/ws/install/turtlebot3_node:/home/ros/ws/install/turtlebot3_description:/opt/ros/humble /usr/bin/cmake --install /home/ros/ws/build/turtlebot3_bringup
[89.975s] Level 1:colcon.colcon_core.environment:checking '/home/ros/ws/install/turtlebot3_bringup' for CMake config files
[89.975s] Level 1:colcon.colcon_core.shell:create_environment_hook('turtlebot3_bringup', 'cmake_prefix_path')
[89.976s] INFO:colcon.colcon_core.shell:Creating environment hook '/home/ros/ws/install/turtlebot3_bringup/share/turtlebot3_bringup/hook/cmake_prefix_path.ps1'
[89.977s] INFO:colcon.colcon_core.shell:Creating environment descriptor '/home/ros/ws/install/turtlebot3_bringup/share/turtlebot3_bringup/hook/cmake_prefix_path.dsv'
[89.978s] INFO:colcon.colcon_core.shell:Creating environment hook '/home/ros/ws/install/turtlebot3_bringup/share/turtlebot3_bringup/hook/cmake_prefix_path.sh'
[89.979s] Level 1:colcon.colcon_core.environment:checking '/home/ros/ws/install/turtlebot3_bringup/bin'
[89.979s] Level 1:colcon.colcon_core.environment:checking '/home/ros/ws/install/turtlebot3_bringup/lib/pkgconfig/turtlebot3_bringup.pc'
[89.980s] Level 1:colcon.colcon_core.environment:checking '/home/ros/ws/install/turtlebot3_bringup/lib/python3.10/site-packages'
[89.980s] Level 1:colcon.colcon_core.environment:checking '/home/ros/ws/install/turtlebot3_bringup/bin'
[89.981s] INFO:colcon.colcon_core.shell:Creating package script '/home/ros/ws/install/turtlebot3_bringup/share/turtlebot3_bringup/package.ps1'
[89.981s] INFO:colcon.colcon_core.shell:Creating package descriptor '/home/ros/ws/install/turtlebot3_bringup/share/turtlebot3_bringup/package.dsv'
[89.983s] INFO:colcon.colcon_core.shell:Creating package script '/home/ros/ws/install/turtlebot3_bringup/share/turtlebot3_bringup/package.sh'
[89.983s] INFO:colcon.colcon_core.shell:Creating package script '/home/ros/ws/install/turtlebot3_bringup/share/turtlebot3_bringup/package.bash'
[89.984s] INFO:colcon.colcon_core.shell:Creating package script '/home/ros/ws/install/turtlebot3_bringup/share/turtlebot3_bringup/package.zsh'
[89.985s] Level 1:colcon.colcon_core.environment:create_file_with_runtime_dependencies(/home/ros/ws/install/turtlebot3_bringup/share/colcon-core/packages/turtlebot3_bringup)
[89.987s] Level 1:colcon.colcon_core.environment:create_environment_scripts_only(turtlebot3_bringup)
[89.988s] Level 1:colcon.colcon_core.environment:checking '/home/ros/ws/install/turtlebot3_bringup' for CMake module files
[89.989s] Level 1:colcon.colcon_core.environment:checking '/home/ros/ws/install/turtlebot3_bringup' for CMake config files
[89.989s] Level 1:colcon.colcon_core.shell:create_environment_hook('turtlebot3_bringup', 'cmake_prefix_path')
[89.990s] INFO:colcon.colcon_core.shell:Creating environment hook '/home/ros/ws/install/turtlebot3_bringup/share/turtlebot3_bringup/hook/cmake_prefix_path.ps1'
[89.990s] INFO:colcon.colcon_core.shell:Creating environment descriptor '/home/ros/ws/install/turtlebot3_bringup/share/turtlebot3_bringup/hook/cmake_prefix_path.dsv'
[89.991s] INFO:colcon.colcon_core.shell:Creating environment hook '/home/ros/ws/install/turtlebot3_bringup/share/turtlebot3_bringup/hook/cmake_prefix_path.sh'
[89.992s] Level 1:colcon.colcon_core.environment:checking '/home/ros/ws/install/turtlebot3_bringup/bin'
[89.993s] Level 1:colcon.colcon_core.environment:checking '/home/ros/ws/install/turtlebot3_bringup/lib/pkgconfig/turtlebot3_bringup.pc'
[89.993s] Level 1:colcon.colcon_core.environment:checking '/home/ros/ws/install/turtlebot3_bringup/lib/python3.10/site-packages'
[89.993s] Level 1:colcon.colcon_core.environment:checking '/home/ros/ws/install/turtlebot3_bringup/bin'
[89.993s] INFO:colcon.colcon_core.shell:Creating package script '/home/ros/ws/install/turtlebot3_bringup/share/turtlebot3_bringup/package.ps1'
[89.994s] INFO:colcon.colcon_core.shell:Creating package descriptor '/home/ros/ws/install/turtlebot3_bringup/share/turtlebot3_bringup/package.dsv'
[89.995s] INFO:colcon.colcon_core.shell:Creating package script '/home/ros/ws/install/turtlebot3_bringup/share/turtlebot3_bringup/package.sh'
[89.995s] INFO:colcon.colcon_core.shell:Creating package script '/home/ros/ws/install/turtlebot3_bringup/share/turtlebot3_bringup/package.bash'
[89.996s] INFO:colcon.colcon_core.shell:Creating package script '/home/ros/ws/install/turtlebot3_bringup/share/turtlebot3_bringup/package.zsh'
[89.996s] Level 1:colcon.colcon_core.environment:create_file_with_runtime_dependencies(/home/ros/ws/install/turtlebot3_bringup/share/colcon-core/packages/turtlebot3_bringup)
[89.997s] INFO:colcon.colcon_ros.task.ament_cmake.build:Building ROS package in '/home/ros/ws/src/turtlebot3/turtlebot3' with build type 'ament_cmake'
[89.998s] INFO:colcon.colcon_cmake.task.cmake.build:Building CMake package in '/home/ros/ws/src/turtlebot3/turtlebot3'
[90.000s] INFO:colcon.colcon_core.shell:Skip shell extension 'powershell' for command environment: Not usable outside of PowerShell
[90.000s] DEBUG:colcon.colcon_core.shell:Skip shell extension 'dsv' for command environment
[90.553s] DEBUG:colcon.colcon_core.event_handler.log_command:Invoking command in '/home/ros/ws/build/turtlebot3': AMENT_PREFIX_PATH=/home/ros/ws/install/turtlebot3_bringup:/home/ros/ws/install/turtlebot3_teleop:/home/ros/ws/install/turtlebot3_node:/home/ros/ws/install/turtlebot3_navigation2:/home/ros/ws/install/turtlebot3_example:/home/ros/ws/install/turtlebot3_description:/home/ros/ws/install/turtlebot3_cartographer:${AMENT_PREFIX_PATH} CMAKE_PREFIX_PATH=/home/ros/ws/install/turtlebot3_bringup:/home/ros/ws/install/turtlebot3_node:/home/ros/ws/install/turtlebot3_navigation2:/home/ros/ws/install/turtlebot3_description:/home/ros/ws/install/turtlebot3_cartographer:/opt/ros/humble PYTHONPATH=/home/ros/ws/install/turtlebot3_teleop/lib/python3.10/site-packages:/home/ros/ws/install/turtlebot3_example/lib/python3.10/site-packages:${PYTHONPATH} /usr/bin/cmake /home/ros/ws/src/turtlebot3/turtlebot3 -DCMAKE_INSTALL_PREFIX=/home/ros/ws/install/turtlebot3
[92.767s] DEBUG:colcon.colcon_core.event_handler.log_command:Invoked command in '/home/ros/ws/build/turtlebot3' returned '0': AMENT_PREFIX_PATH=/home/ros/ws/install/turtlebot3_bringup:/home/ros/ws/install/turtlebot3_teleop:/home/ros/ws/install/turtlebot3_node:/home/ros/ws/install/turtlebot3_navigation2:/home/ros/ws/install/turtlebot3_example:/home/ros/ws/install/turtlebot3_description:/home/ros/ws/install/turtlebot3_cartographer:${AMENT_PREFIX_PATH} CMAKE_PREFIX_PATH=/home/ros/ws/install/turtlebot3_bringup:/home/ros/ws/install/turtlebot3_node:/home/ros/ws/install/turtlebot3_navigation2:/home/ros/ws/install/turtlebot3_description:/home/ros/ws/install/turtlebot3_cartographer:/opt/ros/humble PYTHONPATH=/home/ros/ws/install/turtlebot3_teleop/lib/python3.10/site-packages:/home/ros/ws/install/turtlebot3_example/lib/python3.10/site-packages:${PYTHONPATH} /usr/bin/cmake /home/ros/ws/src/turtlebot3/turtlebot3 -DCMAKE_INSTALL_PREFIX=/home/ros/ws/install/turtlebot3
[92.768s] DEBUG:colcon.colcon_core.event_handler.log_command:Invoking command in '/home/ros/ws/build/turtlebot3': AMENT_PREFIX_PATH=/home/ros/ws/install/turtlebot3_bringup:/home/ros/ws/install/turtlebot3_teleop:/home/ros/ws/install/turtlebot3_node:/home/ros/ws/install/turtlebot3_navigation2:/home/ros/ws/install/turtlebot3_example:/home/ros/ws/install/turtlebot3_description:/home/ros/ws/install/turtlebot3_cartographer:${AMENT_PREFIX_PATH} CMAKE_PREFIX_PATH=/home/ros/ws/install/turtlebot3_bringup:/home/ros/ws/install/turtlebot3_node:/home/ros/ws/install/turtlebot3_navigation2:/home/ros/ws/install/turtlebot3_description:/home/ros/ws/install/turtlebot3_cartographer:/opt/ros/humble PYTHONPATH=/home/ros/ws/install/turtlebot3_teleop/lib/python3.10/site-packages:/home/ros/ws/install/turtlebot3_example/lib/python3.10/site-packages:${PYTHONPATH} /usr/bin/cmake --build /home/ros/ws/build/turtlebot3 -- -j8 -l8
[92.810s] DEBUG:colcon.colcon_core.event_handler.log_command:Invoked command in '/home/ros/ws/build/turtlebot3' returned '0': AMENT_PREFIX_PATH=/home/ros/ws/install/turtlebot3_bringup:/home/ros/ws/install/turtlebot3_teleop:/home/ros/ws/install/turtlebot3_node:/home/ros/ws/install/turtlebot3_navigation2:/home/ros/ws/install/turtlebot3_example:/home/ros/ws/install/turtlebot3_description:/home/ros/ws/install/turtlebot3_cartographer:${AMENT_PREFIX_PATH} CMAKE_PREFIX_PATH=/home/ros/ws/install/turtlebot3_bringup:/home/ros/ws/install/turtlebot3_node:/home/ros/ws/install/turtlebot3_navigation2:/home/ros/ws/install/turtlebot3_description:/home/ros/ws/install/turtlebot3_cartographer:/opt/ros/humble PYTHONPATH=/home/ros/ws/install/turtlebot3_teleop/lib/python3.10/site-packages:/home/ros/ws/install/turtlebot3_example/lib/python3.10/site-packages:${PYTHONPATH} /usr/bin/cmake --build /home/ros/ws/build/turtlebot3 -- -j8 -l8
[92.814s] DEBUG:colcon.colcon_core.event_handler.log_command:Invoking command in '/home/ros/ws/build/turtlebot3': AMENT_PREFIX_PATH=/home/ros/ws/install/turtlebot3_bringup:/home/ros/ws/install/turtlebot3_teleop:/home/ros/ws/install/turtlebot3_node:/home/ros/ws/install/turtlebot3_navigation2:/home/ros/ws/install/turtlebot3_example:/home/ros/ws/install/turtlebot3_description:/home/ros/ws/install/turtlebot3_cartographer:${AMENT_PREFIX_PATH} CMAKE_PREFIX_PATH=/home/ros/ws/install/turtlebot3_bringup:/home/ros/ws/install/turtlebot3_node:/home/ros/ws/install/turtlebot3_navigation2:/home/ros/ws/install/turtlebot3_description:/home/ros/ws/install/turtlebot3_cartographer:/opt/ros/humble PYTHONPATH=/home/ros/ws/install/turtlebot3_teleop/lib/python3.10/site-packages:/home/ros/ws/install/turtlebot3_example/lib/python3.10/site-packages:${PYTHONPATH} /usr/bin/cmake --install /home/ros/ws/build/turtlebot3
[92.832s] Level 1:colcon.colcon_core.environment:create_environment_scripts_only(turtlebot3)
[92.833s] Level 1:colcon.colcon_core.environment:checking '/home/ros/ws/install/turtlebot3' for CMake module files
[92.834s] DEBUG:colcon.colcon_core.event_handler.log_command:Invoked command in '/home/ros/ws/build/turtlebot3' returned '0': AMENT_PREFIX_PATH=/home/ros/ws/install/turtlebot3_bringup:/home/ros/ws/install/turtlebot3_teleop:/home/ros/ws/install/turtlebot3_node:/home/ros/ws/install/turtlebot3_navigation2:/home/ros/ws/install/turtlebot3_example:/home/ros/ws/install/turtlebot3_description:/home/ros/ws/install/turtlebot3_cartographer:${AMENT_PREFIX_PATH} CMAKE_PREFIX_PATH=/home/ros/ws/install/turtlebot3_bringup:/home/ros/ws/install/turtlebot3_node:/home/ros/ws/install/turtlebot3_navigation2:/home/ros/ws/install/turtlebot3_description:/home/ros/ws/install/turtlebot3_cartographer:/opt/ros/humble PYTHONPATH=/home/ros/ws/install/turtlebot3_teleop/lib/python3.10/site-packages:/home/ros/ws/install/turtlebot3_example/lib/python3.10/site-packages:${PYTHONPATH} /usr/bin/cmake --install /home/ros/ws/build/turtlebot3
[92.835s] Level 1:colcon.colcon_core.environment:checking '/home/ros/ws/install/turtlebot3' for CMake config files
[92.836s] Level 1:colcon.colcon_core.shell:create_environment_hook('turtlebot3', 'cmake_prefix_path')
[92.837s] INFO:colcon.colcon_core.shell:Creating environment hook '/home/ros/ws/install/turtlebot3/share/turtlebot3/hook/cmake_prefix_path.ps1'
[92.837s] INFO:colcon.colcon_core.shell:Creating environment descriptor '/home/ros/ws/install/turtlebot3/share/turtlebot3/hook/cmake_prefix_path.dsv'
[92.838s] INFO:colcon.colcon_core.shell:Creating environment hook '/home/ros/ws/install/turtlebot3/share/turtlebot3/hook/cmake_prefix_path.sh'
[92.838s] Level 1:colcon.colcon_core.environment:checking '/home/ros/ws/install/turtlebot3/bin'
[92.839s] Level 1:colcon.colcon_core.environment:checking '/home/ros/ws/install/turtlebot3/lib/pkgconfig/turtlebot3.pc'
[92.839s] Level 1:colcon.colcon_core.environment:checking '/home/ros/ws/install/turtlebot3/lib/python3.10/site-packages'
[92.839s] Level 1:colcon.colcon_core.environment:checking '/home/ros/ws/install/turtlebot3/bin'
[92.840s] INFO:colcon.colcon_core.shell:Creating package script '/home/ros/ws/install/turtlebot3/share/turtlebot3/package.ps1'
[92.841s] INFO:colcon.colcon_core.shell:Creating package descriptor '/home/ros/ws/install/turtlebot3/share/turtlebot3/package.dsv'
[92.842s] INFO:colcon.colcon_core.shell:Creating package script '/home/ros/ws/install/turtlebot3/share/turtlebot3/package.sh'
[92.842s] INFO:colcon.colcon_core.shell:Creating package script '/home/ros/ws/install/turtlebot3/share/turtlebot3/package.bash'
[92.843s] INFO:colcon.colcon_core.shell:Creating package script '/home/ros/ws/install/turtlebot3/share/turtlebot3/package.zsh'
[92.843s] Level 1:colcon.colcon_core.environment:create_file_with_runtime_dependencies(/home/ros/ws/install/turtlebot3/share/colcon-core/packages/turtlebot3)
[92.845s] Level 1:colcon.colcon_core.environment:create_environment_scripts_only(turtlebot3)
[92.845s] Level 1:colcon.colcon_core.environment:checking '/home/ros/ws/install/turtlebot3' for CMake module files
[92.846s] Level 1:colcon.colcon_core.environment:checking '/home/ros/ws/install/turtlebot3' for CMake config files
[92.846s] Level 1:colcon.colcon_core.shell:create_environment_hook('turtlebot3', 'cmake_prefix_path')
[92.846s] INFO:colcon.colcon_core.shell:Creating environment hook '/home/ros/ws/install/turtlebot3/share/turtlebot3/hook/cmake_prefix_path.ps1'
[92.847s] INFO:colcon.colcon_core.shell:Creating environment descriptor '/home/ros/ws/install/turtlebot3/share/turtlebot3/hook/cmake_prefix_path.dsv'
[92.847s] INFO:colcon.colcon_core.shell:Creating environment hook '/home/ros/ws/install/turtlebot3/share/turtlebot3/hook/cmake_prefix_path.sh'
[92.848s] Level 1:colcon.colcon_core.environment:checking '/home/ros/ws/install/turtlebot3/bin'
[92.848s] Level 1:colcon.colcon_core.environment:checking '/home/ros/ws/install/turtlebot3/lib/pkgconfig/turtlebot3.pc'
[92.848s] Level 1:colcon.colcon_core.environment:checking '/home/ros/ws/install/turtlebot3/lib/python3.10/site-packages'
[92.849s] Level 1:colcon.colcon_core.environment:checking '/home/ros/ws/install/turtlebot3/bin'
[92.850s] INFO:colcon.colcon_core.shell:Creating package script '/home/ros/ws/install/turtlebot3/share/turtlebot3/package.ps1'
[92.852s] INFO:colcon.colcon_core.shell:Creating package descriptor '/home/ros/ws/install/turtlebot3/share/turtlebot3/package.dsv'
[92.853s] INFO:colcon.colcon_core.shell:Creating package script '/home/ros/ws/install/turtlebot3/share/turtlebot3/package.sh'
[92.853s] INFO:colcon.colcon_core.shell:Creating package script '/home/ros/ws/install/turtlebot3/share/turtlebot3/package.bash'
[92.854s] INFO:colcon.colcon_core.shell:Creating package script '/home/ros/ws/install/turtlebot3/share/turtlebot3/package.zsh'
[92.854s] Level 1:colcon.colcon_core.environment:create_file_with_runtime_dependencies(/home/ros/ws/install/turtlebot3/share/colcon-core/packages/turtlebot3)
[92.858s] DEBUG:colcon.colcon_parallel_executor.executor.parallel:closing loop
[92.862s] DEBUG:colcon.colcon_parallel_executor.executor.parallel:loop closed
[92.863s] DEBUG:colcon.colcon_parallel_executor.executor.parallel:run_until_complete finished with '0'
[92.865s] DEBUG:colcon.colcon_core.event_reactor:joining thread
[93.052s] INFO:colcon.colcon_core.plugin_system:Skipping extension 'colcon_notification.desktop_notification.notify_send': Could not find 'notify-send'
[93.052s] INFO:colcon.colcon_core.plugin_system:Skipping extension 'colcon_notification.desktop_notification.terminal_notifier': Not used on non-Darwin systems
[93.052s] INFO:colcon.colcon_core.plugin_system:Skipping extension 'colcon_notification.desktop_notification.win32': Not used on non-Windows systems
[93.053s] INFO:colcon.colcon_notification.desktop_notification:Sending desktop notification using 'notify2'
[93.053s] DEBUG:colcon.colcon_notification.desktop_notification.notify2:Failed to initialize notify2: org.freedesktop.DBus.Error.FileNotFound: Failed to connect to socket /run/user/1000/bus: No such file or directory
[93.054s] DEBUG:colcon.colcon_core.event_reactor:joined thread
[93.057s] INFO:colcon.colcon_core.shell:Creating prefix script '/home/ros/ws/install/local_setup.ps1'
[93.060s] INFO:colcon.colcon_core.shell:Creating prefix util module '/home/ros/ws/install/_local_setup_util_ps1.py'
[93.062s] INFO:colcon.colcon_core.shell:Creating prefix chain script '/home/ros/ws/install/setup.ps1'
[93.064s] INFO:colcon.colcon_core.shell:Creating prefix script '/home/ros/ws/install/local_setup.sh'
[93.065s] INFO:colcon.colcon_core.shell:Creating prefix util module '/home/ros/ws/install/_local_setup_util_sh.py'
[93.066s] INFO:colcon.colcon_core.shell:Creating prefix chain script '/home/ros/ws/install/setup.sh'
[93.068s] INFO:colcon.colcon_core.shell:Creating prefix script '/home/ros/ws/install/local_setup.bash'
[93.069s] INFO:colcon.colcon_core.shell:Creating prefix chain script '/home/ros/ws/install/setup.bash'
[93.072s] INFO:colcon.colcon_core.shell:Creating prefix script '/home/ros/ws/install/local_setup.zsh'
[93.074s] INFO:colcon.colcon_core.shell:Creating prefix chain script '/home/ros/ws/install/setup.zsh'
