[1.838s] Invoking command in '/home/ros/ws/src/detection_robot': PYTHONPATH=/home/ros/ws/build/detection_robot/prefix_override:/usr/lib/python3/dist-packages/colcon_core/task/python/colcon_distutils_commands:/home/ros/ws/install/detection_robot/lib/python3.10/site-packages:${PYTHONPATH} /usr/bin/python3 -W ignore:setup.py install is deprecated -W ignore:easy_install command is deprecated setup.py egg_info --egg-base ../../build/detection_robot build --build-base /home/ros/ws/build/detection_robot/build install --record /home/ros/ws/build/detection_robot/install.log --single-version-externally-managed install_data
[2.246s] running egg_info
[2.247s] writing ../../build/detection_robot/detection_robot.egg-info/PKG-INFO
[2.248s] writing dependency_links to ../../build/detection_robot/detection_robot.egg-info/dependency_links.txt
[2.248s] writing entry points to ../../build/detection_robot/detection_robot.egg-info/entry_points.txt
[2.248s] writing requirements to ../../build/detection_robot/detection_robot.egg-info/requires.txt
[2.249s] writing top-level names to ../../build/detection_robot/detection_robot.egg-info/top_level.txt
[2.252s] reading manifest file '../../build/detection_robot/detection_robot.egg-info/SOURCES.txt'
[2.253s] writing manifest file '../../build/detection_robot/detection_robot.egg-info/SOURCES.txt'
[2.254s] running build
[2.254s] running build_py
[2.254s] running install
[2.255s] running install_lib
[2.257s] running install_data
[2.257s] running install_egg_info
[2.260s] removing '/home/ros/ws/install/detection_robot/lib/python3.10/site-packages/detection_robot-0.0.0-py3.10.egg-info' (and everything under it)
[2.260s] Copying ../../build/detection_robot/detection_robot.egg-info to /home/ros/ws/install/detection_robot/lib/python3.10/site-packages/detection_robot-0.0.0-py3.10.egg-info
[2.262s] running install_scripts
[2.311s] Installing detection_robot script to /home/ros/ws/install/detection_robot/lib/detection_robot
[2.312s] writing list of installed files to '/home/ros/ws/build/detection_robot/install.log'
[2.386s] Invoked command in '/home/ros/ws/src/detection_robot' returned '0': PYTHONPATH=/home/ros/ws/build/detection_robot/prefix_override:/usr/lib/python3/dist-packages/colcon_core/task/python/colcon_distutils_commands:/home/ros/ws/install/detection_robot/lib/python3.10/site-packages:${PYTHONPATH} /usr/bin/python3 -W ignore:setup.py install is deprecated -W ignore:easy_install command is deprecated setup.py egg_info --egg-base ../../build/detection_robot build --build-base /home/ros/ws/build/detection_robot/build install --record /home/ros/ws/build/detection_robot/install.log --single-version-externally-managed install_data
