[0.280s] Invoking command in '/home/ros/ws/build/turtlebot3_node': CMAKE_PREFIX_PATH=${CMAKE_PREFIX_PATH}:/home/ros/ws/install/detection_robot:/home/ros/ws/install/turtlebot3_teleop:/home/ros/ws/install/turtlebot3_example:/opt/ros/humble /usr/bin/cmake --build /home/ros/ws/build/turtlebot3_node -- -j8 -l8
[2.546s] [ 85%] Built target turtlebot3_node_lib
[2.547s] [100%] Built target turtlebot3_ros
[3.737s] Invoked command in '/home/ros/ws/build/turtlebot3_node' returned '0': CMAKE_PREFIX_PATH=${CMAKE_PREFIX_PATH}:/home/ros/ws/install/detection_robot:/home/ros/ws/install/turtlebot3_teleop:/home/ros/ws/install/turtlebot3_example:/opt/ros/humble /usr/bin/cmake --build /home/ros/ws/build/turtlebot3_node -- -j8 -l8
[3.739s] Invoking command in '/home/ros/ws/build/turtlebot3_node': CMAKE_PREFIX_PATH=${CMAKE_PREFIX_PATH}:/home/ros/ws/install/detection_robot:/home/ros/ws/install/turtlebot3_teleop:/home/ros/ws/install/turtlebot3_example:/opt/ros/humble /usr/bin/cmake --install /home/ros/ws/build/turtlebot3_node
[3.916s] -- Install configuration: ""
[3.916s] -- Execute custom install script
[3.916s] -- Up-to-date symlink: /home/ros/ws/install/turtlebot3_node/share/turtlebot3_node/param/burger.yaml
[3.917s] -- Up-to-date symlink: /home/ros/ws/install/turtlebot3_node/share/turtlebot3_node/param/waffle.yaml
[3.917s] -- Up-to-date symlink: /home/ros/ws/install/turtlebot3_node/share/turtlebot3_node/param/waffle_pi.yaml
[3.917s] -- Up-to-date symlink: /home/ros/ws/install/turtlebot3_node/lib/turtlebot3_node/turtlebot3_ros
[3.917s] -- Up-to-date symlink: /home/ros/ws/install/turtlebot3_node/share/ament_index/resource_index/package_run_dependencies/turtlebot3_node
[3.917s] -- Up-to-date symlink: /home/ros/ws/install/turtlebot3_node/share/ament_index/resource_index/parent_prefix_path/turtlebot3_node
[3.918s] -- Up-to-date symlink: /home/ros/ws/install/turtlebot3_node/share/turtlebot3_node/environment/ament_prefix_path.sh
[3.918s] -- Up-to-date symlink: /home/ros/ws/install/turtlebot3_node/share/turtlebot3_node/environment/ament_prefix_path.dsv
[3.918s] -- Up-to-date symlink: /home/ros/ws/install/turtlebot3_node/share/turtlebot3_node/environment/path.sh
[3.918s] -- Up-to-date symlink: /home/ros/ws/install/turtlebot3_node/share/turtlebot3_node/environment/path.dsv
[3.918s] -- Up-to-date symlink: /home/ros/ws/install/turtlebot3_node/share/turtlebot3_node/local_setup.bash
[3.919s] -- Up-to-date symlink: /home/ros/ws/install/turtlebot3_node/share/turtlebot3_node/local_setup.sh
[3.919s] -- Up-to-date symlink: /home/ros/ws/install/turtlebot3_node/share/turtlebot3_node/local_setup.zsh
[3.919s] -- Up-to-date symlink: /home/ros/ws/install/turtlebot3_node/share/turtlebot3_node/local_setup.dsv
[3.919s] -- Symlinking: /home/ros/ws/install/turtlebot3_node/share/turtlebot3_node/package.dsv
[3.920s] -- Up-to-date symlink: /home/ros/ws/install/turtlebot3_node/share/ament_index/resource_index/packages/turtlebot3_node
[3.920s] -- Up-to-date symlink: /home/ros/ws/install/turtlebot3_node/share/turtlebot3_node/cmake/ament_cmake_export_include_directories-extras.cmake
[3.921s] -- Up-to-date symlink: /home/ros/ws/install/turtlebot3_node/share/turtlebot3_node/cmake/turtlebot3_nodeConfig.cmake
[3.921s] -- Up-to-date symlink: /home/ros/ws/install/turtlebot3_node/share/turtlebot3_node/cmake/turtlebot3_nodeConfig-version.cmake
[3.921s] -- Up-to-date symlink: /home/ros/ws/install/turtlebot3_node/share/turtlebot3_node/package.xml
[4.036s] Invoked command in '/home/ros/ws/build/turtlebot3_node' returned '0': CMAKE_PREFIX_PATH=${CMAKE_PREFIX_PATH}:/home/ros/ws/install/detection_robot:/home/ros/ws/install/turtlebot3_teleop:/home/ros/ws/install/turtlebot3_example:/opt/ros/humble /usr/bin/cmake --install /home/ros/ws/build/turtlebot3_node
