[5.602s] Invoking command in '/home/ros/ws/src/detection_robot': PYTHONPATH=/home/ros/ws/build/detection_robot/prefix_override:/usr/lib/python3/dist-packages/colcon_core/task/python/colcon_distutils_commands:/home/ros/ws/install/detection_robot/lib/python3.10/site-packages:${PYTHONPATH} /usr/bin/python3 -W ignore:setup.py install is deprecated -W ignore:easy_install command is deprecated setup.py egg_info --egg-base ../../build/detection_robot build --build-base /home/ros/ws/build/detection_robot/build install --record /home/ros/ws/build/detection_robot/install.log --single-version-externally-managed install_data
[6.669s] running egg_info
[6.672s] writing ../../build/detection_robot/detection_robot.egg-info/PKG-INFO
[6.672s] writing dependency_links to ../../build/detection_robot/detection_robot.egg-info/dependency_links.txt
[6.673s] writing entry points to ../../build/detection_robot/detection_robot.egg-info/entry_points.txt
[6.673s] writing requirements to ../../build/detection_robot/detection_robot.egg-info/requires.txt
[6.673s] writing top-level names to ../../build/detection_robot/detection_robot.egg-info/top_level.txt
[6.682s] reading manifest file '../../build/detection_robot/detection_robot.egg-info/SOURCES.txt'
[6.685s] writing manifest file '../../build/detection_robot/detection_robot.egg-info/SOURCES.txt'
[6.685s] running build
[6.685s] running build_py
[6.685s] copying detection_robot/detection_robot.py -> /home/ros/ws/build/detection_robot/build/lib/detection_robot
[6.686s] running install
[6.687s] running install_lib
[6.692s] copying /home/ros/ws/build/detection_robot/build/lib/detection_robot/detection_robot.py -> /home/ros/ws/install/detection_robot/lib/python3.10/site-packages/detection_robot
[6.695s] byte-compiling /home/ros/ws/install/detection_robot/lib/python3.10/site-packages/detection_robot/detection_robot.py to detection_robot.cpython-310.pyc
[6.699s] running install_data
[6.700s] running install_egg_info
[6.707s] removing '/home/ros/ws/install/detection_robot/lib/python3.10/site-packages/detection_robot-0.0.0-py3.10.egg-info' (and everything under it)
[6.707s] Copying ../../build/detection_robot/detection_robot.egg-info to /home/ros/ws/install/detection_robot/lib/python3.10/site-packages/detection_robot-0.0.0-py3.10.egg-info
[6.713s] running install_scripts
[6.816s] Installing detection_robot script to /home/ros/ws/install/detection_robot/lib/detection_robot
[6.818s] writing list of installed files to '/home/ros/ws/build/detection_robot/install.log'
[7.014s] Invoked command in '/home/ros/ws/src/detection_robot' returned '0': PYTHONPATH=/home/ros/ws/build/detection_robot/prefix_override:/usr/lib/python3/dist-packages/colcon_core/task/python/colcon_distutils_commands:/home/ros/ws/install/detection_robot/lib/python3.10/site-packages:${PYTHONPATH} /usr/bin/python3 -W ignore:setup.py install is deprecated -W ignore:easy_install command is deprecated setup.py egg_info --egg-base ../../build/detection_robot build --build-base /home/ros/ws/build/detection_robot/build install --record /home/ros/ws/build/detection_robot/install.log --single-version-externally-managed install_data
