running egg_info
writing ../../build/control_coordination/control_coordination.egg-info/PKG-INFO
writing dependency_links to ../../build/control_coordination/control_coordination.egg-info/dependency_links.txt
writing entry points to ../../build/control_coordination/control_coordination.egg-info/entry_points.txt
writing requirements to ../../build/control_coordination/control_coordination.egg-info/requires.txt
writing top-level names to ../../build/control_coordination/control_coordination.egg-info/top_level.txt
reading manifest file '../../build/control_coordination/control_coordination.egg-info/SOURCES.txt'
writing manifest file '../../build/control_coordination/control_coordination.egg-info/SOURCES.txt'
running build
running build_py
running install
running install_lib
running install_data
creating /home/ros/ws/install/control_coordination/share/control_coordination/launch
copying launch/general_launch.py -> /home/ros/ws/install/control_coordination/share/control_coordination/launch
running install_egg_info
removing '/home/ros/ws/install/control_coordination/lib/python3.10/site-packages/control_coordination-0.0.0-py3.10.egg-info' (and everything under it)
Copying ../../build/control_coordination/control_coordination.egg-info to /home/ros/ws/install/control_coordination/lib/python3.10/site-packages/control_coordination-0.0.0-py3.10.egg-info
running install_scripts
Installing control_coordination script to /home/ros/ws/install/control_coordination/lib/control_coordination
writing list of installed files to '/home/ros/ws/build/control_coordination/install.log'
