[0.032s] Invoking command in '/home/ros/ws/build/turtlebot3_cartographer': CMAKE_PREFIX_PATH=/opt/ros/humble /usr/bin/cmake /home/ros/ws/src/turtlebot3/turtlebot3_cartographer -DAMENT_CMAKE_SYMLINK_INSTALL=1 -DCMAKE_INSTALL_PREFIX=/home/ros/ws/install/turtlebot3_cartographer
[0.289s] -- The C compiler identification is GNU 11.4.0
[0.813s] -- The CXX compiler identification is GNU 11.4.0
[1.067s] -- Detecting C compiler ABI info
[1.263s] -- Detecting C compiler ABI info - done
[1.269s] -- Check for working C compiler: /usr/bin/cc - skipped
[1.270s] -- Detecting C compile features
[1.271s] -- Detecting C compile features - done
[1.276s] -- Detecting CXX compiler ABI info
[1.472s] -- Detecting CXX compiler ABI info - done
[1.481s] -- Check for working CXX compiler: /usr/bin/c++ - skipped
[1.482s] -- Detecting CXX compile features
[1.483s] -- Detecting CXX compile features - done
[1.499s] -- Found ament_cmake: 1.3.11 (/opt/ros/humble/share/ament_cmake/cmake)
[1.718s] -- Found Python3: /usr/bin/python3 (found version "3.10.12") found components: Interpreter 
[1.801s] -- Override CMake install command with custom implementation using symlinks instead of copying resources
[1.945s] -- Configuring done
[1.949s] -- Generating done
[1.950s] -- Build files have been written to: /home/ros/ws/build/turtlebot3_cartographer
[1.954s] Invoked command in '/home/ros/ws/build/turtlebot3_cartographer' returned '0': CMAKE_PREFIX_PATH=/opt/ros/humble /usr/bin/cmake /home/ros/ws/src/turtlebot3/turtlebot3_cartographer -DAMENT_CMAKE_SYMLINK_INSTALL=1 -DCMAKE_INSTALL_PREFIX=/home/ros/ws/install/turtlebot3_cartographer
[1.957s] Invoking command in '/home/ros/ws/build/turtlebot3_cartographer': CMAKE_PREFIX_PATH=/opt/ros/humble /usr/bin/cmake --build /home/ros/ws/build/turtlebot3_cartographer -- -j8 -l8
[1.993s] Invoked command in '/home/ros/ws/build/turtlebot3_cartographer' returned '0': CMAKE_PREFIX_PATH=/opt/ros/humble /usr/bin/cmake --build /home/ros/ws/build/turtlebot3_cartographer -- -j8 -l8
[2.002s] Invoking command in '/home/ros/ws/build/turtlebot3_cartographer': CMAKE_PREFIX_PATH=/opt/ros/humble /usr/bin/cmake --install /home/ros/ws/build/turtlebot3_cartographer
[2.010s] -- Install configuration: ""
[2.010s] -- Execute custom install script
[2.011s] -- Symlinking: /home/ros/ws/install/turtlebot3_cartographer/share/turtlebot3_cartographer/config/turtlebot3_lds_2d.lua
[2.020s] -- Symlinking: /home/ros/ws/install/turtlebot3_cartographer/share/turtlebot3_cartographer/launch/cartographer.launch.py
[2.029s] -- Symlinking: /home/ros/ws/install/turtlebot3_cartographer/share/turtlebot3_cartographer/launch/occupancy_grid.launch.py
[2.038s] -- Symlinking: /home/ros/ws/install/turtlebot3_cartographer/share/turtlebot3_cartographer/rviz/tb3_cartographer.rviz
[2.048s] -- Symlinking: /home/ros/ws/install/turtlebot3_cartographer/share/ament_index/resource_index/package_run_dependencies/turtlebot3_cartographer
[2.058s] -- Symlinking: /home/ros/ws/install/turtlebot3_cartographer/share/ament_index/resource_index/parent_prefix_path/turtlebot3_cartographer
[2.071s] -- Symlinking: /home/ros/ws/install/turtlebot3_cartographer/share/turtlebot3_cartographer/environment/ament_prefix_path.sh
[2.079s] -- Symlinking: /home/ros/ws/install/turtlebot3_cartographer/share/turtlebot3_cartographer/environment/ament_prefix_path.dsv
[2.089s] -- Symlinking: /home/ros/ws/install/turtlebot3_cartographer/share/turtlebot3_cartographer/environment/path.sh
[2.097s] -- Symlinking: /home/ros/ws/install/turtlebot3_cartographer/share/turtlebot3_cartographer/environment/path.dsv
[2.108s] -- Symlinking: /home/ros/ws/install/turtlebot3_cartographer/share/turtlebot3_cartographer/local_setup.bash
[2.116s] -- Symlinking: /home/ros/ws/install/turtlebot3_cartographer/share/turtlebot3_cartographer/local_setup.sh
[2.123s] -- Symlinking: /home/ros/ws/install/turtlebot3_cartographer/share/turtlebot3_cartographer/local_setup.zsh
[2.133s] -- Symlinking: /home/ros/ws/install/turtlebot3_cartographer/share/turtlebot3_cartographer/local_setup.dsv
[2.141s] -- Symlinking: /home/ros/ws/install/turtlebot3_cartographer/share/turtlebot3_cartographer/package.dsv
[2.154s] -- Symlinking: /home/ros/ws/install/turtlebot3_cartographer/share/ament_index/resource_index/packages/turtlebot3_cartographer
[2.163s] -- Symlinking: /home/ros/ws/install/turtlebot3_cartographer/share/turtlebot3_cartographer/cmake/turtlebot3_cartographerConfig.cmake
[2.171s] -- Symlinking: /home/ros/ws/install/turtlebot3_cartographer/share/turtlebot3_cartographer/cmake/turtlebot3_cartographerConfig-version.cmake
[2.181s] -- Symlinking: /home/ros/ws/install/turtlebot3_cartographer/share/turtlebot3_cartographer/package.xml
[2.194s] Invoked command in '/home/ros/ws/build/turtlebot3_cartographer' returned '0': CMAKE_PREFIX_PATH=/opt/ros/humble /usr/bin/cmake --install /home/ros/ws/build/turtlebot3_cartographer
