[1.978s] Invoking command in '/home/ros/ws/build/turtlebot3': AMENT_PREFIX_PATH=/home/ros/ws/install/turtlebot3_teleop:/home/ros/ws/install/turtlebot3_example:/home/ros/ws/install/turtlebot3:/home/ros/ws/install/turtlebot3_bringup:/home/ros/ws/install/turtlebot3_node:/home/ros/ws/install/turtlebot3_navigation2:/home/ros/ws/install/turtlebot3_description:/home/ros/ws/install/turtlebot3_cartographer:/opt/ros/humble CMAKE_PREFIX_PATH=/home/ros/ws/install/turtlebot3_bringup:/home/ros/ws/install/turtlebot3_node:/home/ros/ws/install/turtlebot3_navigation2:/home/ros/ws/install/turtlebot3_description:/home/ros/ws/install/turtlebot3_cartographer:/home/ros/ws/install/turtlebot3:/home/ros/ws/install/turtlebot3_teleop:/home/ros/ws/install/turtlebot3_example:/opt/ros/humble /usr/bin/cmake --build /home/ros/ws/build/turtlebot3 -- -j8 -l8
[2.018s] Invoked command in '/home/ros/ws/build/turtlebot3' returned '0': AMENT_PREFIX_PATH=/home/ros/ws/install/turtlebot3_teleop:/home/ros/ws/install/turtlebot3_example:/home/ros/ws/install/turtlebot3:/home/ros/ws/install/turtlebot3_bringup:/home/ros/ws/install/turtlebot3_node:/home/ros/ws/install/turtlebot3_navigation2:/home/ros/ws/install/turtlebot3_description:/home/ros/ws/install/turtlebot3_cartographer:/opt/ros/humble CMAKE_PREFIX_PATH=/home/ros/ws/install/turtlebot3_bringup:/home/ros/ws/install/turtlebot3_node:/home/ros/ws/install/turtlebot3_navigation2:/home/ros/ws/install/turtlebot3_description:/home/ros/ws/install/turtlebot3_cartographer:/home/ros/ws/install/turtlebot3:/home/ros/ws/install/turtlebot3_teleop:/home/ros/ws/install/turtlebot3_example:/opt/ros/humble /usr/bin/cmake --build /home/ros/ws/build/turtlebot3 -- -j8 -l8
[2.022s] Invoking command in '/home/ros/ws/build/turtlebot3': AMENT_PREFIX_PATH=/home/ros/ws/install/turtlebot3_teleop:/home/ros/ws/install/turtlebot3_example:/home/ros/ws/install/turtlebot3:/home/ros/ws/install/turtlebot3_bringup:/home/ros/ws/install/turtlebot3_node:/home/ros/ws/install/turtlebot3_navigation2:/home/ros/ws/install/turtlebot3_description:/home/ros/ws/install/turtlebot3_cartographer:/opt/ros/humble CMAKE_PREFIX_PATH=/home/ros/ws/install/turtlebot3_bringup:/home/ros/ws/install/turtlebot3_node:/home/ros/ws/install/turtlebot3_navigation2:/home/ros/ws/install/turtlebot3_description:/home/ros/ws/install/turtlebot3_cartographer:/home/ros/ws/install/turtlebot3:/home/ros/ws/install/turtlebot3_teleop:/home/ros/ws/install/turtlebot3_example:/opt/ros/humble /usr/bin/cmake --install /home/ros/ws/build/turtlebot3
[2.032s] -- Install configuration: ""
[2.033s] -- Up-to-date: /home/ros/ws/install/turtlebot3/share/ament_index/resource_index/package_run_dependencies/turtlebot3
[2.033s] -- Up-to-date: /home/ros/ws/install/turtlebot3/share/ament_index/resource_index/parent_prefix_path/turtlebot3
[2.033s] -- Up-to-date: /home/ros/ws/install/turtlebot3/share/turtlebot3/environment/ament_prefix_path.sh
[2.033s] -- Up-to-date: /home/ros/ws/install/turtlebot3/share/turtlebot3/environment/ament_prefix_path.dsv
[2.034s] -- Up-to-date: /home/ros/ws/install/turtlebot3/share/turtlebot3/environment/path.sh
[2.034s] -- Up-to-date: /home/ros/ws/install/turtlebot3/share/turtlebot3/environment/path.dsv
[2.034s] -- Up-to-date: /home/ros/ws/install/turtlebot3/share/turtlebot3/local_setup.bash
[2.034s] -- Up-to-date: /home/ros/ws/install/turtlebot3/share/turtlebot3/local_setup.sh
[2.034s] -- Up-to-date: /home/ros/ws/install/turtlebot3/share/turtlebot3/local_setup.zsh
[2.035s] -- Up-to-date: /home/ros/ws/install/turtlebot3/share/turtlebot3/local_setup.dsv
[2.035s] -- Installing: /home/ros/ws/install/turtlebot3/share/turtlebot3/package.dsv
[2.035s] -- Up-to-date: /home/ros/ws/install/turtlebot3/share/ament_index/resource_index/packages/turtlebot3
[2.035s] -- Up-to-date: /home/ros/ws/install/turtlebot3/share/turtlebot3/cmake/turtlebot3Config.cmake
[2.035s] -- Up-to-date: /home/ros/ws/install/turtlebot3/share/turtlebot3/cmake/turtlebot3Config-version.cmake
[2.035s] -- Up-to-date: /home/ros/ws/install/turtlebot3/share/turtlebot3/package.xml
[2.037s] Invoked command in '/home/ros/ws/build/turtlebot3' returned '0': AMENT_PREFIX_PATH=/home/ros/ws/install/turtlebot3_teleop:/home/ros/ws/install/turtlebot3_example:/home/ros/ws/install/turtlebot3:/home/ros/ws/install/turtlebot3_bringup:/home/ros/ws/install/turtlebot3_node:/home/ros/ws/install/turtlebot3_navigation2:/home/ros/ws/install/turtlebot3_description:/home/ros/ws/install/turtlebot3_cartographer:/opt/ros/humble CMAKE_PREFIX_PATH=/home/ros/ws/install/turtlebot3_bringup:/home/ros/ws/install/turtlebot3_node:/home/ros/ws/install/turtlebot3_navigation2:/home/ros/ws/install/turtlebot3_description:/home/ros/ws/install/turtlebot3_cartographer:/home/ros/ws/install/turtlebot3:/home/ros/ws/install/turtlebot3_teleop:/home/ros/ws/install/turtlebot3_example:/opt/ros/humble /usr/bin/cmake --install /home/ros/ws/build/turtlebot3
