[0.415s] Invoking command in '/home/ros/ws/build/turtlebot3_navigation2': CMAKE_PREFIX_PATH=/opt/ros/humble /usr/bin/cmake --build /home/ros/ws/build/turtlebot3_navigation2 -- -j8 -l8
[0.756s] Invoked command in '/home/ros/ws/build/turtlebot3_navigation2' returned '0': CMAKE_PREFIX_PATH=/opt/ros/humble /usr/bin/cmake --build /home/ros/ws/build/turtlebot3_navigation2 -- -j8 -l8
[0.772s] Invoking command in '/home/ros/ws/build/turtlebot3_navigation2': CMAKE_PREFIX_PATH=/opt/ros/humble /usr/bin/cmake --install /home/ros/ws/build/turtlebot3_navigation2
[0.780s] -- Install configuration: ""
[0.780s] -- Execute custom install script
[0.781s] -- Up-to-date symlink: /home/ros/ws/install/turtlebot3_navigation2/share/turtlebot3_navigation2/launch/navigation2.launch.py
[0.784s] -- Up-to-date symlink: /home/ros/ws/install/turtlebot3_navigation2/share/turtlebot3_navigation2/map/map.pgm
[0.792s] -- Up-to-date symlink: /home/ros/ws/install/turtlebot3_navigation2/share/turtlebot3_navigation2/map/map.yaml
[0.793s] -- Up-to-date symlink: /home/ros/ws/install/turtlebot3_navigation2/share/turtlebot3_navigation2/param/burger.yaml
[0.793s] -- Up-to-date symlink: /home/ros/ws/install/turtlebot3_navigation2/share/turtlebot3_navigation2/param/waffle.yaml
[0.793s] -- Up-to-date symlink: /home/ros/ws/install/turtlebot3_navigation2/share/turtlebot3_navigation2/param/waffle_pi.yaml
[0.794s] -- Up-to-date symlink: /home/ros/ws/install/turtlebot3_navigation2/share/turtlebot3_navigation2/rviz/tb3_navigation2.rviz
[0.794s] -- Up-to-date symlink: /home/ros/ws/install/turtlebot3_navigation2/share/ament_index/resource_index/package_run_dependencies/turtlebot3_navigation2
[0.794s] -- Up-to-date symlink: /home/ros/ws/install/turtlebot3_navigation2/share/ament_index/resource_index/parent_prefix_path/turtlebot3_navigation2
[0.794s] -- Up-to-date symlink: /home/ros/ws/install/turtlebot3_navigation2/share/turtlebot3_navigation2/environment/ament_prefix_path.sh
[0.794s] -- Up-to-date symlink: /home/ros/ws/install/turtlebot3_navigation2/share/turtlebot3_navigation2/environment/ament_prefix_path.dsv
[0.794s] -- Up-to-date symlink: /home/ros/ws/install/turtlebot3_navigation2/share/turtlebot3_navigation2/environment/path.sh
[0.795s] -- Up-to-date symlink: /home/ros/ws/install/turtlebot3_navigation2/share/turtlebot3_navigation2/environment/path.dsv
[0.798s] -- Up-to-date symlink: /home/ros/ws/install/turtlebot3_navigation2/share/turtlebot3_navigation2/local_setup.bash
[0.798s] -- Up-to-date symlink: /home/ros/ws/install/turtlebot3_navigation2/share/turtlebot3_navigation2/local_setup.sh
[0.799s] -- Up-to-date symlink: /home/ros/ws/install/turtlebot3_navigation2/share/turtlebot3_navigation2/local_setup.zsh
[0.799s] -- Up-to-date symlink: /home/ros/ws/install/turtlebot3_navigation2/share/turtlebot3_navigation2/local_setup.dsv
[0.800s] -- Symlinking: /home/ros/ws/install/turtlebot3_navigation2/share/turtlebot3_navigation2/package.dsv
[0.804s] -- Up-to-date symlink: /home/ros/ws/install/turtlebot3_navigation2/share/ament_index/resource_index/packages/turtlebot3_navigation2
[0.804s] -- Up-to-date symlink: /home/ros/ws/install/turtlebot3_navigation2/share/turtlebot3_navigation2/cmake/turtlebot3_navigation2Config.cmake
[0.804s] -- Up-to-date symlink: /home/ros/ws/install/turtlebot3_navigation2/share/turtlebot3_navigation2/cmake/turtlebot3_navigation2Config-version.cmake
[0.805s] -- Up-to-date symlink: /home/ros/ws/install/turtlebot3_navigation2/share/turtlebot3_navigation2/package.xml
[0.860s] Invoked command in '/home/ros/ws/build/turtlebot3_navigation2' returned '0': CMAKE_PREFIX_PATH=/opt/ros/humble /usr/bin/cmake --install /home/ros/ws/build/turtlebot3_navigation2
